{"C:\\Users\\TS\\OneDrive\\Desktop\\Node\\Package_tacking\\Package_Track\\Package_Tracking.js": {"path":"C:\\Users\\TS\\OneDrive\\Desktop\\Node\\Package_tacking\\Package_Track\\Package_Tracking.js","all":false,"statementMap":{"0":{"start":{"line":1,"column":0},"end":{"line":1,"column":35}},"1":{"start":{"line":2,"column":0},"end":{"line":2,"column":63}},"2":{"start":{"line":3,"column":0},"end":{"line":3,"column":59}},"3":{"start":{"line":4,"column":0},"end":{"line":4,"column":74}},"4":{"start":{"line":5,"column":0},"end":{"line":5,"column":42}},"5":{"start":{"line":6,"column":0},"end":{"line":6,"column":59}},"6":{"start":{"line":7,"column":0},"end":{"line":7,"column":29}},"7":{"start":{"line":8,"column":0},"end":{"line":8,"column":0}},"8":{"start":{"line":9,"column":0},"end":{"line":9,"column":0}},"9":{"start":{"line":10,"column":0},"end":{"line":10,"column":47}},"10":{"start":{"line":11,"column":0},"end":{"line":11,"column":23}},"11":{"start":{"line":12,"column":0},"end":{"line":12,"column":34}},"12":{"start":{"line":13,"column":0},"end":{"line":13,"column":56}},"13":{"start":{"line":14,"column":0},"end":{"line":14,"column":3}},"14":{"start":{"line":15,"column":0},"end":{"line":15,"column":0}},"15":{"start":{"line":16,"column":0},"end":{"line":16,"column":27}},"16":{"start":{"line":17,"column":0},"end":{"line":17,"column":34}},"17":{"start":{"line":18,"column":0},"end":{"line":18,"column":54}},"18":{"start":{"line":19,"column":0},"end":{"line":19,"column":34}},"19":{"start":{"line":20,"column":0},"end":{"line":20,"column":34}},"20":{"start":{"line":21,"column":0},"end":{"line":21,"column":99}},"21":{"start":{"line":22,"column":0},"end":{"line":22,"column":48}},"22":{"start":{"line":23,"column":0},"end":{"line":23,"column":90}},"23":{"start":{"line":24,"column":0},"end":{"line":24,"column":12}},"24":{"start":{"line":25,"column":0},"end":{"line":25,"column":21}},"25":{"start":{"line":26,"column":0},"end":{"line":26,"column":5}},"26":{"start":{"line":27,"column":0},"end":{"line":27,"column":4}},"27":{"start":{"line":28,"column":0},"end":{"line":28,"column":3}},"28":{"start":{"line":29,"column":0},"end":{"line":29,"column":0}},"29":{"start":{"line":30,"column":0},"end":{"line":30,"column":3}},"30":{"start":{"line":31,"column":0},"end":{"line":31,"column":11}},"31":{"start":{"line":32,"column":0},"end":{"line":32,"column":14}},"32":{"start":{"line":33,"column":0},"end":{"line":33,"column":13}},"33":{"start":{"line":34,"column":0},"end":{"line":34,"column":15}},"34":{"start":{"line":35,"column":0},"end":{"line":35,"column":21}},"35":{"start":{"line":36,"column":0},"end":{"line":36,"column":18}},"36":{"start":{"line":37,"column":0},"end":{"line":37,"column":19}},"37":{"start":{"line":38,"column":0},"end":{"line":38,"column":23}},"38":{"start":{"line":39,"column":0},"end":{"line":39,"column":24}},"39":{"start":{"line":40,"column":0},"end":{"line":40,"column":19}},"40":{"start":{"line":41,"column":0},"end":{"line":41,"column":24}},"41":{"start":{"line":42,"column":0},"end":{"line":42,"column":27}},"42":{"start":{"line":43,"column":0},"end":{"line":43,"column":18}},"43":{"start":{"line":44,"column":0},"end":{"line":44,"column":20}},"44":{"start":{"line":45,"column":0},"end":{"line":45,"column":26}},"45":{"start":{"line":46,"column":0},"end":{"line":46,"column":25}},"46":{"start":{"line":47,"column":0},"end":{"line":47,"column":63}},"47":{"start":{"line":48,"column":0},"end":{"line":48,"column":18}},"48":{"start":{"line":49,"column":0},"end":{"line":49,"column":25}},"49":{"start":{"line":50,"column":0},"end":{"line":50,"column":66}},"50":{"start":{"line":51,"column":0},"end":{"line":51,"column":21}},"51":{"start":{"line":52,"column":0},"end":{"line":52,"column":25}},"52":{"start":{"line":53,"column":0},"end":{"line":53,"column":30}},"53":{"start":{"line":54,"column":0},"end":{"line":54,"column":59}},"54":{"start":{"line":55,"column":0},"end":{"line":55,"column":22}},"55":{"start":{"line":56,"column":0},"end":{"line":56,"column":25}},"56":{"start":{"line":57,"column":0},"end":{"line":57,"column":37}},"57":{"start":{"line":58,"column":0},"end":{"line":58,"column":57}},"58":{"start":{"line":59,"column":0},"end":{"line":59,"column":23}},"59":{"start":{"line":60,"column":0},"end":{"line":60,"column":25}},"60":{"start":{"line":61,"column":0},"end":{"line":61,"column":65}},"61":{"start":{"line":62,"column":0},"end":{"line":62,"column":18}},"62":{"start":{"line":63,"column":0},"end":{"line":63,"column":25}},"63":{"start":{"line":64,"column":0},"end":{"line":64,"column":37}},"64":{"start":{"line":65,"column":0},"end":{"line":65,"column":57}},"65":{"start":{"line":66,"column":0},"end":{"line":66,"column":23}},"66":{"start":{"line":67,"column":0},"end":{"line":67,"column":25}},"67":{"start":{"line":68,"column":0},"end":{"line":68,"column":37}},"68":{"start":{"line":69,"column":0},"end":{"line":69,"column":57}},"69":{"start":{"line":70,"column":0},"end":{"line":70,"column":23}},"70":{"start":{"line":71,"column":0},"end":{"line":71,"column":25}},"71":{"start":{"line":72,"column":0},"end":{"line":72,"column":26}},"72":{"start":{"line":73,"column":0},"end":{"line":73,"column":25}},"73":{"start":{"line":74,"column":0},"end":{"line":74,"column":66}},"74":{"start":{"line":75,"column":0},"end":{"line":75,"column":17}},"75":{"start":{"line":76,"column":0},"end":{"line":76,"column":25}},"76":{"start":{"line":77,"column":0},"end":{"line":77,"column":59}},"77":{"start":{"line":78,"column":0},"end":{"line":78,"column":20}},"78":{"start":{"line":79,"column":0},"end":{"line":79,"column":25}},"79":{"start":{"line":80,"column":0},"end":{"line":80,"column":24}},"80":{"start":{"line":81,"column":0},"end":{"line":81,"column":20}},"81":{"start":{"line":82,"column":0},"end":{"line":82,"column":29}},"82":{"start":{"line":83,"column":0},"end":{"line":83,"column":31}},"83":{"start":{"line":84,"column":0},"end":{"line":84,"column":27}},"84":{"start":{"line":85,"column":0},"end":{"line":85,"column":29}},"85":{"start":{"line":86,"column":0},"end":{"line":86,"column":86}},"86":{"start":{"line":87,"column":0},"end":{"line":87,"column":20}},"87":{"start":{"line":88,"column":0},"end":{"line":88,"column":29}},"88":{"start":{"line":89,"column":0},"end":{"line":89,"column":33}},"89":{"start":{"line":90,"column":0},"end":{"line":90,"column":17}},"90":{"start":{"line":91,"column":0},"end":{"line":91,"column":31}},"91":{"start":{"line":92,"column":0},"end":{"line":92,"column":32}},"92":{"start":{"line":93,"column":0},"end":{"line":93,"column":29}},"93":{"start":{"line":94,"column":0},"end":{"line":94,"column":25}},"94":{"start":{"line":95,"column":0},"end":{"line":95,"column":35}},"95":{"start":{"line":96,"column":0},"end":{"line":96,"column":32}},"96":{"start":{"line":97,"column":0},"end":{"line":97,"column":31}},"97":{"start":{"line":98,"column":0},"end":{"line":98,"column":21}},"98":{"start":{"line":99,"column":0},"end":{"line":99,"column":3}},"99":{"start":{"line":100,"column":0},"end":{"line":100,"column":0}},"100":{"start":{"line":101,"column":0},"end":{"line":101,"column":3}},"101":{"start":{"line":102,"column":0},"end":{"line":102,"column":11}},"102":{"start":{"line":103,"column":0},"end":{"line":103,"column":8}},"103":{"start":{"line":104,"column":0},"end":{"line":104,"column":19}},"104":{"start":{"line":105,"column":0},"end":{"line":105,"column":43}},"105":{"start":{"line":106,"column":0},"end":{"line":106,"column":3}},"106":{"start":{"line":107,"column":0},"end":{"line":107,"column":0}},"107":{"start":{"line":108,"column":0},"end":{"line":108,"column":3}},"108":{"start":{"line":109,"column":0},"end":{"line":109,"column":11}},"109":{"start":{"line":110,"column":0},"end":{"line":110,"column":14}},"110":{"start":{"line":111,"column":0},"end":{"line":111,"column":10}},"111":{"start":{"line":112,"column":0},"end":{"line":112,"column":36}},"112":{"start":{"line":113,"column":0},"end":{"line":113,"column":23}},"113":{"start":{"line":114,"column":0},"end":{"line":114,"column":19}},"114":{"start":{"line":115,"column":0},"end":{"line":115,"column":23}},"115":{"start":{"line":116,"column":0},"end":{"line":116,"column":17}},"116":{"start":{"line":117,"column":0},"end":{"line":117,"column":28}},"117":{"start":{"line":118,"column":0},"end":{"line":118,"column":20}},"118":{"start":{"line":119,"column":0},"end":{"line":119,"column":51}},"119":{"start":{"line":120,"column":0},"end":{"line":120,"column":17}},"120":{"start":{"line":121,"column":0},"end":{"line":121,"column":13}},"121":{"start":{"line":122,"column":0},"end":{"line":122,"column":60}},"122":{"start":{"line":123,"column":0},"end":{"line":123,"column":19}},"123":{"start":{"line":124,"column":0},"end":{"line":124,"column":30}},"124":{"start":{"line":125,"column":0},"end":{"line":125,"column":22}},"125":{"start":{"line":126,"column":0},"end":{"line":126,"column":53}},"126":{"start":{"line":127,"column":0},"end":{"line":127,"column":13}},"127":{"start":{"line":128,"column":0},"end":{"line":128,"column":40}},"128":{"start":{"line":129,"column":0},"end":{"line":129,"column":13}},"129":{"start":{"line":130,"column":0},"end":{"line":130,"column":43}},"130":{"start":{"line":131,"column":0},"end":{"line":131,"column":13}},"131":{"start":{"line":132,"column":0},"end":{"line":132,"column":41}},"132":{"start":{"line":133,"column":0},"end":{"line":133,"column":3}},"133":{"start":{"line":134,"column":0},"end":{"line":134,"column":0}},"134":{"start":{"line":135,"column":0},"end":{"line":135,"column":38}},"135":{"start":{"line":136,"column":0},"end":{"line":136,"column":45}},"136":{"start":{"line":137,"column":0},"end":{"line":137,"column":99}},"137":{"start":{"line":138,"column":0},"end":{"line":138,"column":0}},"138":{"start":{"line":139,"column":0},"end":{"line":139,"column":117}},"139":{"start":{"line":140,"column":0},"end":{"line":140,"column":2}},"140":{"start":{"line":141,"column":0},"end":{"line":141,"column":29}},"141":{"start":{"line":142,"column":0},"end":{"line":142,"column":39}},"142":{"start":{"line":143,"column":0},"end":{"line":143,"column":27}},"143":{"start":{"line":144,"column":0},"end":{"line":144,"column":35}},"144":{"start":{"line":145,"column":0},"end":{"line":145,"column":23}},"145":{"start":{"line":146,"column":0},"end":{"line":146,"column":52}},"146":{"start":{"line":147,"column":0},"end":{"line":147,"column":23}},"147":{"start":{"line":148,"column":0},"end":{"line":148,"column":9}},"148":{"start":{"line":149,"column":0},"end":{"line":149,"column":5}},"149":{"start":{"line":150,"column":0},"end":{"line":150,"column":3}},"150":{"start":{"line":151,"column":0},"end":{"line":151,"column":0}},"151":{"start":{"line":152,"column":0},"end":{"line":152,"column":26}},"152":{"start":{"line":153,"column":0},"end":{"line":153,"column":80}},"153":{"start":{"line":154,"column":0},"end":{"line":154,"column":40}},"154":{"start":{"line":155,"column":0},"end":{"line":155,"column":33}},"155":{"start":{"line":156,"column":0},"end":{"line":156,"column":21}},"156":{"start":{"line":157,"column":0},"end":{"line":157,"column":87}},"157":{"start":{"line":158,"column":0},"end":{"line":158,"column":7}},"158":{"start":{"line":159,"column":0},"end":{"line":159,"column":3}},"159":{"start":{"line":160,"column":0},"end":{"line":160,"column":0}},"160":{"start":{"line":161,"column":0},"end":{"line":161,"column":58}},"161":{"start":{"line":162,"column":0},"end":{"line":162,"column":36}},"162":{"start":{"line":163,"column":0},"end":{"line":163,"column":36}},"163":{"start":{"line":164,"column":0},"end":{"line":164,"column":33}},"164":{"start":{"line":165,"column":0},"end":{"line":165,"column":21}},"165":{"start":{"line":166,"column":0},"end":{"line":166,"column":65}},"166":{"start":{"line":167,"column":0},"end":{"line":167,"column":7}},"167":{"start":{"line":168,"column":0},"end":{"line":168,"column":3}},"168":{"start":{"line":169,"column":0},"end":{"line":169,"column":32}},"169":{"start":{"line":170,"column":0},"end":{"line":170,"column":33}},"170":{"start":{"line":171,"column":0},"end":{"line":171,"column":21}},"171":{"start":{"line":172,"column":0},"end":{"line":172,"column":61}},"172":{"start":{"line":173,"column":0},"end":{"line":173,"column":7}},"173":{"start":{"line":174,"column":0},"end":{"line":174,"column":3}},"174":{"start":{"line":175,"column":0},"end":{"line":175,"column":37}},"175":{"start":{"line":176,"column":0},"end":{"line":176,"column":33}},"176":{"start":{"line":177,"column":0},"end":{"line":177,"column":21}},"177":{"start":{"line":178,"column":0},"end":{"line":178,"column":66}},"178":{"start":{"line":179,"column":0},"end":{"line":179,"column":7}},"179":{"start":{"line":180,"column":0},"end":{"line":180,"column":3}},"180":{"start":{"line":181,"column":0},"end":{"line":181,"column":0}},"181":{"start":{"line":182,"column":0},"end":{"line":182,"column":28}},"182":{"start":{"line":183,"column":0},"end":{"line":183,"column":122}},"183":{"start":{"line":184,"column":0},"end":{"line":184,"column":33}},"184":{"start":{"line":185,"column":0},"end":{"line":185,"column":21}},"185":{"start":{"line":186,"column":0},"end":{"line":186,"column":86}},"186":{"start":{"line":187,"column":0},"end":{"line":187,"column":7}},"187":{"start":{"line":188,"column":0},"end":{"line":188,"column":3}},"188":{"start":{"line":189,"column":0},"end":{"line":189,"column":0}},"189":{"start":{"line":190,"column":0},"end":{"line":190,"column":95}},"190":{"start":{"line":191,"column":0},"end":{"line":191,"column":33}},"191":{"start":{"line":192,"column":0},"end":{"line":192,"column":21}},"192":{"start":{"line":193,"column":0},"end":{"line":193,"column":77}},"193":{"start":{"line":194,"column":0},"end":{"line":194,"column":7}},"194":{"start":{"line":195,"column":0},"end":{"line":195,"column":3}},"195":{"start":{"line":196,"column":0},"end":{"line":196,"column":0}},"196":{"start":{"line":197,"column":0},"end":{"line":197,"column":9}},"197":{"start":{"line":198,"column":0},"end":{"line":198,"column":2}},"198":{"start":{"line":199,"column":0},"end":{"line":199,"column":0}},"199":{"start":{"line":200,"column":0},"end":{"line":200,"column":0}},"200":{"start":{"line":201,"column":0},"end":{"line":201,"column":71}},"201":{"start":{"line":202,"column":0},"end":{"line":202,"column":7}},"202":{"start":{"line":203,"column":0},"end":{"line":203,"column":69}},"203":{"start":{"line":204,"column":0},"end":{"line":204,"column":21}},"204":{"start":{"line":205,"column":0},"end":{"line":205,"column":70}},"205":{"start":{"line":206,"column":0},"end":{"line":206,"column":5}},"206":{"start":{"line":207,"column":0},"end":{"line":207,"column":0}},"207":{"start":{"line":208,"column":0},"end":{"line":208,"column":47}},"208":{"start":{"line":209,"column":0},"end":{"line":209,"column":45}},"209":{"start":{"line":210,"column":0},"end":{"line":210,"column":0}},"210":{"start":{"line":211,"column":0},"end":{"line":211,"column":49}},"211":{"start":{"line":212,"column":0},"end":{"line":212,"column":0}},"212":{"start":{"line":213,"column":0},"end":{"line":213,"column":26}},"213":{"start":{"line":214,"column":0},"end":{"line":214,"column":20}},"214":{"start":{"line":215,"column":0},"end":{"line":215,"column":47}},"215":{"start":{"line":216,"column":0},"end":{"line":216,"column":25}},"216":{"start":{"line":217,"column":0},"end":{"line":217,"column":7}},"217":{"start":{"line":218,"column":0},"end":{"line":218,"column":19}},"218":{"start":{"line":219,"column":0},"end":{"line":219,"column":16}},"219":{"start":{"line":220,"column":0},"end":{"line":220,"column":3}},"220":{"start":{"line":221,"column":0},"end":{"line":221,"column":3}},"221":{"start":{"line":222,"column":0},"end":{"line":222,"column":0}},"222":{"start":{"line":223,"column":0},"end":{"line":223,"column":0}},"223":{"start":{"line":224,"column":0},"end":{"line":224,"column":0}},"224":{"start":{"line":225,"column":0},"end":{"line":225,"column":3}},"225":{"start":{"line":226,"column":0},"end":{"line":226,"column":11}},"226":{"start":{"line":227,"column":0},"end":{"line":227,"column":13}},"227":{"start":{"line":228,"column":0},"end":{"line":228,"column":9}},"228":{"start":{"line":229,"column":0},"end":{"line":229,"column":37}},"229":{"start":{"line":230,"column":0},"end":{"line":230,"column":23}},"230":{"start":{"line":231,"column":0},"end":{"line":231,"column":17}},"231":{"start":{"line":232,"column":0},"end":{"line":232,"column":13}},"232":{"start":{"line":233,"column":0},"end":{"line":233,"column":44}},"233":{"start":{"line":234,"column":0},"end":{"line":234,"column":19}},"234":{"start":{"line":235,"column":0},"end":{"line":235,"column":30}},"235":{"start":{"line":236,"column":0},"end":{"line":236,"column":22}},"236":{"start":{"line":237,"column":0},"end":{"line":237,"column":28}},"237":{"start":{"line":238,"column":0},"end":{"line":238,"column":23}},"238":{"start":{"line":239,"column":0},"end":{"line":239,"column":55}},"239":{"start":{"line":240,"column":0},"end":{"line":240,"column":3}},"240":{"start":{"line":241,"column":0},"end":{"line":241,"column":0}},"241":{"start":{"line":242,"column":0},"end":{"line":242,"column":19}},"242":{"start":{"line":243,"column":0},"end":{"line":243,"column":53}},"243":{"start":{"line":244,"column":0},"end":{"line":244,"column":7}},"244":{"start":{"line":245,"column":0},"end":{"line":245,"column":75}},"245":{"start":{"line":246,"column":0},"end":{"line":246,"column":4}},"246":{"start":{"line":247,"column":0},"end":{"line":247,"column":52}},"247":{"start":{"line":248,"column":0},"end":{"line":248,"column":19}},"248":{"start":{"line":249,"column":0},"end":{"line":249,"column":41}},"249":{"start":{"line":250,"column":0},"end":{"line":250,"column":25}},"250":{"start":{"line":251,"column":0},"end":{"line":251,"column":31}},"251":{"start":{"line":252,"column":0},"end":{"line":252,"column":33}},"252":{"start":{"line":253,"column":0},"end":{"line":253,"column":35}},"253":{"start":{"line":254,"column":0},"end":{"line":254,"column":25}},"254":{"start":{"line":255,"column":0},"end":{"line":255,"column":35}},"255":{"start":{"line":256,"column":0},"end":{"line":256,"column":35}},"256":{"start":{"line":257,"column":0},"end":{"line":257,"column":41}},"257":{"start":{"line":258,"column":0},"end":{"line":258,"column":23}},"258":{"start":{"line":259,"column":0},"end":{"line":259,"column":32}},"259":{"start":{"line":260,"column":0},"end":{"line":260,"column":46}},"260":{"start":{"line":261,"column":0},"end":{"line":261,"column":32}},"261":{"start":{"line":262,"column":0},"end":{"line":262,"column":14}},"262":{"start":{"line":263,"column":0},"end":{"line":263,"column":8}},"263":{"start":{"line":264,"column":0},"end":{"line":264,"column":4}},"264":{"start":{"line":265,"column":0},"end":{"line":265,"column":44}},"265":{"start":{"line":266,"column":0},"end":{"line":266,"column":19}},"266":{"start":{"line":267,"column":0},"end":{"line":267,"column":59}},"267":{"start":{"line":268,"column":0},"end":{"line":268,"column":3}},"268":{"start":{"line":269,"column":0},"end":{"line":269,"column":3}},"269":{"start":{"line":270,"column":0},"end":{"line":270,"column":2}},"270":{"start":{"line":271,"column":0},"end":{"line":271,"column":5}},"271":{"start":{"line":272,"column":0},"end":{"line":272,"column":11}},"272":{"start":{"line":273,"column":0},"end":{"line":273,"column":30}},"273":{"start":{"line":274,"column":0},"end":{"line":274,"column":9}},"274":{"start":{"line":275,"column":0},"end":{"line":275,"column":48}},"275":{"start":{"line":276,"column":0},"end":{"line":276,"column":23}},"276":{"start":{"line":277,"column":0},"end":{"line":277,"column":18}},"277":{"start":{"line":278,"column":0},"end":{"line":278,"column":19}},"278":{"start":{"line":279,"column":0},"end":{"line":279,"column":31}},"279":{"start":{"line":280,"column":0},"end":{"line":280,"column":18}},"280":{"start":{"line":281,"column":0},"end":{"line":281,"column":25}},"281":{"start":{"line":282,"column":0},"end":{"line":282,"column":25}},"282":{"start":{"line":283,"column":0},"end":{"line":283,"column":58}},"283":{"start":{"line":284,"column":0},"end":{"line":284,"column":17}},"284":{"start":{"line":285,"column":0},"end":{"line":285,"column":13}},"285":{"start":{"line":286,"column":0},"end":{"line":286,"column":40}},"286":{"start":{"line":287,"column":0},"end":{"line":287,"column":19}},"287":{"start":{"line":288,"column":0},"end":{"line":288,"column":30}},"288":{"start":{"line":289,"column":0},"end":{"line":289,"column":22}},"289":{"start":{"line":290,"column":0},"end":{"line":290,"column":53}},"290":{"start":{"line":291,"column":0},"end":{"line":291,"column":13}},"291":{"start":{"line":292,"column":0},"end":{"line":292,"column":41}},"292":{"start":{"line":293,"column":0},"end":{"line":293,"column":3}},"293":{"start":{"line":294,"column":0},"end":{"line":294,"column":0}},"294":{"start":{"line":295,"column":0},"end":{"line":295,"column":36}},"295":{"start":{"line":296,"column":0},"end":{"line":296,"column":70}},"296":{"start":{"line":297,"column":0},"end":{"line":297,"column":9}},"297":{"start":{"line":298,"column":0},"end":{"line":298,"column":41}},"298":{"start":{"line":299,"column":0},"end":{"line":299,"column":50}},"299":{"start":{"line":300,"column":0},"end":{"line":300,"column":33}},"300":{"start":{"line":301,"column":0},"end":{"line":301,"column":6}},"301":{"start":{"line":302,"column":0},"end":{"line":302,"column":39}},"302":{"start":{"line":303,"column":0},"end":{"line":303,"column":82}},"303":{"start":{"line":304,"column":0},"end":{"line":304,"column":57}},"304":{"start":{"line":305,"column":0},"end":{"line":305,"column":7}},"305":{"start":{"line":306,"column":0},"end":{"line":306,"column":6}},"306":{"start":{"line":307,"column":0},"end":{"line":307,"column":56}},"307":{"start":{"line":308,"column":0},"end":{"line":308,"column":34}},"308":{"start":{"line":309,"column":0},"end":{"line":309,"column":21}},"309":{"start":{"line":310,"column":0},"end":{"line":310,"column":76}},"310":{"start":{"line":311,"column":0},"end":{"line":311,"column":25}},"311":{"start":{"line":312,"column":0},"end":{"line":312,"column":5}},"312":{"start":{"line":313,"column":0},"end":{"line":313,"column":5}},"313":{"start":{"line":314,"column":0},"end":{"line":314,"column":0}},"314":{"start":{"line":315,"column":0},"end":{"line":315,"column":0}},"315":{"start":{"line":316,"column":0},"end":{"line":316,"column":3}},"316":{"start":{"line":317,"column":0},"end":{"line":317,"column":11}},"317":{"start":{"line":318,"column":0},"end":{"line":318,"column":30}},"318":{"start":{"line":319,"column":0},"end":{"line":319,"column":9}},"319":{"start":{"line":320,"column":0},"end":{"line":320,"column":51}},"320":{"start":{"line":321,"column":0},"end":{"line":321,"column":23}},"321":{"start":{"line":322,"column":0},"end":{"line":322,"column":18}},"322":{"start":{"line":323,"column":0},"end":{"line":323,"column":19}},"323":{"start":{"line":324,"column":0},"end":{"line":324,"column":31}},"324":{"start":{"line":325,"column":0},"end":{"line":325,"column":18}},"325":{"start":{"line":326,"column":0},"end":{"line":326,"column":25}},"326":{"start":{"line":327,"column":0},"end":{"line":327,"column":25}},"327":{"start":{"line":328,"column":0},"end":{"line":328,"column":68}},"328":{"start":{"line":329,"column":0},"end":{"line":329,"column":19}},"329":{"start":{"line":330,"column":0},"end":{"line":330,"column":23}},"330":{"start":{"line":331,"column":0},"end":{"line":331,"column":17}},"331":{"start":{"line":332,"column":0},"end":{"line":332,"column":28}},"332":{"start":{"line":333,"column":0},"end":{"line":333,"column":20}},"333":{"start":{"line":334,"column":0},"end":{"line":334,"column":51}},"334":{"start":{"line":335,"column":0},"end":{"line":335,"column":17}},"335":{"start":{"line":336,"column":0},"end":{"line":336,"column":13}},"336":{"start":{"line":337,"column":0},"end":{"line":337,"column":60}},"337":{"start":{"line":338,"column":0},"end":{"line":338,"column":13}},"338":{"start":{"line":339,"column":0},"end":{"line":339,"column":41}},"339":{"start":{"line":340,"column":0},"end":{"line":340,"column":3}},"340":{"start":{"line":341,"column":0},"end":{"line":341,"column":0}},"341":{"start":{"line":342,"column":0},"end":{"line":342,"column":49}},"342":{"start":{"line":343,"column":0},"end":{"line":343,"column":70}},"343":{"start":{"line":344,"column":0},"end":{"line":344,"column":9}},"344":{"start":{"line":345,"column":0},"end":{"line":345,"column":60}},"345":{"start":{"line":346,"column":0},"end":{"line":346,"column":54}},"346":{"start":{"line":347,"column":0},"end":{"line":347,"column":61}},"347":{"start":{"line":348,"column":0},"end":{"line":348,"column":112}},"348":{"start":{"line":349,"column":0},"end":{"line":349,"column":32}},"349":{"start":{"line":350,"column":0},"end":{"line":350,"column":2}},"350":{"start":{"line":351,"column":0},"end":{"line":351,"column":28}},"351":{"start":{"line":352,"column":0},"end":{"line":352,"column":37}},"352":{"start":{"line":353,"column":0},"end":{"line":353,"column":25}},"353":{"start":{"line":354,"column":0},"end":{"line":354,"column":40}},"354":{"start":{"line":355,"column":0},"end":{"line":355,"column":11}},"355":{"start":{"line":356,"column":0},"end":{"line":356,"column":7}},"356":{"start":{"line":357,"column":0},"end":{"line":357,"column":2}},"357":{"start":{"line":358,"column":0},"end":{"line":358,"column":28}},"358":{"start":{"line":359,"column":0},"end":{"line":359,"column":22}},"359":{"start":{"line":360,"column":0},"end":{"line":360,"column":49}},"360":{"start":{"line":361,"column":0},"end":{"line":361,"column":29}},"361":{"start":{"line":362,"column":0},"end":{"line":362,"column":9}},"362":{"start":{"line":363,"column":0},"end":{"line":363,"column":21}},"363":{"start":{"line":364,"column":0},"end":{"line":364,"column":25}},"364":{"start":{"line":365,"column":0},"end":{"line":365,"column":5}},"365":{"start":{"line":366,"column":0},"end":{"line":366,"column":5}},"366":{"start":{"line":367,"column":0},"end":{"line":367,"column":2}},"367":{"start":{"line":368,"column":0},"end":{"line":368,"column":3}},"368":{"start":{"line":369,"column":0},"end":{"line":369,"column":11}},"369":{"start":{"line":370,"column":0},"end":{"line":370,"column":30}},"370":{"start":{"line":371,"column":0},"end":{"line":371,"column":11}},"371":{"start":{"line":372,"column":0},"end":{"line":372,"column":61}},"372":{"start":{"line":373,"column":0},"end":{"line":373,"column":23}},"373":{"start":{"line":374,"column":0},"end":{"line":374,"column":18}},"374":{"start":{"line":375,"column":0},"end":{"line":375,"column":19}},"375":{"start":{"line":376,"column":0},"end":{"line":376,"column":31}},"376":{"start":{"line":377,"column":0},"end":{"line":377,"column":18}},"377":{"start":{"line":378,"column":0},"end":{"line":378,"column":25}},"378":{"start":{"line":379,"column":0},"end":{"line":379,"column":25}},"379":{"start":{"line":380,"column":0},"end":{"line":380,"column":68}},"380":{"start":{"line":381,"column":0},"end":{"line":381,"column":19}},"381":{"start":{"line":382,"column":0},"end":{"line":382,"column":23}},"382":{"start":{"line":383,"column":0},"end":{"line":383,"column":17}},"383":{"start":{"line":384,"column":0},"end":{"line":384,"column":28}},"384":{"start":{"line":385,"column":0},"end":{"line":385,"column":20}},"385":{"start":{"line":386,"column":0},"end":{"line":386,"column":51}},"386":{"start":{"line":387,"column":0},"end":{"line":387,"column":17}},"387":{"start":{"line":388,"column":0},"end":{"line":388,"column":13}},"388":{"start":{"line":389,"column":0},"end":{"line":389,"column":62}},"389":{"start":{"line":390,"column":0},"end":{"line":390,"column":19}},"390":{"start":{"line":391,"column":0},"end":{"line":391,"column":30}},"391":{"start":{"line":392,"column":0},"end":{"line":392,"column":22}},"392":{"start":{"line":393,"column":0},"end":{"line":393,"column":53}},"393":{"start":{"line":394,"column":0},"end":{"line":394,"column":13}},"394":{"start":{"line":395,"column":0},"end":{"line":395,"column":41}},"395":{"start":{"line":396,"column":0},"end":{"line":396,"column":3}},"396":{"start":{"line":397,"column":0},"end":{"line":397,"column":0}},"397":{"start":{"line":398,"column":0},"end":{"line":398,"column":30}},"398":{"start":{"line":399,"column":0},"end":{"line":399,"column":72}},"399":{"start":{"line":400,"column":0},"end":{"line":400,"column":9}},"400":{"start":{"line":401,"column":0},"end":{"line":401,"column":49}},"401":{"start":{"line":402,"column":0},"end":{"line":402,"column":54}},"402":{"start":{"line":403,"column":0},"end":{"line":403,"column":36}},"403":{"start":{"line":404,"column":0},"end":{"line":404,"column":42}},"404":{"start":{"line":405,"column":0},"end":{"line":405,"column":8}},"405":{"start":{"line":406,"column":0},"end":{"line":406,"column":17}},"406":{"start":{"line":407,"column":0},"end":{"line":407,"column":37}},"407":{"start":{"line":408,"column":0},"end":{"line":408,"column":25}},"408":{"start":{"line":409,"column":0},"end":{"line":409,"column":40}},"409":{"start":{"line":410,"column":0},"end":{"line":410,"column":11}},"410":{"start":{"line":411,"column":0},"end":{"line":411,"column":7}},"411":{"start":{"line":412,"column":0},"end":{"line":412,"column":28}},"412":{"start":{"line":413,"column":0},"end":{"line":413,"column":22}},"413":{"start":{"line":414,"column":0},"end":{"line":414,"column":56}},"414":{"start":{"line":415,"column":0},"end":{"line":415,"column":18}},"415":{"start":{"line":416,"column":0},"end":{"line":416,"column":9}},"416":{"start":{"line":417,"column":0},"end":{"line":417,"column":21}},"417":{"start":{"line":418,"column":0},"end":{"line":418,"column":25}},"418":{"start":{"line":419,"column":0},"end":{"line":419,"column":5}},"419":{"start":{"line":420,"column":0},"end":{"line":420,"column":5}},"420":{"start":{"line":421,"column":0},"end":{"line":421,"column":2}},"421":{"start":{"line":422,"column":0},"end":{"line":422,"column":3}},"422":{"start":{"line":423,"column":0},"end":{"line":423,"column":11}},"423":{"start":{"line":424,"column":0},"end":{"line":424,"column":30}},"424":{"start":{"line":425,"column":0},"end":{"line":425,"column":12}},"425":{"start":{"line":426,"column":0},"end":{"line":426,"column":51}},"426":{"start":{"line":427,"column":0},"end":{"line":427,"column":23}},"427":{"start":{"line":428,"column":0},"end":{"line":428,"column":18}},"428":{"start":{"line":429,"column":0},"end":{"line":429,"column":19}},"429":{"start":{"line":430,"column":0},"end":{"line":430,"column":31}},"430":{"start":{"line":431,"column":0},"end":{"line":431,"column":18}},"431":{"start":{"line":432,"column":0},"end":{"line":432,"column":25}},"432":{"start":{"line":433,"column":0},"end":{"line":433,"column":25}},"433":{"start":{"line":434,"column":0},"end":{"line":434,"column":68}},"434":{"start":{"line":435,"column":0},"end":{"line":435,"column":17}},"435":{"start":{"line":436,"column":0},"end":{"line":436,"column":13}},"436":{"start":{"line":437,"column":0},"end":{"line":437,"column":52}},"437":{"start":{"line":438,"column":0},"end":{"line":438,"column":13}},"438":{"start":{"line":439,"column":0},"end":{"line":439,"column":41}},"439":{"start":{"line":440,"column":0},"end":{"line":440,"column":3}},"440":{"start":{"line":441,"column":0},"end":{"line":441,"column":0}},"441":{"start":{"line":442,"column":0},"end":{"line":442,"column":21}},"442":{"start":{"line":443,"column":0},"end":{"line":443,"column":73}},"443":{"start":{"line":444,"column":0},"end":{"line":444,"column":9}},"444":{"start":{"line":445,"column":0},"end":{"line":445,"column":50}},"445":{"start":{"line":446,"column":0},"end":{"line":446,"column":50}},"446":{"start":{"line":447,"column":0},"end":{"line":447,"column":9}},"447":{"start":{"line":448,"column":0},"end":{"line":448,"column":17}},"448":{"start":{"line":449,"column":0},"end":{"line":449,"column":37}},"449":{"start":{"line":450,"column":0},"end":{"line":450,"column":25}},"450":{"start":{"line":451,"column":0},"end":{"line":451,"column":40}},"451":{"start":{"line":452,"column":0},"end":{"line":452,"column":11}},"452":{"start":{"line":453,"column":0},"end":{"line":453,"column":7}},"453":{"start":{"line":454,"column":0},"end":{"line":454,"column":28}},"454":{"start":{"line":455,"column":0},"end":{"line":455,"column":22}},"455":{"start":{"line":456,"column":0},"end":{"line":456,"column":49}},"456":{"start":{"line":457,"column":0},"end":{"line":457,"column":9}},"457":{"start":{"line":458,"column":0},"end":{"line":458,"column":21}},"458":{"start":{"line":459,"column":0},"end":{"line":459,"column":25}},"459":{"start":{"line":460,"column":0},"end":{"line":460,"column":5}},"460":{"start":{"line":461,"column":0},"end":{"line":461,"column":5}},"461":{"start":{"line":462,"column":0},"end":{"line":462,"column":0}},"462":{"start":{"line":463,"column":0},"end":{"line":463,"column":5}},"463":{"start":{"line":464,"column":0},"end":{"line":464,"column":11}},"464":{"start":{"line":465,"column":0},"end":{"line":465,"column":22}},"465":{"start":{"line":466,"column":0},"end":{"line":466,"column":10}},"466":{"start":{"line":467,"column":0},"end":{"line":467,"column":36}},"467":{"start":{"line":468,"column":0},"end":{"line":468,"column":23}},"468":{"start":{"line":469,"column":0},"end":{"line":469,"column":19}},"469":{"start":{"line":470,"column":0},"end":{"line":470,"column":23}},"470":{"start":{"line":471,"column":0},"end":{"line":471,"column":17}},"471":{"start":{"line":472,"column":0},"end":{"line":472,"column":28}},"472":{"start":{"line":473,"column":0},"end":{"line":473,"column":20}},"473":{"start":{"line":474,"column":0},"end":{"line":474,"column":27}},"474":{"start":{"line":475,"column":0},"end":{"line":475,"column":26}},"475":{"start":{"line":476,"column":0},"end":{"line":476,"column":26}},"476":{"start":{"line":477,"column":0},"end":{"line":477,"column":30}},"477":{"start":{"line":478,"column":0},"end":{"line":478,"column":25}},"478":{"start":{"line":479,"column":0},"end":{"line":479,"column":57}},"479":{"start":{"line":480,"column":0},"end":{"line":480,"column":17}},"480":{"start":{"line":481,"column":0},"end":{"line":481,"column":13}},"481":{"start":{"line":482,"column":0},"end":{"line":482,"column":58}},"482":{"start":{"line":483,"column":0},"end":{"line":483,"column":13}},"483":{"start":{"line":484,"column":0},"end":{"line":484,"column":41}},"484":{"start":{"line":485,"column":0},"end":{"line":485,"column":3}},"485":{"start":{"line":486,"column":0},"end":{"line":486,"column":64}},"486":{"start":{"line":487,"column":0},"end":{"line":487,"column":9}},"487":{"start":{"line":488,"column":0},"end":{"line":488,"column":38}},"488":{"start":{"line":489,"column":0},"end":{"line":489,"column":2}},"489":{"start":{"line":490,"column":0},"end":{"line":490,"column":58}},"490":{"start":{"line":491,"column":0},"end":{"line":491,"column":51}},"491":{"start":{"line":492,"column":0},"end":{"line":492,"column":80}},"492":{"start":{"line":493,"column":0},"end":{"line":493,"column":29}},"493":{"start":{"line":494,"column":0},"end":{"line":494,"column":101}},"494":{"start":{"line":495,"column":0},"end":{"line":495,"column":13}},"495":{"start":{"line":496,"column":0},"end":{"line":496,"column":9}},"496":{"start":{"line":497,"column":0},"end":{"line":497,"column":2}},"497":{"start":{"line":498,"column":0},"end":{"line":498,"column":60}},"498":{"start":{"line":499,"column":0},"end":{"line":499,"column":123}},"499":{"start":{"line":500,"column":0},"end":{"line":500,"column":82}},"500":{"start":{"line":501,"column":0},"end":{"line":501,"column":2}},"501":{"start":{"line":502,"column":0},"end":{"line":502,"column":45}},"502":{"start":{"line":503,"column":0},"end":{"line":503,"column":51}},"503":{"start":{"line":504,"column":0},"end":{"line":504,"column":62}},"504":{"start":{"line":505,"column":0},"end":{"line":505,"column":9}},"505":{"start":{"line":506,"column":0},"end":{"line":506,"column":2}},"506":{"start":{"line":507,"column":0},"end":{"line":507,"column":31}},"507":{"start":{"line":508,"column":0},"end":{"line":508,"column":93}},"508":{"start":{"line":509,"column":0},"end":{"line":509,"column":30}},"509":{"start":{"line":510,"column":0},"end":{"line":510,"column":26}},"510":{"start":{"line":511,"column":0},"end":{"line":511,"column":54}},"511":{"start":{"line":512,"column":0},"end":{"line":512,"column":25}},"512":{"start":{"line":513,"column":0},"end":{"line":513,"column":11}},"513":{"start":{"line":514,"column":0},"end":{"line":514,"column":2}},"514":{"start":{"line":515,"column":0},"end":{"line":515,"column":21}},"515":{"start":{"line":516,"column":0},"end":{"line":516,"column":27}},"516":{"start":{"line":517,"column":0},"end":{"line":517,"column":5}},"517":{"start":{"line":518,"column":0},"end":{"line":518,"column":5}},"518":{"start":{"line":519,"column":0},"end":{"line":519,"column":0}},"519":{"start":{"line":520,"column":0},"end":{"line":520,"column":3}},"520":{"start":{"line":521,"column":0},"end":{"line":521,"column":11}},"521":{"start":{"line":522,"column":0},"end":{"line":522,"column":20}},"522":{"start":{"line":523,"column":0},"end":{"line":523,"column":10}},"523":{"start":{"line":524,"column":0},"end":{"line":524,"column":56}},"524":{"start":{"line":525,"column":0},"end":{"line":525,"column":23}},"525":{"start":{"line":526,"column":0},"end":{"line":526,"column":19}},"526":{"start":{"line":527,"column":0},"end":{"line":527,"column":23}},"527":{"start":{"line":528,"column":0},"end":{"line":528,"column":17}},"528":{"start":{"line":529,"column":0},"end":{"line":529,"column":31}},"529":{"start":{"line":530,"column":0},"end":{"line":530,"column":20}},"530":{"start":{"line":531,"column":0},"end":{"line":531,"column":27}},"531":{"start":{"line":532,"column":0},"end":{"line":532,"column":26}},"532":{"start":{"line":533,"column":0},"end":{"line":533,"column":22}},"533":{"start":{"line":534,"column":0},"end":{"line":534,"column":31}},"534":{"start":{"line":535,"column":0},"end":{"line":535,"column":33}},"535":{"start":{"line":536,"column":0},"end":{"line":536,"column":73}},"536":{"start":{"line":537,"column":0},"end":{"line":537,"column":17}},"537":{"start":{"line":538,"column":0},"end":{"line":538,"column":13}},"538":{"start":{"line":539,"column":0},"end":{"line":539,"column":54}},"539":{"start":{"line":540,"column":0},"end":{"line":540,"column":13}},"540":{"start":{"line":541,"column":0},"end":{"line":541,"column":44}},"541":{"start":{"line":542,"column":0},"end":{"line":542,"column":13}},"542":{"start":{"line":543,"column":0},"end":{"line":543,"column":36}},"543":{"start":{"line":544,"column":0},"end":{"line":544,"column":3}},"544":{"start":{"line":545,"column":0},"end":{"line":545,"column":0}},"545":{"start":{"line":546,"column":0},"end":{"line":546,"column":40}},"546":{"start":{"line":547,"column":0},"end":{"line":547,"column":83}},"547":{"start":{"line":548,"column":0},"end":{"line":548,"column":7}},"548":{"start":{"line":549,"column":0},"end":{"line":549,"column":20}},"549":{"start":{"line":550,"column":0},"end":{"line":550,"column":66}},"550":{"start":{"line":551,"column":0},"end":{"line":551,"column":5}},"551":{"start":{"line":552,"column":0},"end":{"line":552,"column":0}},"552":{"start":{"line":553,"column":0},"end":{"line":553,"column":21}},"553":{"start":{"line":554,"column":0},"end":{"line":554,"column":9}},"554":{"start":{"line":555,"column":0},"end":{"line":555,"column":92}},"555":{"start":{"line":556,"column":0},"end":{"line":556,"column":21}},"556":{"start":{"line":557,"column":0},"end":{"line":557,"column":58}},"557":{"start":{"line":558,"column":0},"end":{"line":558,"column":75}},"558":{"start":{"line":559,"column":0},"end":{"line":559,"column":5}},"559":{"start":{"line":560,"column":0},"end":{"line":560,"column":0}},"560":{"start":{"line":561,"column":0},"end":{"line":561,"column":68}},"561":{"start":{"line":562,"column":0},"end":{"line":562,"column":104}},"562":{"start":{"line":563,"column":0},"end":{"line":563,"column":5}},"563":{"start":{"line":564,"column":0},"end":{"line":564,"column":0}},"564":{"start":{"line":565,"column":0},"end":{"line":565,"column":56}},"565":{"start":{"line":566,"column":0},"end":{"line":566,"column":119}},"566":{"start":{"line":567,"column":0},"end":{"line":567,"column":78}},"567":{"start":{"line":568,"column":0},"end":{"line":568,"column":0}},"568":{"start":{"line":569,"column":0},"end":{"line":569,"column":54}},"569":{"start":{"line":570,"column":0},"end":{"line":570,"column":51}},"570":{"start":{"line":571,"column":0},"end":{"line":571,"column":78}},"571":{"start":{"line":572,"column":0},"end":{"line":572,"column":23}},"572":{"start":{"line":573,"column":0},"end":{"line":573,"column":93}},"573":{"start":{"line":574,"column":0},"end":{"line":574,"column":7}},"574":{"start":{"line":575,"column":0},"end":{"line":575,"column":60}},"575":{"start":{"line":576,"column":0},"end":{"line":576,"column":5}},"576":{"start":{"line":577,"column":0},"end":{"line":577,"column":0}},"577":{"start":{"line":578,"column":0},"end":{"line":578,"column":27}},"578":{"start":{"line":579,"column":0},"end":{"line":579,"column":112}},"579":{"start":{"line":580,"column":0},"end":{"line":580,"column":26}},"580":{"start":{"line":581,"column":0},"end":{"line":581,"column":49}},"581":{"start":{"line":582,"column":0},"end":{"line":582,"column":19}},"582":{"start":{"line":583,"column":0},"end":{"line":583,"column":7}},"583":{"start":{"line":584,"column":0},"end":{"line":584,"column":19}},"584":{"start":{"line":585,"column":0},"end":{"line":585,"column":16}},"585":{"start":{"line":586,"column":0},"end":{"line":586,"column":3}},"586":{"start":{"line":587,"column":0},"end":{"line":587,"column":3}},"587":{"start":{"line":588,"column":0},"end":{"line":588,"column":0}},"588":{"start":{"line":589,"column":0},"end":{"line":589,"column":0}},"589":{"start":{"line":590,"column":0},"end":{"line":590,"column":3}},"590":{"start":{"line":591,"column":0},"end":{"line":591,"column":11}},"591":{"start":{"line":592,"column":0},"end":{"line":592,"column":25}},"592":{"start":{"line":593,"column":0},"end":{"line":593,"column":10}},"593":{"start":{"line":594,"column":0},"end":{"line":594,"column":66}},"594":{"start":{"line":595,"column":0},"end":{"line":595,"column":23}},"595":{"start":{"line":596,"column":0},"end":{"line":596,"column":19}},"596":{"start":{"line":597,"column":0},"end":{"line":597,"column":23}},"597":{"start":{"line":598,"column":0},"end":{"line":598,"column":17}},"598":{"start":{"line":599,"column":0},"end":{"line":599,"column":28}},"599":{"start":{"line":600,"column":0},"end":{"line":600,"column":20}},"600":{"start":{"line":601,"column":0},"end":{"line":601,"column":27}},"601":{"start":{"line":602,"column":0},"end":{"line":602,"column":24}},"602":{"start":{"line":603,"column":0},"end":{"line":603,"column":34}},"603":{"start":{"line":604,"column":0},"end":{"line":604,"column":26}},"604":{"start":{"line":605,"column":0},"end":{"line":605,"column":33}},"605":{"start":{"line":606,"column":0},"end":{"line":606,"column":30}},"606":{"start":{"line":607,"column":0},"end":{"line":607,"column":25}},"607":{"start":{"line":608,"column":0},"end":{"line":608,"column":33}},"608":{"start":{"line":609,"column":0},"end":{"line":609,"column":75}},"609":{"start":{"line":610,"column":0},"end":{"line":610,"column":23}},"610":{"start":{"line":611,"column":0},"end":{"line":611,"column":50}},"611":{"start":{"line":612,"column":0},"end":{"line":612,"column":17}},"612":{"start":{"line":613,"column":0},"end":{"line":613,"column":13}},"613":{"start":{"line":614,"column":0},"end":{"line":614,"column":53}},"614":{"start":{"line":615,"column":0},"end":{"line":615,"column":19}},"615":{"start":{"line":616,"column":0},"end":{"line":616,"column":30}},"616":{"start":{"line":617,"column":0},"end":{"line":617,"column":22}},"617":{"start":{"line":618,"column":0},"end":{"line":618,"column":29}},"618":{"start":{"line":619,"column":0},"end":{"line":619,"column":28}},"619":{"start":{"line":620,"column":0},"end":{"line":620,"column":27}},"620":{"start":{"line":621,"column":0},"end":{"line":621,"column":34}},"621":{"start":{"line":622,"column":0},"end":{"line":622,"column":27}},"622":{"start":{"line":623,"column":0},"end":{"line":623,"column":33}},"623":{"start":{"line":624,"column":0},"end":{"line":624,"column":32}},"624":{"start":{"line":625,"column":0},"end":{"line":625,"column":33}},"625":{"start":{"line":626,"column":0},"end":{"line":626,"column":35}},"626":{"start":{"line":627,"column":0},"end":{"line":627,"column":32}},"627":{"start":{"line":628,"column":0},"end":{"line":628,"column":27}},"628":{"start":{"line":629,"column":0},"end":{"line":629,"column":35}},"629":{"start":{"line":630,"column":0},"end":{"line":630,"column":13}},"630":{"start":{"line":631,"column":0},"end":{"line":631,"column":37}},"631":{"start":{"line":632,"column":0},"end":{"line":632,"column":13}},"632":{"start":{"line":633,"column":0},"end":{"line":633,"column":36}},"633":{"start":{"line":634,"column":0},"end":{"line":634,"column":3}},"634":{"start":{"line":635,"column":0},"end":{"line":635,"column":0}},"635":{"start":{"line":636,"column":0},"end":{"line":636,"column":65}},"636":{"start":{"line":637,"column":0},"end":{"line":637,"column":7}},"637":{"start":{"line":638,"column":0},"end":{"line":638,"column":41}},"638":{"start":{"line":639,"column":0},"end":{"line":639,"column":0}},"639":{"start":{"line":640,"column":0},"end":{"line":640,"column":21}},"640":{"start":{"line":641,"column":0},"end":{"line":641,"column":74}},"641":{"start":{"line":642,"column":0},"end":{"line":642,"column":35}},"642":{"start":{"line":643,"column":0},"end":{"line":643,"column":23}},"643":{"start":{"line":644,"column":0},"end":{"line":644,"column":75}},"644":{"start":{"line":645,"column":0},"end":{"line":645,"column":9}},"645":{"start":{"line":646,"column":0},"end":{"line":646,"column":5}},"646":{"start":{"line":647,"column":0},"end":{"line":647,"column":0}},"647":{"start":{"line":648,"column":0},"end":{"line":648,"column":35}},"648":{"start":{"line":649,"column":0},"end":{"line":649,"column":65}},"649":{"start":{"line":650,"column":0},"end":{"line":650,"column":35}},"650":{"start":{"line":651,"column":0},"end":{"line":651,"column":23}},"651":{"start":{"line":652,"column":0},"end":{"line":652,"column":63}},"652":{"start":{"line":653,"column":0},"end":{"line":653,"column":9}},"653":{"start":{"line":654,"column":0},"end":{"line":654,"column":5}},"654":{"start":{"line":655,"column":0},"end":{"line":655,"column":0}},"655":{"start":{"line":656,"column":0},"end":{"line":656,"column":45}},"656":{"start":{"line":657,"column":0},"end":{"line":657,"column":49}},"657":{"start":{"line":658,"column":0},"end":{"line":658,"column":46}},"658":{"start":{"line":659,"column":0},"end":{"line":659,"column":7}},"659":{"start":{"line":660,"column":0},"end":{"line":660,"column":0}},"660":{"start":{"line":661,"column":0},"end":{"line":661,"column":72}},"661":{"start":{"line":662,"column":0},"end":{"line":662,"column":90}},"662":{"start":{"line":663,"column":0},"end":{"line":663,"column":0}},"663":{"start":{"line":664,"column":0},"end":{"line":664,"column":26}},"664":{"start":{"line":665,"column":0},"end":{"line":665,"column":51}},"665":{"start":{"line":666,"column":0},"end":{"line":666,"column":46}},"666":{"start":{"line":667,"column":0},"end":{"line":667,"column":7}},"667":{"start":{"line":668,"column":0},"end":{"line":668,"column":0}},"668":{"start":{"line":669,"column":0},"end":{"line":669,"column":26}},"669":{"start":{"line":670,"column":0},"end":{"line":670,"column":20}},"670":{"start":{"line":671,"column":0},"end":{"line":671,"column":47}},"671":{"start":{"line":672,"column":0},"end":{"line":672,"column":46}},"672":{"start":{"line":673,"column":0},"end":{"line":673,"column":38}},"673":{"start":{"line":674,"column":0},"end":{"line":674,"column":7}},"674":{"start":{"line":675,"column":0},"end":{"line":675,"column":19}},"675":{"start":{"line":676,"column":0},"end":{"line":676,"column":16}},"676":{"start":{"line":677,"column":0},"end":{"line":677,"column":3}},"677":{"start":{"line":678,"column":0},"end":{"line":678,"column":3}},"678":{"start":{"line":679,"column":0},"end":{"line":679,"column":0}},"679":{"start":{"line":680,"column":0},"end":{"line":680,"column":3}},"680":{"start":{"line":681,"column":0},"end":{"line":681,"column":11}},"681":{"start":{"line":682,"column":0},"end":{"line":682,"column":25}},"682":{"start":{"line":683,"column":0},"end":{"line":683,"column":10}},"683":{"start":{"line":684,"column":0},"end":{"line":684,"column":66}},"684":{"start":{"line":685,"column":0},"end":{"line":685,"column":23}},"685":{"start":{"line":686,"column":0},"end":{"line":686,"column":19}},"686":{"start":{"line":687,"column":0},"end":{"line":687,"column":23}},"687":{"start":{"line":688,"column":0},"end":{"line":688,"column":17}},"688":{"start":{"line":689,"column":0},"end":{"line":689,"column":28}},"689":{"start":{"line":690,"column":0},"end":{"line":690,"column":20}},"690":{"start":{"line":691,"column":0},"end":{"line":691,"column":27}},"691":{"start":{"line":692,"column":0},"end":{"line":692,"column":24}},"692":{"start":{"line":693,"column":0},"end":{"line":693,"column":26}},"693":{"start":{"line":694,"column":0},"end":{"line":694,"column":26}},"694":{"start":{"line":695,"column":0},"end":{"line":695,"column":25}},"695":{"start":{"line":696,"column":0},"end":{"line":696,"column":30}},"696":{"start":{"line":697,"column":0},"end":{"line":697,"column":25}},"697":{"start":{"line":698,"column":0},"end":{"line":698,"column":33}},"698":{"start":{"line":699,"column":0},"end":{"line":699,"column":30}},"699":{"start":{"line":700,"column":0},"end":{"line":700,"column":39}},"700":{"start":{"line":701,"column":0},"end":{"line":701,"column":32}},"701":{"start":{"line":702,"column":0},"end":{"line":702,"column":38}},"702":{"start":{"line":703,"column":0},"end":{"line":703,"column":37}},"703":{"start":{"line":704,"column":0},"end":{"line":704,"column":82}},"704":{"start":{"line":705,"column":0},"end":{"line":705,"column":38}},"705":{"start":{"line":706,"column":0},"end":{"line":706,"column":37}},"706":{"start":{"line":707,"column":0},"end":{"line":707,"column":73}},"707":{"start":{"line":708,"column":0},"end":{"line":708,"column":23}},"708":{"start":{"line":709,"column":0},"end":{"line":709,"column":25}},"709":{"start":{"line":710,"column":0},"end":{"line":710,"column":43}},"710":{"start":{"line":711,"column":0},"end":{"line":711,"column":72}},"711":{"start":{"line":712,"column":0},"end":{"line":712,"column":43}},"712":{"start":{"line":713,"column":0},"end":{"line":713,"column":61}},"713":{"start":{"line":714,"column":0},"end":{"line":714,"column":17}},"714":{"start":{"line":715,"column":0},"end":{"line":715,"column":13}},"715":{"start":{"line":716,"column":0},"end":{"line":716,"column":53}},"716":{"start":{"line":717,"column":0},"end":{"line":717,"column":19}},"717":{"start":{"line":718,"column":0},"end":{"line":718,"column":30}},"718":{"start":{"line":719,"column":0},"end":{"line":719,"column":22}},"719":{"start":{"line":720,"column":0},"end":{"line":720,"column":29}},"720":{"start":{"line":721,"column":0},"end":{"line":721,"column":28}},"721":{"start":{"line":722,"column":0},"end":{"line":722,"column":27}},"722":{"start":{"line":723,"column":0},"end":{"line":723,"column":34}},"723":{"start":{"line":724,"column":0},"end":{"line":724,"column":27}},"724":{"start":{"line":725,"column":0},"end":{"line":725,"column":33}},"725":{"start":{"line":726,"column":0},"end":{"line":726,"column":35}},"726":{"start":{"line":727,"column":0},"end":{"line":727,"column":32}},"727":{"start":{"line":728,"column":0},"end":{"line":728,"column":27}},"728":{"start":{"line":729,"column":0},"end":{"line":729,"column":59}},"729":{"start":{"line":730,"column":0},"end":{"line":730,"column":35}},"730":{"start":{"line":731,"column":0},"end":{"line":731,"column":32}},"731":{"start":{"line":732,"column":0},"end":{"line":732,"column":27}},"732":{"start":{"line":733,"column":0},"end":{"line":733,"column":35}},"733":{"start":{"line":734,"column":0},"end":{"line":734,"column":13}},"734":{"start":{"line":735,"column":0},"end":{"line":735,"column":37}},"735":{"start":{"line":736,"column":0},"end":{"line":736,"column":13}},"736":{"start":{"line":737,"column":0},"end":{"line":737,"column":36}},"737":{"start":{"line":738,"column":0},"end":{"line":738,"column":3}},"738":{"start":{"line":739,"column":0},"end":{"line":739,"column":0}},"739":{"start":{"line":740,"column":0},"end":{"line":740,"column":23}},"740":{"start":{"line":741,"column":0},"end":{"line":741,"column":65}},"741":{"start":{"line":742,"column":0},"end":{"line":742,"column":7}},"742":{"start":{"line":743,"column":0},"end":{"line":743,"column":33}},"743":{"start":{"line":744,"column":0},"end":{"line":744,"column":0}},"744":{"start":{"line":745,"column":0},"end":{"line":745,"column":21}},"745":{"start":{"line":746,"column":0},"end":{"line":746,"column":58}},"746":{"start":{"line":747,"column":0},"end":{"line":747,"column":35}},"747":{"start":{"line":748,"column":0},"end":{"line":748,"column":23}},"748":{"start":{"line":749,"column":0},"end":{"line":749,"column":67}},"749":{"start":{"line":750,"column":0},"end":{"line":750,"column":9}},"750":{"start":{"line":751,"column":0},"end":{"line":751,"column":5}},"751":{"start":{"line":752,"column":0},"end":{"line":752,"column":0}},"752":{"start":{"line":753,"column":0},"end":{"line":753,"column":31}},"753":{"start":{"line":754,"column":0},"end":{"line":754,"column":31}},"754":{"start":{"line":755,"column":0},"end":{"line":755,"column":0}},"755":{"start":{"line":756,"column":0},"end":{"line":756,"column":26}},"756":{"start":{"line":757,"column":0},"end":{"line":757,"column":35}},"757":{"start":{"line":758,"column":0},"end":{"line":758,"column":56}},"758":{"start":{"line":759,"column":0},"end":{"line":759,"column":0}},"759":{"start":{"line":760,"column":0},"end":{"line":760,"column":66}},"760":{"start":{"line":761,"column":0},"end":{"line":761,"column":37}},"761":{"start":{"line":762,"column":0},"end":{"line":762,"column":25}},"762":{"start":{"line":763,"column":0},"end":{"line":763,"column":96}},"763":{"start":{"line":764,"column":0},"end":{"line":764,"column":11}},"764":{"start":{"line":765,"column":0},"end":{"line":765,"column":7}},"765":{"start":{"line":766,"column":0},"end":{"line":766,"column":0}},"766":{"start":{"line":767,"column":0},"end":{"line":767,"column":47}},"767":{"start":{"line":768,"column":0},"end":{"line":768,"column":60}},"768":{"start":{"line":769,"column":0},"end":{"line":769,"column":27}},"769":{"start":{"line":770,"column":0},"end":{"line":770,"column":23}},"770":{"start":{"line":771,"column":0},"end":{"line":771,"column":42}},"771":{"start":{"line":772,"column":0},"end":{"line":772,"column":8}},"772":{"start":{"line":773,"column":0},"end":{"line":773,"column":0}},"773":{"start":{"line":774,"column":0},"end":{"line":774,"column":27}},"774":{"start":{"line":775,"column":0},"end":{"line":775,"column":45}},"775":{"start":{"line":776,"column":0},"end":{"line":776,"column":14}},"776":{"start":{"line":777,"column":0},"end":{"line":777,"column":45}},"777":{"start":{"line":778,"column":0},"end":{"line":778,"column":7}},"778":{"start":{"line":779,"column":0},"end":{"line":779,"column":5}},"779":{"start":{"line":780,"column":0},"end":{"line":780,"column":0}},"780":{"start":{"line":781,"column":0},"end":{"line":781,"column":26}},"781":{"start":{"line":782,"column":0},"end":{"line":782,"column":20}},"782":{"start":{"line":783,"column":0},"end":{"line":783,"column":47}},"783":{"start":{"line":784,"column":0},"end":{"line":784,"column":22}},"784":{"start":{"line":785,"column":0},"end":{"line":785,"column":22}},"785":{"start":{"line":786,"column":0},"end":{"line":786,"column":7}},"786":{"start":{"line":787,"column":0},"end":{"line":787,"column":19}},"787":{"start":{"line":788,"column":0},"end":{"line":788,"column":16}},"788":{"start":{"line":789,"column":0},"end":{"line":789,"column":3}},"789":{"start":{"line":790,"column":0},"end":{"line":790,"column":3}},"790":{"start":{"line":791,"column":0},"end":{"line":791,"column":0}},"791":{"start":{"line":792,"column":0},"end":{"line":792,"column":3}},"792":{"start":{"line":793,"column":0},"end":{"line":793,"column":11}},"793":{"start":{"line":794,"column":0},"end":{"line":794,"column":39}},"794":{"start":{"line":795,"column":0},"end":{"line":795,"column":10}},"795":{"start":{"line":796,"column":0},"end":{"line":796,"column":48}},"796":{"start":{"line":797,"column":0},"end":{"line":797,"column":12}},"797":{"start":{"line":798,"column":0},"end":{"line":798,"column":19}},"798":{"start":{"line":799,"column":0},"end":{"line":799,"column":18}},"799":{"start":{"line":800,"column":0},"end":{"line":800,"column":19}},"800":{"start":{"line":801,"column":0},"end":{"line":801,"column":31}},"801":{"start":{"line":802,"column":0},"end":{"line":802,"column":25}},"802":{"start":{"line":803,"column":0},"end":{"line":803,"column":18}},"803":{"start":{"line":804,"column":0},"end":{"line":804,"column":25}},"804":{"start":{"line":805,"column":0},"end":{"line":805,"column":58}},"805":{"start":{"line":806,"column":0},"end":{"line":806,"column":19}},"806":{"start":{"line":807,"column":0},"end":{"line":807,"column":23}},"807":{"start":{"line":808,"column":0},"end":{"line":808,"column":17}},"808":{"start":{"line":809,"column":0},"end":{"line":809,"column":31}},"809":{"start":{"line":810,"column":0},"end":{"line":810,"column":20}},"810":{"start":{"line":811,"column":0},"end":{"line":811,"column":27}},"811":{"start":{"line":812,"column":0},"end":{"line":812,"column":26}},"812":{"start":{"line":813,"column":0},"end":{"line":813,"column":22}},"813":{"start":{"line":814,"column":0},"end":{"line":814,"column":31}},"814":{"start":{"line":815,"column":0},"end":{"line":815,"column":33}},"815":{"start":{"line":816,"column":0},"end":{"line":816,"column":52}},"816":{"start":{"line":817,"column":0},"end":{"line":817,"column":17}},"817":{"start":{"line":818,"column":0},"end":{"line":818,"column":13}},"818":{"start":{"line":819,"column":0},"end":{"line":819,"column":54}},"819":{"start":{"line":820,"column":0},"end":{"line":820,"column":19}},"820":{"start":{"line":821,"column":0},"end":{"line":821,"column":30}},"821":{"start":{"line":822,"column":0},"end":{"line":822,"column":22}},"822":{"start":{"line":823,"column":0},"end":{"line":823,"column":29}},"823":{"start":{"line":824,"column":0},"end":{"line":824,"column":28}},"824":{"start":{"line":825,"column":0},"end":{"line":825,"column":27}},"825":{"start":{"line":826,"column":0},"end":{"line":826,"column":33}},"826":{"start":{"line":827,"column":0},"end":{"line":827,"column":27}},"827":{"start":{"line":828,"column":0},"end":{"line":828,"column":33}},"828":{"start":{"line":829,"column":0},"end":{"line":829,"column":57}},"829":{"start":{"line":830,"column":0},"end":{"line":830,"column":13}},"830":{"start":{"line":831,"column":0},"end":{"line":831,"column":66}},"831":{"start":{"line":832,"column":0},"end":{"line":832,"column":13}},"832":{"start":{"line":833,"column":0},"end":{"line":833,"column":41}},"833":{"start":{"line":834,"column":0},"end":{"line":834,"column":13}},"834":{"start":{"line":835,"column":0},"end":{"line":835,"column":36}},"835":{"start":{"line":836,"column":0},"end":{"line":836,"column":3}},"836":{"start":{"line":837,"column":0},"end":{"line":837,"column":0}},"837":{"start":{"line":838,"column":0},"end":{"line":838,"column":12}},"838":{"start":{"line":839,"column":0},"end":{"line":839,"column":99}},"839":{"start":{"line":840,"column":0},"end":{"line":840,"column":7}},"840":{"start":{"line":841,"column":0},"end":{"line":841,"column":44}},"841":{"start":{"line":842,"column":0},"end":{"line":842,"column":0}},"842":{"start":{"line":843,"column":0},"end":{"line":843,"column":22}},"843":{"start":{"line":844,"column":0},"end":{"line":844,"column":40}},"844":{"start":{"line":845,"column":0},"end":{"line":845,"column":29}},"845":{"start":{"line":846,"column":0},"end":{"line":846,"column":50}},"846":{"start":{"line":847,"column":0},"end":{"line":847,"column":13}},"847":{"start":{"line":848,"column":0},"end":{"line":848,"column":7}},"848":{"start":{"line":849,"column":0},"end":{"line":849,"column":0}},"849":{"start":{"line":850,"column":0},"end":{"line":850,"column":26}},"850":{"start":{"line":851,"column":0},"end":{"line":851,"column":43}},"851":{"start":{"line":852,"column":0},"end":{"line":852,"column":52}},"852":{"start":{"line":853,"column":0},"end":{"line":853,"column":40}},"853":{"start":{"line":854,"column":0},"end":{"line":854,"column":8}},"854":{"start":{"line":855,"column":0},"end":{"line":855,"column":0}},"855":{"start":{"line":856,"column":0},"end":{"line":856,"column":49}},"856":{"start":{"line":857,"column":0},"end":{"line":857,"column":45}},"857":{"start":{"line":858,"column":0},"end":{"line":858,"column":21}},"858":{"start":{"line":859,"column":0},"end":{"line":859,"column":44}},"859":{"start":{"line":860,"column":0},"end":{"line":860,"column":8}},"860":{"start":{"line":861,"column":0},"end":{"line":861,"column":0}},"861":{"start":{"line":862,"column":0},"end":{"line":862,"column":17}},"862":{"start":{"line":863,"column":0},"end":{"line":863,"column":40}},"863":{"start":{"line":864,"column":0},"end":{"line":864,"column":29}},"864":{"start":{"line":865,"column":0},"end":{"line":865,"column":42}},"865":{"start":{"line":866,"column":0},"end":{"line":866,"column":13}},"866":{"start":{"line":867,"column":0},"end":{"line":867,"column":7}},"867":{"start":{"line":868,"column":0},"end":{"line":868,"column":0}},"868":{"start":{"line":869,"column":0},"end":{"line":869,"column":30}},"869":{"start":{"line":870,"column":0},"end":{"line":870,"column":28}},"870":{"start":{"line":871,"column":0},"end":{"line":871,"column":0}},"871":{"start":{"line":872,"column":0},"end":{"line":872,"column":28}},"872":{"start":{"line":873,"column":0},"end":{"line":873,"column":24}},"873":{"start":{"line":874,"column":0},"end":{"line":874,"column":52}},"874":{"start":{"line":875,"column":0},"end":{"line":875,"column":24}},"875":{"start":{"line":876,"column":0},"end":{"line":876,"column":50}},"876":{"start":{"line":877,"column":0},"end":{"line":877,"column":34}},"877":{"start":{"line":878,"column":0},"end":{"line":878,"column":45}},"878":{"start":{"line":879,"column":0},"end":{"line":879,"column":12}},"879":{"start":{"line":880,"column":0},"end":{"line":880,"column":9}},"880":{"start":{"line":881,"column":0},"end":{"line":881,"column":19}},"881":{"start":{"line":882,"column":0},"end":{"line":882,"column":29}},"882":{"start":{"line":883,"column":0},"end":{"line":883,"column":25}},"883":{"start":{"line":884,"column":0},"end":{"line":884,"column":31}},"884":{"start":{"line":885,"column":0},"end":{"line":885,"column":9}},"885":{"start":{"line":886,"column":0},"end":{"line":886,"column":3}},"886":{"start":{"line":887,"column":0},"end":{"line":887,"column":3}},"887":{"start":{"line":888,"column":0},"end":{"line":888,"column":0}},"888":{"start":{"line":889,"column":0},"end":{"line":889,"column":3}},"889":{"start":{"line":890,"column":0},"end":{"line":890,"column":11}},"890":{"start":{"line":891,"column":0},"end":{"line":891,"column":39}},"891":{"start":{"line":892,"column":0},"end":{"line":892,"column":9}},"892":{"start":{"line":893,"column":0},"end":{"line":893,"column":51}},"893":{"start":{"line":894,"column":0},"end":{"line":894,"column":12}},"894":{"start":{"line":895,"column":0},"end":{"line":895,"column":19}},"895":{"start":{"line":896,"column":0},"end":{"line":896,"column":18}},"896":{"start":{"line":897,"column":0},"end":{"line":897,"column":19}},"897":{"start":{"line":898,"column":0},"end":{"line":898,"column":31}},"898":{"start":{"line":899,"column":0},"end":{"line":899,"column":25}},"899":{"start":{"line":900,"column":0},"end":{"line":900,"column":18}},"900":{"start":{"line":901,"column":0},"end":{"line":901,"column":25}},"901":{"start":{"line":902,"column":0},"end":{"line":902,"column":58}},"902":{"start":{"line":903,"column":0},"end":{"line":903,"column":17}},"903":{"start":{"line":904,"column":0},"end":{"line":904,"column":13}},"904":{"start":{"line":905,"column":0},"end":{"line":905,"column":55}},"905":{"start":{"line":906,"column":0},"end":{"line":906,"column":19}},"906":{"start":{"line":907,"column":0},"end":{"line":907,"column":21}},"907":{"start":{"line":908,"column":0},"end":{"line":908,"column":22}},"908":{"start":{"line":909,"column":0},"end":{"line":909,"column":29}},"909":{"start":{"line":910,"column":0},"end":{"line":910,"column":31}},"910":{"start":{"line":911,"column":0},"end":{"line":911,"column":13}},"911":{"start":{"line":912,"column":0},"end":{"line":912,"column":64}},"912":{"start":{"line":913,"column":0},"end":{"line":913,"column":13}},"913":{"start":{"line":914,"column":0},"end":{"line":914,"column":36}},"914":{"start":{"line":915,"column":0},"end":{"line":915,"column":3}},"915":{"start":{"line":916,"column":0},"end":{"line":916,"column":0}},"916":{"start":{"line":917,"column":0},"end":{"line":917,"column":12}},"917":{"start":{"line":918,"column":0},"end":{"line":918,"column":71}},"918":{"start":{"line":919,"column":0},"end":{"line":919,"column":7}},"919":{"start":{"line":920,"column":0},"end":{"line":920,"column":42}},"920":{"start":{"line":921,"column":0},"end":{"line":921,"column":0}},"921":{"start":{"line":922,"column":0},"end":{"line":922,"column":74}},"922":{"start":{"line":923,"column":0},"end":{"line":923,"column":0}},"923":{"start":{"line":924,"column":0},"end":{"line":924,"column":54}},"924":{"start":{"line":925,"column":0},"end":{"line":925,"column":85}},"925":{"start":{"line":926,"column":0},"end":{"line":926,"column":5}},"926":{"start":{"line":927,"column":0},"end":{"line":927,"column":0}},"927":{"start":{"line":928,"column":0},"end":{"line":928,"column":54}},"928":{"start":{"line":929,"column":0},"end":{"line":929,"column":32}},"929":{"start":{"line":930,"column":0},"end":{"line":930,"column":19}},"930":{"start":{"line":931,"column":0},"end":{"line":931,"column":51}},"931":{"start":{"line":932,"column":0},"end":{"line":932,"column":3}},"932":{"start":{"line":933,"column":0},"end":{"line":933,"column":3}},"933":{"start":{"line":934,"column":0},"end":{"line":934,"column":0}},"934":{"start":{"line":935,"column":0},"end":{"line":935,"column":3}},"935":{"start":{"line":936,"column":0},"end":{"line":936,"column":11}},"936":{"start":{"line":937,"column":0},"end":{"line":937,"column":46}},"937":{"start":{"line":938,"column":0},"end":{"line":938,"column":12}},"938":{"start":{"line":939,"column":0},"end":{"line":939,"column":49}},"939":{"start":{"line":940,"column":0},"end":{"line":940,"column":12}},"940":{"start":{"line":941,"column":0},"end":{"line":941,"column":19}},"941":{"start":{"line":942,"column":0},"end":{"line":942,"column":18}},"942":{"start":{"line":943,"column":0},"end":{"line":943,"column":19}},"943":{"start":{"line":944,"column":0},"end":{"line":944,"column":31}},"944":{"start":{"line":945,"column":0},"end":{"line":945,"column":25}},"945":{"start":{"line":946,"column":0},"end":{"line":946,"column":18}},"946":{"start":{"line":947,"column":0},"end":{"line":947,"column":25}},"947":{"start":{"line":948,"column":0},"end":{"line":948,"column":58}},"948":{"start":{"line":949,"column":0},"end":{"line":949,"column":17}},"949":{"start":{"line":950,"column":0},"end":{"line":950,"column":13}},"950":{"start":{"line":951,"column":0},"end":{"line":951,"column":53}},"951":{"start":{"line":952,"column":0},"end":{"line":952,"column":19}},"952":{"start":{"line":953,"column":0},"end":{"line":953,"column":30}},"953":{"start":{"line":954,"column":0},"end":{"line":954,"column":22}},"954":{"start":{"line":955,"column":0},"end":{"line":955,"column":29}},"955":{"start":{"line":956,"column":0},"end":{"line":956,"column":28}},"956":{"start":{"line":957,"column":0},"end":{"line":957,"column":27}},"957":{"start":{"line":958,"column":0},"end":{"line":958,"column":33}},"958":{"start":{"line":959,"column":0},"end":{"line":959,"column":27}},"959":{"start":{"line":960,"column":0},"end":{"line":960,"column":33}},"960":{"start":{"line":961,"column":0},"end":{"line":961,"column":57}},"961":{"start":{"line":962,"column":0},"end":{"line":962,"column":13}},"962":{"start":{"line":963,"column":0},"end":{"line":963,"column":41}},"963":{"start":{"line":964,"column":0},"end":{"line":964,"column":13}},"964":{"start":{"line":965,"column":0},"end":{"line":965,"column":36}},"965":{"start":{"line":966,"column":0},"end":{"line":966,"column":3}},"966":{"start":{"line":967,"column":0},"end":{"line":967,"column":0}},"967":{"start":{"line":968,"column":0},"end":{"line":968,"column":15}},"968":{"start":{"line":969,"column":0},"end":{"line":969,"column":81}},"969":{"start":{"line":970,"column":0},"end":{"line":970,"column":7}},"970":{"start":{"line":971,"column":0},"end":{"line":971,"column":42}},"971":{"start":{"line":972,"column":0},"end":{"line":972,"column":0}},"972":{"start":{"line":973,"column":0},"end":{"line":973,"column":47}},"973":{"start":{"line":974,"column":0},"end":{"line":974,"column":41}},"974":{"start":{"line":975,"column":0},"end":{"line":975,"column":91}},"975":{"start":{"line":976,"column":0},"end":{"line":976,"column":19}},"976":{"start":{"line":977,"column":0},"end":{"line":977,"column":6}},"977":{"start":{"line":978,"column":0},"end":{"line":978,"column":0}},"978":{"start":{"line":979,"column":0},"end":{"line":979,"column":15}},"979":{"start":{"line":980,"column":0},"end":{"line":980,"column":67}},"980":{"start":{"line":981,"column":0},"end":{"line":981,"column":5}},"981":{"start":{"line":982,"column":0},"end":{"line":982,"column":0}},"982":{"start":{"line":983,"column":0},"end":{"line":983,"column":85}},"983":{"start":{"line":984,"column":0},"end":{"line":984,"column":19}},"984":{"start":{"line":985,"column":0},"end":{"line":985,"column":51}},"985":{"start":{"line":986,"column":0},"end":{"line":986,"column":3}},"986":{"start":{"line":987,"column":0},"end":{"line":987,"column":3}},"987":{"start":{"line":988,"column":0},"end":{"line":988,"column":0}},"988":{"start":{"line":989,"column":0},"end":{"line":989,"column":0}},"989":{"start":{"line":990,"column":0},"end":{"line":990,"column":0}},"990":{"start":{"line":991,"column":0},"end":{"line":991,"column":0}},"991":{"start":{"line":992,"column":0},"end":{"line":992,"column":34}}},"s":{"0":1,"1":1,"2":1,"3":1,"4":1,"5":1,"6":1,"7":1,"8":1,"9":1,"10":1,"11":1,"12":1,"13":1,"14":1,"15":1,"16":1,"17":1,"18":1,"19":1,"20":1,"21":1,"22":0,"23":1,"24":1,"25":1,"26":1,"27":1,"28":1,"29":1,"30":1,"31":1,"32":1,"33":1,"34":1,"35":1,"36":1,"37":1,"38":1,"39":1,"40":1,"41":1,"42":1,"43":1,"44":1,"45":1,"46":1,"47":1,"48":1,"49":1,"50":1,"51":1,"52":1,"53":1,"54":1,"55":1,"56":1,"57":1,"58":1,"59":1,"60":1,"61":1,"62":1,"63":1,"64":1,"65":1,"66":1,"67":1,"68":1,"69":1,"70":1,"71":1,"72":1,"73":1,"74":1,"75":1,"76":1,"77":1,"78":1,"79":1,"80":1,"81":1,"82":1,"83":1,"84":1,"85":1,"86":1,"87":1,"88":1,"89":1,"90":1,"91":1,"92":1,"93":1,"94":1,"95":1,"96":1,"97":1,"98":1,"99":1,"100":1,"101":1,"102":1,"103":1,"104":1,"105":1,"106":1,"107":1,"108":1,"109":1,"110":1,"111":1,"112":1,"113":1,"114":1,"115":1,"116":1,"117":1,"118":1,"119":1,"120":1,"121":1,"122":1,"123":1,"124":1,"125":1,"126":1,"127":1,"128":1,"129":1,"130":1,"131":1,"132":1,"133":1,"134":1,"135":1,"136":3,"137":3,"138":3,"139":3,"140":3,"141":3,"142":15,"143":1,"144":1,"145":1,"146":1,"147":1,"148":1,"149":15,"150":2,"151":2,"152":2,"153":3,"154":0,"155":0,"156":0,"157":0,"158":0,"159":2,"160":2,"161":2,"162":3,"163":0,"164":0,"165":0,"166":0,"167":0,"168":3,"169":0,"170":0,"171":0,"172":0,"173":0,"174":3,"175":0,"176":0,"177":0,"178":0,"179":0,"180":2,"181":2,"182":3,"183":0,"184":0,"185":0,"186":0,"187":0,"188":2,"189":3,"190":0,"191":0,"192":0,"193":0,"194":0,"195":2,"196":2,"197":2,"198":1,"199":1,"200":1,"201":2,"202":2,"203":2,"204":1,"205":1,"206":1,"207":1,"208":1,"209":1,"210":1,"211":1,"212":1,"213":1,"214":1,"215":1,"216":1,"217":2,"218":0,"219":0,"220":1,"221":1,"222":1,"223":1,"224":1,"225":1,"226":1,"227":1,"228":1,"229":1,"230":1,"231":1,"232":1,"233":1,"234":1,"235":1,"236":1,"237":1,"238":1,"239":1,"240":1,"241":1,"242":1,"243":2,"244":2,"245":1,"246":1,"247":2,"248":2,"249":2,"250":2,"251":2,"252":2,"253":2,"254":2,"255":2,"256":2,"257":2,"258":2,"259":2,"260":2,"261":2,"262":1,"263":1,"264":1,"265":1,"266":1,"267":1,"268":1,"269":1,"270":1,"271":1,"272":1,"273":1,"274":1,"275":1,"276":1,"277":1,"278":1,"279":1,"280":1,"281":1,"282":1,"283":1,"284":1,"285":1,"286":1,"287":1,"288":1,"289":1,"290":1,"291":1,"292":1,"293":1,"294":1,"295":1,"296":2,"297":2,"298":2,"299":2,"300":2,"301":2,"302":1,"303":1,"304":1,"305":1,"306":1,"307":1,"308":2,"309":0,"310":0,"311":0,"312":1,"313":1,"314":1,"315":1,"316":1,"317":1,"318":1,"319":1,"320":1,"321":1,"322":1,"323":1,"324":1,"325":1,"326":1,"327":1,"328":1,"329":1,"330":1,"331":1,"332":1,"333":1,"334":1,"335":1,"336":1,"337":1,"338":1,"339":1,"340":1,"341":1,"342":1,"343":1,"344":1,"345":1,"346":1,"347":1,"348":1,"349":1,"350":1,"351":0,"352":0,"353":0,"354":0,"355":0,"356":1,"357":1,"358":1,"359":1,"360":1,"361":1,"362":1,"363":0,"364":0,"365":1,"366":1,"367":1,"368":1,"369":1,"370":1,"371":1,"372":1,"373":1,"374":1,"375":1,"376":1,"377":1,"378":1,"379":1,"380":1,"381":1,"382":1,"383":1,"384":1,"385":1,"386":1,"387":1,"388":1,"389":1,"390":1,"391":1,"392":1,"393":1,"394":1,"395":1,"396":1,"397":1,"398":1,"399":1,"400":1,"401":1,"402":1,"403":1,"404":1,"405":1,"406":0,"407":0,"408":0,"409":0,"410":0,"411":1,"412":1,"413":1,"414":1,"415":1,"416":1,"417":0,"418":0,"419":1,"420":1,"421":1,"422":1,"423":1,"424":1,"425":1,"426":1,"427":1,"428":1,"429":1,"430":1,"431":1,"432":1,"433":1,"434":1,"435":1,"436":1,"437":1,"438":1,"439":1,"440":1,"441":1,"442":1,"443":2,"444":2,"445":2,"446":2,"447":2,"448":1,"449":1,"450":1,"451":1,"452":1,"453":1,"454":1,"455":1,"456":1,"457":2,"458":0,"459":0,"460":1,"461":1,"462":1,"463":1,"464":1,"465":1,"466":1,"467":1,"468":1,"469":1,"470":1,"471":1,"472":1,"473":1,"474":1,"475":1,"476":1,"477":1,"478":1,"479":1,"480":1,"481":1,"482":1,"483":1,"484":1,"485":1,"486":2,"487":2,"488":2,"489":2,"490":2,"491":3,"492":3,"493":0,"494":0,"495":3,"496":2,"497":2,"498":2,"499":2,"500":2,"501":2,"502":2,"503":3,"504":3,"505":2,"506":2,"507":2,"508":1,"509":1,"510":1,"511":1,"512":1,"513":1,"514":1,"515":1,"516":1,"517":1,"518":1,"519":1,"520":1,"521":1,"522":1,"523":1,"524":1,"525":1,"526":1,"527":1,"528":1,"529":1,"530":1,"531":1,"532":1,"533":1,"534":1,"535":1,"536":1,"537":1,"538":1,"539":1,"540":1,"541":1,"542":1,"543":1,"544":1,"545":1,"546":1,"547":0,"548":0,"549":0,"550":0,"551":0,"552":0,"553":0,"554":0,"555":0,"556":0,"557":0,"558":0,"559":0,"560":0,"561":0,"562":0,"563":0,"564":0,"565":0,"566":0,"567":0,"568":0,"569":0,"570":0,"571":0,"572":0,"573":0,"574":0,"575":0,"576":0,"577":0,"578":0,"579":0,"580":0,"581":0,"582":0,"583":0,"584":0,"585":0,"586":1,"587":1,"588":1,"589":1,"590":1,"591":1,"592":1,"593":1,"594":1,"595":1,"596":1,"597":1,"598":1,"599":1,"600":1,"601":1,"602":1,"603":1,"604":1,"605":1,"606":1,"607":1,"608":1,"609":1,"610":1,"611":1,"612":1,"613":1,"614":1,"615":1,"616":1,"617":1,"618":1,"619":1,"620":1,"621":1,"622":1,"623":1,"624":1,"625":1,"626":1,"627":1,"628":1,"629":1,"630":1,"631":1,"632":1,"633":1,"634":1,"635":1,"636":1,"637":1,"638":1,"639":1,"640":1,"641":0,"642":0,"643":0,"644":0,"645":0,"646":1,"647":1,"648":1,"649":0,"650":0,"651":0,"652":0,"653":0,"654":1,"655":1,"656":1,"657":1,"658":1,"659":1,"660":1,"661":1,"662":1,"663":1,"664":1,"665":1,"666":1,"667":1,"668":1,"669":1,"670":1,"671":1,"672":1,"673":1,"674":1,"675":0,"676":0,"677":1,"678":1,"679":1,"680":1,"681":1,"682":1,"683":1,"684":1,"685":1,"686":1,"687":1,"688":1,"689":1,"690":1,"691":1,"692":1,"693":1,"694":1,"695":1,"696":1,"697":1,"698":1,"699":1,"700":1,"701":1,"702":1,"703":1,"704":1,"705":1,"706":1,"707":1,"708":1,"709":1,"710":1,"711":1,"712":1,"713":1,"714":1,"715":1,"716":1,"717":1,"718":1,"719":1,"720":1,"721":1,"722":1,"723":1,"724":1,"725":1,"726":1,"727":1,"728":1,"729":1,"730":1,"731":1,"732":1,"733":1,"734":1,"735":1,"736":1,"737":1,"738":1,"739":1,"740":1,"741":0,"742":0,"743":0,"744":0,"745":0,"746":0,"747":0,"748":0,"749":0,"750":0,"751":0,"752":0,"753":0,"754":0,"755":0,"756":0,"757":0,"758":0,"759":0,"760":0,"761":0,"762":0,"763":0,"764":0,"765":0,"766":0,"767":0,"768":0,"769":0,"770":0,"771":0,"772":0,"773":0,"774":0,"775":0,"776":0,"777":0,"778":0,"779":0,"780":0,"781":0,"782":0,"783":0,"784":0,"785":0,"786":0,"787":0,"788":0,"789":1,"790":1,"791":1,"792":1,"793":1,"794":1,"795":1,"796":1,"797":1,"798":1,"799":1,"800":1,"801":1,"802":1,"803":1,"804":1,"805":1,"806":1,"807":1,"808":1,"809":1,"810":1,"811":1,"812":1,"813":1,"814":1,"815":1,"816":1,"817":1,"818":1,"819":1,"820":1,"821":1,"822":1,"823":1,"824":1,"825":1,"826":1,"827":1,"828":1,"829":1,"830":1,"831":1,"832":1,"833":1,"834":1,"835":1,"836":1,"837":1,"838":1,"839":1,"840":1,"841":1,"842":1,"843":0,"844":0,"845":0,"846":0,"847":0,"848":1,"849":1,"850":1,"851":1,"852":1,"853":1,"854":1,"855":1,"856":1,"857":1,"858":1,"859":1,"860":1,"861":1,"862":0,"863":0,"864":0,"865":0,"866":0,"867":1,"868":1,"869":1,"870":1,"871":1,"872":1,"873":1,"874":1,"875":1,"876":1,"877":1,"878":1,"879":1,"880":1,"881":0,"882":0,"883":0,"884":0,"885":0,"886":1,"887":1,"888":1,"889":1,"890":1,"891":1,"892":1,"893":1,"894":1,"895":1,"896":1,"897":1,"898":1,"899":1,"900":1,"901":1,"902":1,"903":1,"904":1,"905":1,"906":1,"907":1,"908":1,"909":1,"910":1,"911":1,"912":1,"913":1,"914":1,"915":1,"916":1,"917":1,"918":0,"919":0,"920":0,"921":0,"922":0,"923":0,"924":0,"925":0,"926":0,"927":0,"928":0,"929":0,"930":0,"931":0,"932":1,"933":1,"934":1,"935":1,"936":1,"937":1,"938":1,"939":1,"940":1,"941":1,"942":1,"943":1,"944":1,"945":1,"946":1,"947":1,"948":1,"949":1,"950":1,"951":1,"952":1,"953":1,"954":1,"955":1,"956":1,"957":1,"958":1,"959":1,"960":1,"961":1,"962":1,"963":1,"964":1,"965":1,"966":1,"967":1,"968":1,"969":0,"970":0,"971":0,"972":0,"973":0,"974":0,"975":0,"976":0,"977":0,"978":0,"979":0,"980":0,"981":0,"982":0,"983":0,"984":0,"985":0,"986":1,"987":1,"988":1,"989":1,"990":1,"991":1},"branchMap":{"0":{"type":"branch","line":19,"loc":{"start":{"line":19,"column":14},"end":{"line":27,"column":4}},"locations":[{"start":{"line":19,"column":14},"end":{"line":27,"column":4}}]},"1":{"type":"branch","line":22,"loc":{"start":{"line":22,"column":47},"end":{"line":24,"column":5}},"locations":[{"start":{"line":22,"column":47},"end":{"line":24,"column":5}}]},"2":{"type":"branch","line":136,"loc":{"start":{"line":136,"column":24},"end":{"line":198,"column":2}},"locations":[{"start":{"line":136,"column":24},"end":{"line":198,"column":2}}]},"3":{"type":"branch","line":142,"loc":{"start":{"line":142,"column":38},"end":{"line":150,"column":3}},"locations":[{"start":{"line":142,"column":38},"end":{"line":150,"column":3}}]},"4":{"type":"branch","line":143,"loc":{"start":{"line":143,"column":26},"end":{"line":149,"column":5}},"locations":[{"start":{"line":143,"column":26},"end":{"line":149,"column":5}}]},"5":{"type":"branch","line":150,"loc":{"start":{"line":150,"column":2},"end":{"line":154,"column":39}},"locations":[{"start":{"line":150,"column":2},"end":{"line":154,"column":39}}]},"6":{"type":"branch","line":154,"loc":{"start":{"line":154,"column":39},"end":{"line":159,"column":3}},"locations":[{"start":{"line":154,"column":39},"end":{"line":159,"column":3}}]},"7":{"type":"branch","line":159,"loc":{"start":{"line":159,"column":2},"end":{"line":163,"column":35}},"locations":[{"start":{"line":159,"column":2},"end":{"line":163,"column":35}}]},"8":{"type":"branch","line":163,"loc":{"start":{"line":163,"column":35},"end":{"line":168,"column":3}},"locations":[{"start":{"line":163,"column":35},"end":{"line":168,"column":3}}]},"9":{"type":"branch","line":168,"loc":{"start":{"line":168,"column":2},"end":{"line":169,"column":31}},"locations":[{"start":{"line":168,"column":2},"end":{"line":169,"column":31}}]},"10":{"type":"branch","line":169,"loc":{"start":{"line":169,"column":31},"end":{"line":174,"column":3}},"locations":[{"start":{"line":169,"column":31},"end":{"line":174,"column":3}}]},"11":{"type":"branch","line":174,"loc"
[...]
end":{"line":62,"column":15}},"62":{"start":{"line":63,"column":0},"end":{"line":63,"column":13}},"63":{"start":{"line":64,"column":0},"end":{"line":64,"column":23}},"64":{"start":{"line":65,"column":0},"end":{"line":65,"column":67}},"65":{"start":{"line":66,"column":0},"end":{"line":66,"column":8}},"66":{"start":{"line":67,"column":0},"end":{"line":67,"column":20}},"67":{"start":{"line":68,"column":0},"end":{"line":68,"column":23}},"68":{"start":{"line":69,"column":0},"end":{"line":69,"column":17}},"69":{"start":{"line":70,"column":0},"end":{"line":70,"column":96}},"70":{"start":{"line":71,"column":0},"end":{"line":71,"column":81}},"71":{"start":{"line":72,"column":0},"end":{"line":72,"column":12}},"72":{"start":{"line":73,"column":0},"end":{"line":73,"column":36}},"73":{"start":{"line":74,"column":0},"end":{"line":74,"column":8}},"74":{"start":{"line":75,"column":0},"end":{"line":75,"column":13}},"75":{"start":{"line":76,"column":0},"end":{"line":76,"column":23}},"76":{"start":{"line":77,"column":0},"end":{"line":77,"column":21}},"77":{"start":{"line":78,"column":0},"end":{"line":78,"column":21}},"78":{"start":{"line":79,"column":0},"end":{"line":79,"column":38}},"79":{"start":{"line":80,"column":0},"end":{"line":80,"column":64}},"80":{"start":{"line":81,"column":0},"end":{"line":81,"column":16}},"81":{"start":{"line":82,"column":0},"end":{"line":82,"column":59}},"82":{"start":{"line":83,"column":0},"end":{"line":83,"column":12}},"83":{"start":{"line":84,"column":0},"end":{"line":84,"column":8}},"84":{"start":{"line":85,"column":0},"end":{"line":85,"column":5}},"85":{"start":{"line":86,"column":0},"end":{"line":86,"column":3}},"86":{"start":{"line":87,"column":0},"end":{"line":87,"column":0}},"87":{"start":{"line":88,"column":0},"end":{"line":88,"column":0}},"88":{"start":{"line":89,"column":0},"end":{"line":89,"column":55}},"89":{"start":{"line":90,"column":0},"end":{"line":90,"column":49}},"90":{"start":{"line":91,"column":0},"end":{"line":91,"column":19}},"91":{"start":{"line":92,"column":0},"end":{"line":92,"column":32}},"92":{"start":{"line":93,"column":0},"end":{"line":93,"column":0}},"93":{"start":{"line":94,"column":0},"end":{"line":94,"column":7}},"94":{"start":{"line":95,"column":0},"end":{"line":95,"column":112}},"95":{"start":{"line":96,"column":0},"end":{"line":96,"column":82}},"96":{"start":{"line":97,"column":0},"end":{"line":97,"column":46}},"97":{"start":{"line":98,"column":0},"end":{"line":98,"column":13}},"98":{"start":{"line":99,"column":0},"end":{"line":99,"column":17}},"99":{"start":{"line":100,"column":0},"end":{"line":100,"column":16}},"100":{"start":{"line":101,"column":0},"end":{"line":101,"column":3}},"101":{"start":{"line":102,"column":0},"end":{"line":102,"column":3}},"102":{"start":{"line":103,"column":0},"end":{"line":103,"column":0}},"103":{"start":{"line":104,"column":0},"end":{"line":104,"column":52}},"104":{"start":{"line":105,"column":0},"end":{"line":105,"column":60}},"105":{"start":{"line":106,"column":0},"end":{"line":106,"column":49}},"106":{"start":{"line":107,"column":0},"end":{"line":107,"column":63}},"107":{"start":{"line":108,"column":0},"end":{"line":108,"column":7}},"108":{"start":{"line":109,"column":0},"end":{"line":109,"column":123}},"109":{"start":{"line":110,"column":0},"end":{"line":110,"column":48}},"110":{"start":{"line":111,"column":0},"end":{"line":111,"column":7}},"111":{"start":{"line":112,"column":0},"end":{"line":112,"column":3}},"112":{"start":{"line":113,"column":0},"end":{"line":113,"column":14}},"113":{"start":{"line":114,"column":0},"end":{"line":114,"column":2}},"114":{"start":{"line":115,"column":0},"end":{"line":115,"column":0}},"115":{"start":{"line":116,"column":0},"end":{"line":116,"column":66}}},"s":{"0":1,"1":1,"2":1,"3":1,"4":1,"5":1,"6":1,"7":1,"8":1,"9":7,"10":7,"11":1,"12":1,"13":1,"14":1,"15":1,"16":1,"17":1,"18":1,"19":1,"20":1,"21":1,"22":1,"23":7,"24":7,"25":1,"26":1,"27":1,"28":1,"29":1,"30":1,"31":1,"32":7,"33":7,"34":1,"35":1,"36":1,"37":1,"38":1,"39":1,"40":1,"41":1,"42":6,"43":6,"44":1,"45":1,"46":1,"47":1,"48":1,"49":1,"50":1,"51":1,"52":1,"53":7,"54":7,"55":1,"56":1,"57":1,"58":1,"59":1,"60":1,"61":1,"62":1,"63":1,"64":1,"65":1,"66":1,"67":1,"68":1,"69":1,"70":1,"71":1,"72":1,"73":1,"74":1,"75":1,"76":1,"77":1,"78":1,"79":7,"80":1,"81":1,"82":1,"83":1,"84":1,"85":1,"86":1,"87":1,"88":1,"89":1,"90":1,"91":1,"92":1,"93":1,"94":1,"95":1,"96":1,"97":1,"98":1,"99":0,"100":0,"101":1,"102":1,"103":1,"104":0,"105":0,"106":0,"107":0,"108":0,"109":0,"110":0,"111":0,"112":0,"113":0,"114":1,"115":1},"branchMap":{"0":{"type":"branch","line":9,"loc":{"start":{"line":9,"column":23},"end":{"line":12,"column":13}},"locations":[{"start":{"line":9,"column":23},"end":{"line":12,"column":13}}]},"1":{"type":"branch","line":13,"loc":{"start":{"line":13,"column":21},"end":{"line":13,"column":104}},"locations":[{"start":{"line":13,"column":21},"end":{"line":13,"column":104}}]},"2":{"type":"branch","line":23,"loc":{"start":{"line":23,"column":23},"end":{"line":26,"column":13}},"locations":[{"start":{"line":23,"column":23},"end":{"line":26,"column":13}}]},"3":{"type":"branch","line":32,"loc":{"start":{"line":32,"column":23},"end":{"line":35,"column":13}},"locations":[{"start":{"line":32,"column":23},"end":{"line":35,"column":13}}]},"4":{"type":"branch","line":42,"loc":{"start":{"line":42,"column":23},"end":{"line":45,"column":13}},"locations":[{"start":{"line":42,"column":23},"end":{"line":45,"column":13}}]},"5":{"type":"branch","line":48,"loc":{"start":{"line":48,"column":9},"end":{"line":48,"column":34}},"locations":[{"start":{"line":48,"column":9},"end":{"line":48,"column":34}}]},"6":{"type":"branch","line":49,"loc":{"start":{"line":49,"column":9},"end":{"line":49,"column":28}},"locations":[{"start":{"line":49,"column":9},"end":{"line":49,"column":28}}]},"7":{"type":"branch","line":53,"loc":{"start":{"line":53,"column":23},"end":{"line":56,"column":13}},"locations":[{"start":{"line":53,"column":23},"end":{"line":56,"column":13}}]},"8":{"type":"branch","line":55,"loc":{"start":{"line":55,"column":41},"end":{"line":55,"column":50}},"locations":[{"start":{"line":55,"column":41},"end":{"line":55,"column":50}}]},"9":{"type":"branch","line":57,"loc":{"start":{"line":57,"column":17},"end":{"line":57,"column":90}},"locations":[{"start":{"line":57,"column":17},"end":{"line":57,"column":90}}]},"10":{"type":"branch","line":59,"loc":{"start":{"line":59,"column":9},"end":{"line":59,"column":32}},"locations":[{"start":{"line":59,"column":9},"end":{"line":59,"column":32}}]},"11":{"type":"branch","line":60,"loc":{"start":{"line":60,"column":9},"end":{"line":60,"column":28}},"locations":[{"start":{"line":60,"column":9},"end":{"line":60,"column":28}}]},"12":{"type":"branch","line":79,"loc":{"start":{"line":79,"column":25},"end":{"line":81,"column":15}},"locations":[{"start":{"line":79,"column":25},"end":{"line":81,"column":15}}]},"13":{"type":"branch","line":90,"loc":{"start":{"line":90,"column":26},"end":{"line":102,"column":2}},"locations":[{"start":{"line":90,"column":26},"end":{"line":102,"column":2}}]},"14":{"type":"branch","line":92,"loc":{"start":{"line":92,"column":18},"end":{"line":92,"column":32}},"locations":[{"start":{"line":92,"column":18},"end":{"line":92,"column":32}}]},"15":{"type":"branch","line":96,"loc":{"start":{"line":96,"column":77},"end":{"line":96,"column":81}},"locations":[{"start":{"line":96,"column":77},"end":{"line":96,"column":81}}]},"16":{"type":"branch","line":99,"loc":{"start":{"line":99,"column":4},"end":{"line":101,"column":3}},"locations":[{"start":{"line":99,"column":4},"end":{"line":101,"column":3}}]}},"b":{"0":[7],"1":[1],"2":[7],"3":[7],"4":[6],"5":[1],"6":[7],"7":[7],"8":[6],"9":[1],"10":[1],"11":[7],"12":[7],"13":[1],"14":[0],"15":[0],"16":[0]},"fnMap":{"0":{"name":"validator","decl":{"start":{"line":9,"column":23},"end":{"line":12,"column":13}},"loc":{"start":{"line":9,"column":23},"end":{"line":12,"column":13}},"line":9},"1":{"name":"message","decl":{"start":{"line":13,"column":21},"end":{"line":13,"column":104}},"loc":{"start":{"line":13,"column":21},"end":{"line":13,"column":104}},"line":13},"2":{"name":"validator","decl":{"start":{"line":23,"column":23},"end":{"line":26,"column":13}},"loc":{"start":{"line":23,"column":23},"end":{"line":26,"column":13}},"line":23},"3":{"name":"message","decl":{"start":{"line":27,"column":21},"end":{"line":27,"column":104}},"loc":{"start":{"line":27,"column":21},"end":{"line":27,"column":104}},"line":27},"4":{"name":"validator","decl":{"start":{"line":32,"column":23},"end":{"line":35,"column":13}},"loc":{"start":{"line":32,"column":23},"end":{"line":35,"column":13}},"line":32},"5":{"name":"message","decl":{"start":{"line":36,"column":21},"end":{"line":36,"column":104}},"loc":{"start":{"line":36,"column":21},"end":{"line":36,"column":104}},"line":36},"6":{"name":"validator","decl":{"start":{"line":42,"column":23},"end":{"line":45,"column":13}},"loc":{"start":{"line":42,"column":23},"end":{"line":45,"column":13}},"line":42},"7":{"name":"message","decl":{"start":{"line":46,"column":17},"end":{"line":46,"column":100}},"loc":{"start":{"line":46,"column":17},"end":{"line":46,"column":100}},"line":46},"8":{"name":"get","decl":{"start":{"line":48,"column":9},"end":{"line":48,"column":34}},"loc":{"start":{"line":48,"column":9},"end":{"line":48,"column":34}},"line":48},"9":{"name":"set","decl":{"start":{"line":49,"column":9},"end":{"line":49,"column":28}},"loc":{"start":{"line":49,"column":9},"end":{"line":49,"column":28}},"line":49},"10":{"name":"validator","decl":{"start":{"line":53,"column":23},"end":{"line":56,"column":13}},"loc":{"start":{"line":53,"column":23},"end":{"line":56,"column":13}},"line":53},"11":{"name":"message","decl":{"start":{"line":57,"column":17},"end":{"line":57,"column":90}},"loc":{"start":{"line":57,"column":17},"end":{"line":57,"column":90}},"line":57},"12":{"name":"get","decl":{"start":{"line":59,"column":9},"end":{"line":59,"column":32}},"loc":{"start":{"line":59,"column":9},"end":{"line":59,"column":32}},"line":59},"13":{"name":"set","decl":{"start":{"line":60,"column":9},"end":{"line":60,"column":28}},"loc":{"start":{"line":60,"column":9},"end":{"line":60,"column":28}},"line":60},"14":{"name":"validator","decl":{"start":{"line":79,"column":25},"end":{"line":81,"column":15}},"loc":{"start":{"line":79,"column":25},"end":{"line":81,"column":15}},"line":79},"15":{"name":"Object.<anonymous>.PackageSchema.methods.validateIDProof","decl":{"start":{"line":104,"column":40},"end":{"line":114,"column":2}},"loc":{"start":{"line":104,"column":40},"end":{"line":114,"column":2}},"line":104}},"f":{"0":7,"1":1,"2":7,"3":0,"4":7,"5":0,"6":6,"7":0,"8":1,"9":7,"10":7,"11":1,"12":1,"13":7,"14":7,"15":0}}
,"C:\\Users\\TS\\OneDrive\\Desktop\\Node\\Package_tacking\\Package_detatils\\Recipient.js": {"path":"C:\\Users\\TS\\OneDrive\\Desktop\\Node\\Package_tacking\\Package_detatils\\Recipient.js","all":false,"statementMap":{"0":{"start":{"line":1,"column":0},"end":{"line":1,"column":37}},"1":{"start":{"line":2,"column":0},"end":{"line":2,"column":0}},"2":{"start":{"line":3,"column":0},"end":{"line":3,"column":45}},"3":{"start":{"line":4,"column":0},"end":{"line":4,"column":21}},"4":{"start":{"line":5,"column":0},"end":{"line":5,"column":22}},"5":{"start":{"line":6,"column":0},"end":{"line":6,"column":23}},"6":{"start":{"line":7,"column":0},"end":{"line":7,"column":19}},"7":{"start":{"line":8,"column":0},"end":{"line":8,"column":36}},"8":{"start":{"line":9,"column":0},"end":{"line":9,"column":47}},"9":{"start":{"line":10,"column":0},"end":{"line":10,"column":14}},"10":{"start":{"line":11,"column":0},"end":{"line":11,"column":104}},"11":{"start":{"line":12,"column":0},"end":{"line":12,"column":9}},"12":{"start":{"line":13,"column":0},"end":{"line":13,"column":6}},"13":{"start":{"line":14,"column":0},"end":{"line":14,"column":21}},"14":{"start":{"line":15,"column":0},"end":{"line":15,"column":21}},"15":{"start":{"line":16,"column":0},"end":{"line":16,"column":23}},"16":{"start":{"line":17,"column":0},"end":{"line":17,"column":19}},"17":{"start":{"line":18,"column":0},"end":{"line":18,"column":37}},"18":{"start":{"line":19,"column":0},"end":{"line":19,"column":45}},"19":{"start":{"line":20,"column":0},"end":{"line":20,"column":62}},"20":{"start":{"line":21,"column":0},"end":{"line":21,"column":40}},"21":{"start":{"line":22,"column":0},"end":{"line":22,"column":14}},"22":{"start":{"line":23,"column":0},"end":{"line":23,"column":78}},"23":{"start":{"line":24,"column":0},"end":{"line":24,"column":12}},"24":{"start":{"line":25,"column":0},"end":{"line":25,"column":8}},"25":{"start":{"line":26,"column":0},"end":{"line":26,"column":25}},"26":{"start":{"line":27,"column":0},"end":{"line":27,"column":21}},"27":{"start":{"line":28,"column":0},"end":{"line":28,"column":57}},"28":{"start":{"line":29,"column":0},"end":{"line":29,"column":19}},"29":{"start":{"line":30,"column":0},"end":{"line":30,"column":35}},"30":{"start":{"line":31,"column":0},"end":{"line":31,"column":62}},"31":{"start":{"line":32,"column":0},"end":{"line":32,"column":74}},"32":{"start":{"line":33,"column":0},"end":{"line":33,"column":12}},"33":{"start":{"line":34,"column":0},"end":{"line":34,"column":29}},"34":{"start":{"line":35,"column":0},"end":{"line":35,"column":87}},"35":{"start":{"line":36,"column":0},"end":{"line":36,"column":10}},"36":{"start":{"line":37,"column":0},"end":{"line":37,"column":8}},"37":{"start":{"line":38,"column":0},"end":{"line":38,"column":14}},"38":{"start":{"line":39,"column":0},"end":{"line":39,"column":22}},"39":{"start":{"line":40,"column":0},"end":{"line":40,"column":23}},"40":{"start":{"line":41,"column":0},"end":{"line":41,"column":71}},"41":{"start":{"line":42,"column":0},"end":{"line":42,"column":65}},"42":{"start":{"line":43,"column":0},"end":{"line":43,"column":19}},"43":{"start":{"line":44,"column":0},"end":{"line":44,"column":33}},"44":{"start":{"line":45,"column":0},"end":{"line":45,"column":78}},"45":{"start":{"line":46,"column":0},"end":{"line":46,"column":56}},"46":{"start":{"line":47,"column":0},"end":{"line":47,"column":40}},"47":{"start":{"line":48,"column":0},"end":{"line":48,"column":10}},"48":{"start":{"line":49,"column":0},"end":{"line":49,"column":75}},"49":{"start":{"line":50,"column":0},"end":{"line":50,"column":10}},"50":{"start":{"line":51,"column":0},"end":{"line":51,"column":6}},"51":{"start":{"line":52,"column":0},"end":{"line":52,"column":15}},"52":{"start":{"line":53,"column":0},"end":{"line":53,"column":13}},"53":{"start":{"line":54,"column":0},"end":{"line":54,"column":23}},"54":{"start":{"line":55,"column":0},"end":{"line":55,"column":67}},"55":{"start":{"line":56,"column":0},"end":{"line":56,"column":8}},"56":{"start":{"line":57,"column":0},"end":{"line":57,"column":20}},"57":{"start":{"line":58,"column":0},"end":{"line":58,"column":23}},"58":{"start":{"line":59,"column":0},"end":{"line":59,"column":17}},"59":{"start":{"line":60,"column":0},"end":{"line":60,"column":96}},"60":{"start":{"line":61,"column":0},"end":{"line":61,"column":81}},"61":{"start":{"line":62,"column":0},"end":{"line":62,"column":12}},"62":{"start":{"line":63,"column":0},"end":{"line":63,"column":36}},"63":{"start":{"line":64,"column":0},"end":{"line":64,"column":8}},"64":{"start":{"line":65,"column":0},"end":{"line":65,"column":13}},"65":{"start":{"line":66,"column":0},"end":{"line":66,"column":23}},"66":{"start":{"line":67,"column":0},"end":{"line":67,"column":21}},"67":{"start":{"line":68,"column":0},"end":{"line":68,"column":21}},"68":{"start":{"line":69,"column":0},"end":{"line":69,"column":38}},"69":{"start":{"line":70,"column":0},"end":{"line":70,"column":64}},"70":{"start":{"line":71,"column":0},"end":{"line":71,"column":16}},"71":{"start":{"line":72,"column":0},"end":{"line":72,"column":59}},"72":{"start":{"line":73,"column":0},"end":{"line":73,"column":12}},"73":{"start":{"line":74,"column":0},"end":{"line":74,"column":8}},"74":{"start":{"line":75,"column":0},"end":{"line":75,"column":5}},"75":{"start":{"line":76,"column":0},"end":{"line":76,"column":5}},"76":{"start":{"line":77,"column":0},"end":{"line":77,"column":0}},"77":{"start":{"line":78,"column":0},"end":{"line":78,"column":0}},"78":{"start":{"line":79,"column":0},"end":{"line":79,"column":62}}},"s":{"0":1,"1":1,"2":1,"3":1,"4":1,"5":1,"6":1,"7":1,"8":6,"9":1,"10":1,"11":1,"12":1,"13":1,"14":1,"15":1,"16":1,"17":1,"18":6,"19":6,"20":6,"21":1,"22":1,"23":1,"24":1,"25":1,"26":1,"27":1,"28":1,"29":1,"30":6,"31":6,"32":1,"33":1,"34":1,"35":1,"36":1,"37":1,"38":1,"39":1,"40":1,"41":1,"42":1,"43":1,"44":5,"45":5,"46":5,"47":1,"48":1,"49":1,"50":1,"51":1,"52":1,"53":1,"54":1,"55":1,"56":1,"57":1,"58":1,"59":1,"60":1,"61":1,"62":1,"63":1,"64":1,"65":1,"66":1,"67":1,"68":1,"69":6,"70":1,"71":1,"72":1,"73":1,"74":1,"75":1,"76":1,"77":1,"78":1},"branchMap":{"0":{"type":"branch","line":8,"loc":{"start":{"line":8,"column":23},"end":{"line":10,"column":13}},"locations":[{"start":{"line":8,"column":23},"end":{"line":10,"column":13}}]},"1":{"type":"branch","line":18,"loc":{"start":{"line":18,"column":23},"end":{"line":22,"column":13}},"locations":[{"start":{"line":18,"column":23},"end":{"line":22,"column":13}}]},"2":{"type":"branch","line":23,"loc":{"start":{"line":23,"column":22},"end":{"line":23,"column":78}},"locations":[{"start":{"line":23,"column":22},"end":{"line":23,"column":78}}]},"3":{"type":"branch","line":30,"loc":{"start":{"line":30,"column":21},"end":{"line":33,"column":11}},"locations":[{"start":{"line":30,"column":21},"end":{"line":33,"column":11}}]},"4":{"type":"branch","line":32,"loc":{"start":{"line":32,"column":44},"end":{"line":32,"column":73}},"locations":[{"start":{"line":32,"column":44},"end":{"line":32,"column":73}}]},"5":{"type":"branch","line":34,"loc":{"start":{"line":34,"column":20},"end":{"line":35,"column":87}},"locations":[{"start":{"line":34,"column":20},"end":{"line":35,"column":87}}]},"6":{"type":"branch","line":44,"loc":{"start":{"line":44,"column":19},"end":{"line":48,"column":9}},"locations":[{"start":{"line":44,"column":19},"end":{"line":48,"column":9}}]},"7":{"type":"branch","line":69,"loc":{"start":{"line":69,"column":25},"end":{"line":71,"column":15}},"locations":[{"start":{"line":69,"column":25},"end":{"line":71,"column":15}}]}},"b":{"0":[6],"1":[6],"2":[1],"3":[6],"4":[5],"5":[1],"6":[5],"7":[6]},"fnMap":{"0":{"name":"validator","decl":{"start":{"line":8,"column":23},"end":{"line":10,"column":13}},"loc":{"start":{"line":8,"column":23},"end":{"line":10,"column":13}},"line":8},"1":{"name":"message","decl":{"start":{"line":11,"column":21},"end":{"line":11,"column":104}},"loc":{"start":{"line":11,"column":21},"end":{"line":11,"column":104}},"line":11},"2":{"name":"validator","decl":{"start":{"line":18,"column":23},"end":{"line":22,"column":13}},"loc":{"start":{"line":18,"column":23},"end":{"line":22,"column":13}},"line":18},"3":{"name":"message","decl":{"start":{"line":23,"column":22},"end":{"line":23,"column":78}},"loc":{"start":{"line":23,"column":22},"end":{"line":23,"column":78}},"line":23},"4":{"name":"validator","decl":{"start":{"line":30,"column":21},"end":{"line":33,"column":11}},"loc":{"start":{"line":30,"column":21},"end":{"line":33,"column":11}},"line":30},"5":{"name":"message","decl":{"start":{"line":34,"column":20},"end":{"line":35,"column":87}},"loc":{"start":{"line":34,"column":20},"end":{"line":35,"column":87}},"line":34},"6":{"name":"validator","decl":{"start":{"line":44,"column":19},"end":{"line":48,"column":9}},"loc":{"start":{"line":44,"column":19},"end":{"line":48,"column":9}},"line":44},"7":{"name":"message","decl":{"start":{"line":49,"column":18},"end":{"line":49,"column":75}},"loc":{"start":{"line":49,"column":18},"end":{"line":49,"column":75}},"line":49},"8":{"name":"validator","decl":{"start":{"line":69,"column":25},"end":{"line":71,"column":15}},"loc":{"start":{"line":69,"column":25},"end":{"line":71,"column":15}},"line":69}},"f":{"0":6,"1":0,"2":6,"3":1,"4":6,"5":1,"6":5,"7":0,"8":6}}
}
