{"C:\\Users\\TS\\OneDrive\\Desktop\\Node\\Package_tacking\\Package_Track\\Package_Tracking.js": {"path":"C:\\Users\\TS\\OneDrive\\Desktop\\Node\\Package_tacking\\Package_Track\\Package_Tracking.js","all":false,"statementMap":{"0":{"start":{"line":1,"column":0},"end":{"line":1,"column":35}},"1":{"start":{"line":2,"column":0},"end":{"line":2,"column":63}},"2":{"start":{"line":3,"column":0},"end":{"line":3,"column":59}},"3":{"start":{"line":4,"column":0},"end":{"line":4,"column":42}},"4":{"start":{"line":5,"column":0},"end":{"line":5,"column":59}},"5":{"start":{"line":6,"column":0},"end":{"line":6,"column":29}},"6":{"start":{"line":7,"column":0},"end":{"line":7,"column":0}},"7":{"start":{"line":8,"column":0},"end":{"line":8,"column":0}},"8":{"start":{"line":9,"column":0},"end":{"line":9,"column":47}},"9":{"start":{"line":10,"column":0},"end":{"line":10,"column":23}},"10":{"start":{"line":11,"column":0},"end":{"line":11,"column":34}},"11":{"start":{"line":12,"column":0},"end":{"line":12,"column":56}},"12":{"start":{"line":13,"column":0},"end":{"line":13,"column":3}},"13":{"start":{"line":14,"column":0},"end":{"line":14,"column":0}},"14":{"start":{"line":15,"column":0},"end":{"line":15,"column":28}},"15":{"start":{"line":16,"column":0},"end":{"line":16,"column":34}},"16":{"start":{"line":17,"column":0},"end":{"line":17,"column":66}},"17":{"start":{"line":18,"column":0},"end":{"line":18,"column":34}},"18":{"start":{"line":19,"column":0},"end":{"line":19,"column":46}},"19":{"start":{"line":20,"column":0},"end":{"line":20,"column":53}},"20":{"start":{"line":21,"column":0},"end":{"line":21,"column":12}},"21":{"start":{"line":22,"column":0},"end":{"line":22,"column":21}},"22":{"start":{"line":23,"column":0},"end":{"line":23,"column":5}},"23":{"start":{"line":24,"column":0},"end":{"line":24,"column":4}},"24":{"start":{"line":25,"column":0},"end":{"line":25,"column":3}},"25":{"start":{"line":26,"column":0},"end":{"line":26,"column":0}},"26":{"start":{"line":27,"column":0},"end":{"line":27,"column":3}},"27":{"start":{"line":28,"column":0},"end":{"line":28,"column":11}},"28":{"start":{"line":29,"column":0},"end":{"line":29,"column":14}},"29":{"start":{"line":30,"column":0},"end":{"line":30,"column":13}},"30":{"start":{"line":31,"column":0},"end":{"line":31,"column":15}},"31":{"start":{"line":32,"column":0},"end":{"line":32,"column":21}},"32":{"start":{"line":33,"column":0},"end":{"line":33,"column":18}},"33":{"start":{"line":34,"column":0},"end":{"line":34,"column":27}},"34":{"start":{"line":35,"column":0},"end":{"line":35,"column":19}},"35":{"start":{"line":36,"column":0},"end":{"line":36,"column":23}},"36":{"start":{"line":37,"column":0},"end":{"line":37,"column":24}},"37":{"start":{"line":38,"column":0},"end":{"line":38,"column":19}},"38":{"start":{"line":39,"column":0},"end":{"line":39,"column":24}},"39":{"start":{"line":40,"column":0},"end":{"line":40,"column":27}},"40":{"start":{"line":41,"column":0},"end":{"line":41,"column":18}},"41":{"start":{"line":42,"column":0},"end":{"line":42,"column":20}},"42":{"start":{"line":43,"column":0},"end":{"line":43,"column":26}},"43":{"start":{"line":44,"column":0},"end":{"line":44,"column":25}},"44":{"start":{"line":45,"column":0},"end":{"line":45,"column":68}},"45":{"start":{"line":46,"column":0},"end":{"line":46,"column":18}},"46":{"start":{"line":47,"column":0},"end":{"line":47,"column":25}},"47":{"start":{"line":48,"column":0},"end":{"line":48,"column":67}},"48":{"start":{"line":49,"column":0},"end":{"line":49,"column":59}},"49":{"start":{"line":50,"column":0},"end":{"line":50,"column":22}},"50":{"start":{"line":51,"column":0},"end":{"line":51,"column":25}},"51":{"start":{"line":52,"column":0},"end":{"line":52,"column":49}},"52":{"start":{"line":53,"column":0},"end":{"line":53,"column":23}},"53":{"start":{"line":54,"column":0},"end":{"line":54,"column":25}},"54":{"start":{"line":55,"column":0},"end":{"line":55,"column":52}},"55":{"start":{"line":56,"column":0},"end":{"line":56,"column":18}},"56":{"start":{"line":57,"column":0},"end":{"line":57,"column":25}},"57":{"start":{"line":58,"column":0},"end":{"line":58,"column":51}},"58":{"start":{"line":59,"column":0},"end":{"line":59,"column":23}},"59":{"start":{"line":60,"column":0},"end":{"line":60,"column":25}},"60":{"start":{"line":61,"column":0},"end":{"line":61,"column":56}},"61":{"start":{"line":62,"column":0},"end":{"line":62,"column":26}},"62":{"start":{"line":63,"column":0},"end":{"line":63,"column":25}},"63":{"start":{"line":64,"column":0},"end":{"line":64,"column":60}},"64":{"start":{"line":65,"column":0},"end":{"line":65,"column":17}},"65":{"start":{"line":66,"column":0},"end":{"line":66,"column":25}},"66":{"start":{"line":67,"column":0},"end":{"line":67,"column":46}},"67":{"start":{"line":68,"column":0},"end":{"line":68,"column":17}},"68":{"start":{"line":69,"column":0},"end":{"line":69,"column":28}},"69":{"start":{"line":70,"column":0},"end":{"line":70,"column":31}},"70":{"start":{"line":71,"column":0},"end":{"line":71,"column":32}},"71":{"start":{"line":72,"column":0},"end":{"line":72,"column":29}},"72":{"start":{"line":73,"column":0},"end":{"line":73,"column":25}},"73":{"start":{"line":74,"column":0},"end":{"line":74,"column":35}},"74":{"start":{"line":75,"column":0},"end":{"line":75,"column":32}},"75":{"start":{"line":76,"column":0},"end":{"line":76,"column":31}},"76":{"start":{"line":77,"column":0},"end":{"line":77,"column":21}},"77":{"start":{"line":78,"column":0},"end":{"line":78,"column":3}},"78":{"start":{"line":79,"column":0},"end":{"line":79,"column":0}},"79":{"start":{"line":80,"column":0},"end":{"line":80,"column":3}},"80":{"start":{"line":81,"column":0},"end":{"line":81,"column":11}},"81":{"start":{"line":82,"column":0},"end":{"line":82,"column":8}},"82":{"start":{"line":83,"column":0},"end":{"line":83,"column":19}},"83":{"start":{"line":84,"column":0},"end":{"line":84,"column":43}},"84":{"start":{"line":85,"column":0},"end":{"line":85,"column":3}},"85":{"start":{"line":86,"column":0},"end":{"line":86,"column":0}},"86":{"start":{"line":87,"column":0},"end":{"line":87,"column":3}},"87":{"start":{"line":88,"column":0},"end":{"line":88,"column":11}},"88":{"start":{"line":89,"column":0},"end":{"line":89,"column":14}},"89":{"start":{"line":90,"column":0},"end":{"line":90,"column":10}},"90":{"start":{"line":91,"column":0},"end":{"line":91,"column":36}},"91":{"start":{"line":92,"column":0},"end":{"line":92,"column":23}},"92":{"start":{"line":93,"column":0},"end":{"line":93,"column":19}},"93":{"start":{"line":94,"column":0},"end":{"line":94,"column":23}},"94":{"start":{"line":95,"column":0},"end":{"line":95,"column":17}},"95":{"start":{"line":96,"column":0},"end":{"line":96,"column":28}},"96":{"start":{"line":97,"column":0},"end":{"line":97,"column":20}},"97":{"start":{"line":98,"column":0},"end":{"line":98,"column":51}},"98":{"start":{"line":99,"column":0},"end":{"line":99,"column":17}},"99":{"start":{"line":100,"column":0},"end":{"line":100,"column":13}},"100":{"start":{"line":101,"column":0},"end":{"line":101,"column":60}},"101":{"start":{"line":102,"column":0},"end":{"line":102,"column":19}},"102":{"start":{"line":103,"column":0},"end":{"line":103,"column":30}},"103":{"start":{"line":104,"column":0},"end":{"line":104,"column":22}},"104":{"start":{"line":105,"column":0},"end":{"line":105,"column":53}},"105":{"start":{"line":106,"column":0},"end":{"line":106,"column":13}},"106":{"start":{"line":107,"column":0},"end":{"line":107,"column":40}},"107":{"start":{"line":108,"column":0},"end":{"line":108,"column":13}},"108":{"start":{"line":109,"column":0},"end":{"line":109,"column":43}},"109":{"start":{"line":110,"column":0},"end":{"line":110,"column":13}},"110":{"start":{"line":111,"column":0},"end":{"line":111,"column":41}},"111":{"start":{"line":112,"column":0},"end":{"line":112,"column":3}},"112":{"start":{"line":113,"column":0},"end":{"line":113,"column":0}},"113":{"start":{"line":114,"column":0},"end":{"line":114,"column":38}},"114":{"start":{"line":115,"column":0},"end":{"line":115,"column":45}},"115":{"start":{"line":116,"column":0},"end":{"line":116,"column":115}},"116":{"start":{"line":117,"column":0},"end":{"line":117,"column":0}},"117":{"start":{"line":118,"column":0},"end":{"line":118,"column":135}},"118":{"start":{"line":119,"column":0},"end":{"line":119,"column":0}},"119":{"start":{"line":120,"column":0},"end":{"line":120,"column":29}},"120":{"start":{"line":121,"column":0},"end":{"line":121,"column":39}},"121":{"start":{"line":122,"column":0},"end":{"line":122,"column":27}},"122":{"start":{"line":123,"column":0},"end":{"line":123,"column":35}},"123":{"start":{"line":124,"column":0},"end":{"line":124,"column":23}},"124":{"start":{"line":125,"column":0},"end":{"line":125,"column":52}},"125":{"start":{"line":126,"column":0},"end":{"line":126,"column":23}},"126":{"start":{"line":127,"column":0},"end":{"line":127,"column":9}},"127":{"start":{"line":128,"column":0},"end":{"line":128,"column":5}},"128":{"start":{"line":129,"column":0},"end":{"line":129,"column":3}},"129":{"start":{"line":130,"column":0},"end":{"line":130,"column":0}},"130":{"start":{"line":131,"column":0},"end":{"line":131,"column":26}},"131":{"start":{"line":132,"column":0},"end":{"line":132,"column":80}},"132":{"start":{"line":133,"column":0},"end":{"line":133,"column":40}},"133":{"start":{"line":134,"column":0},"end":{"line":134,"column":33}},"134":{"start":{"line":135,"column":0},"end":{"line":135,"column":21}},"135":{"start":{"line":136,"column":0},"end":{"line":136,"column":87}},"136":{"start":{"line":137,"column":0},"end":{"line":137,"column":7}},"137":{"start":{"line":138,"column":0},"end":{"line":138,"column":3}},"138":{"start":{"line":139,"column":0},"end":{"line":139,"column":0}},"139":{"start":{"line":140,"column":0},"end":{"line":140,"column":28}},"140":{"start":{"line":141,"column":0},"end":{"line":141,"column":110}},"141":{"start":{"line":142,"column":0},"end":{"line":142,"column":33}},"142":{"start":{"line":143,"column":0},"end":{"line":143,"column":21}},"143":{"start":{"line":144,"column":0},"end":{"line":144,"column":75}},"144":{"start":{"line":145,"column":0},"end":{"line":145,"column":7}},"145":{"start":{"line":146,"column":0},"end":{"line":146,"column":3}},"146":{"start":{"line":147,"column":0},"end":{"line":147,"column":0}},"147":{"start":{"line":148,"column":0},"end":{"line":148,"column":9}},"148":{"start":{"line":149,"column":0},"end":{"line":149,"column":2}},"149":{"start":{"line":150,"column":0},"end":{"line":150,"column":0}},"150":{"start":{"line":151,"column":0},"end":{"line":151,"column":37}},"151":{"start":{"line":152,"column":0},"end":{"line":152,"column":71}},"152":{"start":{"line":153,"column":0},"end":{"line":153,"column":7}},"153":{"start":{"line":154,"column":0},"end":{"line":154,"column":69}},"154":{"start":{"line":155,"column":0},"end":{"line":155,"column":21}},"155":{"start":{"line":156,"column":0},"end":{"line":156,"column":70}},"156":{"start":{"line":157,"column":0},"end":{"line":157,"column":5}},"157":{"start":{"line":158,"column":0},"end":{"line":158,"column":0}},"158":{"start":{"line":159,"column":0},"end":{"line":159,"column":27}},"159":{"start":{"line":160,"column":0},"end":{"line":160,"column":45}},"160":{"start":{"line":161,"column":0},"end":{"line":161,"column":49}},"161":{"start":{"line":162,"column":0},"end":{"line":162,"column":0}},"162":{"start":{"line":163,"column":0},"end":{"line":163,"column":26}},"163":{"start":{"line":164,"column":0},"end":{"line":164,"column":20}},"164":{"start":{"line":165,"column":0},"end":{"line":165,"column":47}},"165":{"start":{"line":166,"column":0},"end":{"line":166,"column":25}},"166":{"start":{"line":167,"column":0},"end":{"line":167,"column":7}},"167":{"start":{"line":168,"column":0},"end":{"line":168,"column":19}},"168":{"start":{"line":169,"column":0},"end":{"line":169,"column":16}},"169":{"start":{"line":170,"column":0},"end":{"line":170,"column":3}},"170":{"start":{"line":171,"column":0},"end":{"line":171,"column":3}},"171":{"start":{"line":172,"column":0},"end":{"line":172,"column":0}},"172":{"start":{"line":173,"column":0},"end":{"line":173,"column":2}},"173":{"start":{"line":174,"column":0},"end":{"line":174,"column":0}},"174":{"start":{"line":175,"column":0},"end":{"line":175,"column":3}},"175":{"start":{"line":176,"column":0},"end":{"line":176,"column":11}},"176":{"start":{"line":177,"column":0},"end":{"line":177,"column":13}},"177":{"start":{"line":178,"column":0},"end":{"line":178,"column":9}},"178":{"start":{"line":179,"column":0},"end":{"line":179,"column":37}},"179":{"start":{"line":180,"column":0},"end":{"line":180,"column":23}},"180":{"start":{"line":181,"column":0},"end":{"line":181,"column":17}},"181":{"start":{"line":182,"column":0},"end":{"line":182,"column":13}},"182":{"start":{"line":183,"column":0},"end":{"line":183,"column":44}},"183":{"start":{"line":184,"column":0},"end":{"line":184,"column":19}},"184":{"start":{"line":185,"column":0},"end":{"line":185,"column":30}},"185":{"start":{"line":186,"column":0},"end":{"line":186,"column":22}},"186":{"start":{"line":187,"column":0},"end":{"line":187,"column":28}},"187":{"start":{"line":188,"column":0},"end":{"line":188,"column":23}},"188":{"start":{"line":189,"column":0},"end":{"line":189,"column":55}},"189":{"start":{"line":190,"column":0},"end":{"line":190,"column":3}},"190":{"start":{"line":191,"column":0},"end":{"line":191,"column":0}},"191":{"start":{"line":192,"column":0},"end":{"line":192,"column":0}},"192":{"start":{"line":193,"column":0},"end":{"line":193,"column":21}},"193":{"start":{"line":194,"column":0},"end":{"line":194,"column":55}},"194":{"start":{"line":195,"column":0},"end":{"line":195,"column":0}},"195":{"start":{"line":196,"column":0},"end":{"line":196,"column":9}},"196":{"start":{"line":197,"column":0},"end":{"line":197,"column":68}},"197":{"start":{"line":198,"column":0},"end":{"line":198,"column":28}},"198":{"start":{"line":199,"column":0},"end":{"line":199,"column":22}},"199":{"start":{"line":200,"column":0},"end":{"line":200,"column":23}},"200":{"start":{"line":201,"column":0},"end":{"line":201,"column":9}},"201":{"start":{"line":202,"column":0},"end":{"line":202,"column":21}},"202":{"start":{"line":203,"column":0},"end":{"line":203,"column":25}},"203":{"start":{"line":204,"column":0},"end":{"line":204,"column":5}},"204":{"start":{"line":205,"column":0},"end":{"line":205,"column":5}},"205":{"start":{"line":206,"column":0},"end":{"line":206,"column":2}},"206":{"start":{"line":207,"column":0},"end":{"line":207,"column":5}},"207":{"start":{"line":208,"column":0},"end":{"line":208,"column":11}},"208":{"start":{"line":209,"column":0},"end":{"line":209,"column":30}},"209":{"start":{"line":210,"column":0},"end":{"line":210,"column":9}},"210":{"start":{"line":211,"column":0},"end":{"line":211,"column":48}},"211":{"start":{"line":212,"column":0},"end":{"line":212,"column":23}},"212":{"start":{"line":213,"column":0},"end":{"line":213,"column":18}},"213":{"start":{"line":214,"column":0},"end":{"line":214,"column":19}},"214":{"start":{"line":215,"column":0},"end":{"line":215,"column":31}},"215":{"start":{"line":216,"column":0},"end":{"line":216,"column":18}},"216":{"start":{"line":217,"column":0},"end":{"line":217,"column":25}},"217":{"start":{"line":218,"column":0},"end":{"line":218,"column":25}},"218":{"start":{"line":219,"column":0},"end":{"line":219,"column":58}},"219":{"start":{"line":220,"column":0},"end":{"line":220,"column":17}},"220":{"start":{"line":221,"column":0},"end":{"line":221,"column":13}},"221":{"start":{"line":222,"column":0},"end":{"line":222,"column":40}},"222":{"start":{"line":223,"column":0},"end":{"line":223,"column":19}},"223":{"start":{"line":224,"column":0},"end":{"line":224,"column":30}},"224":{"start":{"line":225,"column":0},"end":{"line":225,"column":22}},"225":{"start":{"line":226,"column":0},"end":{"line":226,"column":53}},"226":{"start":{"line":227,"column":0},"end":{"line":227,"column":13}},"227":{"start":{"line":228,"column":0},"end":{"line":228,"column":41}},"228":{"start":{"line":229,"column":0},"end":{"line":229,"column":3}},"229":{"start":{"line":230,"column":0},"end":{"line":230,"column":0}},"230":{"start":{"line":231,"column":0},"end":{"line":231,"column":36}},"231":{"start":{"line":232,"column":0},"end":{"line":232,"column":70}},"232":{"start":{"line":233,"column":0},"end":{"line":233,"column":9}},"233":{"start":{"line":234,"column":0},"end":{"line":234,"column":41}},"234":{"start":{"line":235,"column":0},"end":{"line":235,"column":50}},"235":{"start":{"line":236,"column":0},"end":{"line":236,"column":33}},"236":{"start":{"line":237,"column":0},"end":{"line":237,"column":17}},"237":{"start":{"line":238,"column":0},"end":{"line":238,"column":37}},"238":{"start":{"line":239,"column":0},"end":{"line":239,"column":25}},"239":{"start":{"line":240,"column":0},"end":{"line":240,"column":40}},"240":{"start":{"line":241,"column":0},"end":{"line":241,"column":11}},"241":{"start":{"line":242,"column":0},"end":{"line":242,"column":7}},"242":{"start":{"line":243,"column":0},"end":{"line":243,"column":28}},"243":{"start":{"line":244,"column":0},"end":{"line":244,"column":22}},"244":{"start":{"line":245,"column":0},"end":{"line":245,"column":18}},"245":{"start":{"line":246,"column":0},"end":{"line":246,"column":9}},"246":{"start":{"line":247,"column":0},"end":{"line":247,"column":21}},"247":{"start":{"line":248,"column":0},"end":{"line":248,"column":25}},"248":{"start":{"line":249,"column":0},"end":{"line":249,"column":5}},"249":{"start":{"line":250,"column":0},"end":{"line":250,"column":5}},"250":{"start":{"line":251,"column":0},"end":{"line":251,"column":0}},"251":{"start":{"line":252,"column":0},"end":{"line":252,"column":0}},"252":{"start":{"line":253,"column":0},"end":{"line":253,"column":3}},"253":{"start":{"line":254,"column":0},"end":{"line":254,"column":11}},"254":{"start":{"line":255,"column":0},"end":{"line":255,"column":30}},"255":{"start":{"line":256,"column":0},"end":{"line":256,"column":9}},"256":{"start":{"line":257,"column":0},"end":{"line":257,"column":51}},"257":{"start":{"line":258,"column":0},"end":{"line":258,"column":23}},"258":{"start":{"line":259,"column":0},"end":{"line":259,"column":18}},"259":{"start":{"line":260,"column":0},"end":{"line":260,"column":19}},"260":{"start":{"line":261,"column":0},"end":{"line":261,"column":31}},"261":{"start":{"line":262,"column":0},"end":{"line":262,"column":18}},"262":{"start":{"line":263,"column":0},"end":{"line":263,"column":25}},"263":{"start":{"line":264,"column":0},"end":{"line":264,"column":25}},"264":{"start":{"line":265,"column":0},"end":{"line":265,"column":68}},"265":{"start":{"line":266,"column":0},"end":{"line":266,"column":19}},"266":{"start":{"line":267,"column":0},"end":{"line":267,"column":23}},"267":{"start":{"line":268,"column":0},"end":{"line":268,"column":17}},"268":{"start":{"line":269,"column":0},"end":{"line":269,"column":28}},"269":{"start":{"line":270,"column":0},"end":{"line":270,"column":20}},"270":{"start":{"line":271,"column":0},"end":{"line":271,"column":51}},"271":{"start":{"line":272,"column":0},"end":{"line":272,"column":17}},"272":{"start":{"line":273,"column":0},"end":{"line":273,"column":13}},"273":{"start":{"line":274,"column":0},"end":{"line":274,"column":60}},"274":{"start":{"line":275,"column":0},"end":{"line":275,"column":13}},"275":{"start":{"line":276,"column":0},"end":{"line":276,"column":41}},"276":{"start":{"line":277,"column":0},"end":{"line":277,"column":3}},"277":{"start":{"line":278,"column":0},"end":{"line":278,"column":0}},"278":{"start":{"line":279,"column":0},"end":{"line":279,"column":49}},"279":{"start":{"line":280,"column":0},"end":{"line":280,"column":70}},"280":{"start":{"line":281,"column":0},"end":{"line":281,"column":9}},"281":{"start":{"line":282,"column":0},"end":{"line":282,"column":60}},"282":{"start":{"line":283,"column":0},"end":{"line":283,"column":54}},"283":{"start":{"line":284,"column":0},"end":{"line":284,"column":61}},"284":{"start":{"line":285,"column":0},"end":{"line":285,"column":112}},"285":{"start":{"line":286,"column":0},"end":{"line":286,"column":32}},"286":{"start":{"line":287,"column":0},"end":{"line":287,"column":2}},"287":{"start":{"line":288,"column":0},"end":{"line":288,"column":28}},"288":{"start":{"line":289,"column":0},"end":{"line":289,"column":37}},"289":{"start":{"line":290,"column":0},"end":{"line":290,"column":25}},"290":{"start":{"line":291,"column":0},"end":{"line":291,"column":40}},"291":{"start":{"line":292,"column":0},"end":{"line":292,"column":11}},"292":{"start":{"line":293,"column":0},"end":{"line":293,"column":7}},"293":{"start":{"line":294,"column":0},"end":{"line":294,"column":2}},"294":{"start":{"line":295,"column":0},"end":{"line":295,"column":28}},"295":{"start":{"line":296,"column":0},"end":{"line":296,"column":22}},"296":{"start":{"line":297,"column":0},"end":{"line":297,"column":49}},"297":{"start":{"line":298,"column":0},"end":{"line":298,"column":29}},"298":{"start":{"line":299,"column":0},"end":{"line":299,"column":9}},"299":{"start":{"line":300,"column":0},"end":{"line":300,"column":21}},"300":{"start":{"line":301,"column":0},"end":{"line":301,"column":25}},"301":{"start":{"line":302,"column":0},"end":{"line":302,"column":5}},"302":{"start":{"line":303,"column":0},"end":{"line":303,"column":5}},"303":{"start":{"line":304,"column":0},"end":{"line":304,"column":2}},"304":{"start":{"line":305,"column":0},"end":{"line":305,"column":3}},"305":{"start":{"line":306,"column":0},"end":{"line":306,"column":11}},"306":{"start":{"line":307,"column":0},"end":{"line":307,"column":30}},"307":{"start":{"line":308,"column":0},"end":{"line":308,"column":11}},"308":{"start":{"line":309,"column":0},"end":{"line":309,"column":61}},"309":{"start":{"line":310,"column":0},"end":{"line":310,"column":23}},"310":{"start":{"line":311,"column":0},"end":{"line":311,"column":18}},"311":{"start":{"line":312,"column":0},"end":{"line":312,"column":19}},"312":{"start":{"line":313,"column":0},"end":{"line":313,"column":31}},"313":{"start":{"line":314,"column":0},"end":{"line":314,"column":18}},"314":{"start":{"line":315,"column":0},"end":{"line":315,"column":25}},"315":{"start":{"line":316,"column":0},"end":{"line":316,"column":25}},"316":{"start":{"line":317,"column":0},"end":{"line":317,"column":68}},"317":{"start":{"line":318,"column":0},"end":{"line":318,"column":19}},"318":{"start":{"line":319,"column":0},"end":{"line":319,"column":23}},"319":{"start":{"line":320,"column":0},"end":{"line":320,"column":17}},"320":{"start":{"line":321,"column":0},"end":{"line":321,"column":28}},"321":{"start":{"line":322,"column":0},"end":{"line":322,"column":20}},"322":{"start":{"line":323,"column":0},"end":{"line":323,"column":51}},"323":{"start":{"line":324,"column":0},"end":{"line":324,"column":17}},"324":{"start":{"line":325,"column":0},"end":{"line":325,"column":13}},"325":{"start":{"line":326,"column":0},"end":{"line":326,"column":62}},"326":{"start":{"line":327,"column":0},"end":{"line":327,"column":19}},"327":{"start":{"line":328,"column":0},"end":{"line":328,"column":30}},"328":{"start":{"line":329,"column":0},"end":{"line":329,"column":22}},"329":{"start":{"line":330,"column":0},"end":{"line":330,"column":53}},"330":{"start":{"line":331,"column":0},"end":{"line":331,"column":13}},"331":{"start":{"line":332,"column":0},"end":{"line":332,"column":41}},"332":{"start":{"line":333,"column":0},"end":{"line":333,"column":3}},"333":{"start":{"line":334,"column":0},"end":{"line":334,"column":0}},"334":{"start":{"line":335,"column":0},"end":{"line":335,"column":30}},"335":{"start":{"line":336,"column":0},"end":{"line":336,"column":72}},"336":{"start":{"line":337,"column":0},"end":{"line":337,"column":9}},"337":{"start":{"line":338,"column":0},"end":{"line":338,"column":49}},"338":{"start":{"line":339,"column":0},"end":{"line":339,"column":54}},"339":{"start":{"line":340,"column":0},"end":{"line":340,"column":36}},"340":{"start":{"line":341,"column":0},"end":{"line":341,"column":42}},"341":{"start":{"line":342,"column":0},"end":{"line":342,"column":8}},"342":{"start":{"line":343,"column":0},"end":{"line":343,"column":17}},"343":{"start":{"line":344,"column":0},"end":{"line":344,"column":37}},"344":{"start":{"line":345,"column":0},"end":{"line":345,"column":25}},"345":{"start":{"line":346,"column":0},"end":{"line":346,"column":40}},"346":{"start":{"line":347,"column":0},"end":{"line":347,"column":11}},"347":{"start":{"line":348,"column":0},"end":{"line":348,"column":7}},"348":{"start":{"line":349,"column":0},"end":{"line":349,"column":28}},"349":{"start":{"line":350,"column":0},"end":{"line":350,"column":22}},"350":{"start":{"line":351,"column":0},"end":{"line":351,"column":56}},"351":{"start":{"line":352,"column":0},"end":{"line":352,"column":18}},"352":{"start":{"line":353,"column":0},"end":{"line":353,"column":9}},"353":{"start":{"line":354,"column":0},"end":{"line":354,"column":21}},"354":{"start":{"line":355,"column":0},"end":{"line":355,"column":25}},"355":{"start":{"line":356,"column":0},"end":{"line":356,"column":5}},"356":{"start":{"line":357,"column":0},"end":{"line":357,"column":5}},"357":{"start":{"line":358,"column":0},"end":{"line":358,"column":2}},"358":{"start":{"line":359,"column":0},"end":{"line":359,"column":3}},"359":{"start":{"line":360,"column":0},"end":{"line":360,"column":11}},"360":{"start":{"line":361,"column":0},"end":{"line":361,"column":30}},"361":{"start":{"line":362,"column":0},"end":{"line":362,"column":12}},"362":{"start":{"line":363,"column":0},"end":{"line":363,"column":51}},"363":{"start":{"line":364,"column":0},"end":{"line":364,"column":23}},"364":{"start":{"line":365,"column":0},"end":{"line":365,"column":18}},"365":{"start":{"line":366,"column":0},"end":{"line":366,"column":19}},"366":{"start":{"line":367,"column":0},"end":{"line":367,"column":31}},"367":{"start":{"line":368,"column":0},"end":{"line":368,"column":18}},"368":{"start":{"line":369,"column":0},"end":{"line":369,"column":25}},"369":{"start":{"line":370,"column":0},"end":{"line":370,"column":25}},"370":{"start":{"line":371,"column":0},"end":{"line":371,"column":68}},"371":{"start":{"line":372,"column":0},"end":{"line":372,"column":17}},"372":{"start":{"line":373,"column":0},"end":{"line":373,"column":13}},"373":{"start":{"line":374,"column":0},"end":{"line":374,"column":52}},"374":{"start":{"line":375,"column":0},"end":{"line":375,"column":13}},"375":{"start":{"line":376,"column":0},"end":{"line":376,"column":41}},"376":{"start":{"line":377,"column":0},"end":{"line":377,"column":3}},"377":{"start":{"line":378,"column":0},"end":{"line":378,"column":0}},"378":{"start":{"line":379,"column":0},"end":{"line":379,"column":21}},"379":{"start":{"line":380,"column":0},"end":{"line":380,"column":73}},"380":{"start":{"line":381,"column":0},"end":{"line":381,"column":9}},"381":{"start":{"line":382,"column":0},"end":{"line":382,"column":50}},"382":{"start":{"line":383,"column":0},"end":{"line":383,"column":50}},"383":{"start":{"line":384,"column":0},"end":{"line":384,"column":9}},"384":{"start":{"line":385,"column":0},"end":{"line":385,"column":17}},"385":{"start":{"line":386,"column":0},"end":{"line":386,"column":37}},"386":{"start":{"line":387,"column":0},"end":{"line":387,"column":25}},"387":{"start":{"line":388,"column":0},"end":{"line":388,"column":40}},"388":{"start":{"line":389,"column":0},"end":{"line":389,"column":11}},"389":{"start":{"line":390,"column":0},"end":{"line":390,"column":7}},"390":{"start":{"line":391,"column":0},"end":{"line":391,"column":28}},"391":{"start":{"line":392,"column":0},"end":{"line":392,"column":22}},"392":{"start":{"line":393,"column":0},"end":{"line":393,"column":49}},"393":{"start":{"line":394,"column":0},"end":{"line":394,"column":9}},"394":{"start":{"line":395,"column":0},"end":{"line":395,"column":21}},"395":{"start":{"line":396,"column":0},"end":{"line":396,"column":25}},"396":{"start":{"line":397,"column":0},"end":{"line":397,"column":5}},"397":{"start":{"line":398,"column":0},"end":{"line":398,"column":5}},"398":{"start":{"line":399,"column":0},"end":{"line":399,"column":0}},"399":{"start":{"line":400,"column":0},"end":{"line":400,"column":5}},"400":{"start":{"line":401,"column":0},"end":{"line":401,"column":11}},"401":{"start":{"line":402,"column":0},"end":{"line":402,"column":22}},"402":{"start":{"line":403,"column":0},"end":{"line":403,"column":10}},"403":{"start":{"line":404,"column":0},"end":{"line":404,"column":36}},"404":{"start":{"line":405,"column":0},"end":{"line":405,"column":23}},"405":{"start":{"line":406,"column":0},"end":{"line":406,"column":19}},"406":{"start":{"line":407,"column":0},"end":{"line":407,"column":23}},"407":{"start":{"line":408,"column":0},"end":{"line":408,"column":17}},"408":{"start":{"line":409,"column":0},"end":{"line":409,"column":28}},"409":{"start":{"line":410,"column":0},"end":{"line":410,"column":20}},"410":{"start":{"line":411,"column":0},"end":{"line":411,"column":27}},"411":{"start":{"line":412,"column":0},"end":{"line":412,"column":26}},"412":{"start":{"line":413,"column":0},"end":{"line":413,"column":26}},"413":{"start":{"line":414,"column":0},"end":{"line":414,"column":30}},"414":{"start":{"line":415,"column":0},"end":{"line":415,"column":25}},"415":{"start":{"line":416,"column":0},"end":{"line":416,"column":57}},"416":{"start":{"line":417,"column":0},"end":{"line":417,"column":17}},"417":{"start":{"line":418,"column":0},"end":{"line":418,"column":13}},"418":{"start":{"line":419,"column":0},"end":{"line":419,"column":58}},"419":{"start":{"line":420,"column":0},"end":{"line":420,"column":13}},"420":{"start":{"line":421,"column":0},"end":{"line":421,"column":41}},"421":{"start":{"line":422,"column":0},"end":{"line":422,"column":3}},"422":{"start":{"line":423,"column":0},"end":{"line":423,"column":62}},"423":{"start":{"line":424,"column":0},"end":{"line":424,"column":7}},"424":{"start":{"line":425,"column":0},"end":{"line":425,"column":36}},"425":{"start":{"line":426,"column":0},"end":{"line":426,"column":0}},"426":{"start":{"line":427,"column":0},"end":{"line":427,"column":56}},"427":{"start":{"line":428,"column":0},"end":{"line":428,"column":49}},"428":{"start":{"line":429,"column":0},"end":{"line":429,"column":78}},"429":{"start":{"line":430,"column":0},"end":{"line":430,"column":27}},"430":{"start":{"line":431,"column":0},"end":{"line":431,"column":99}},"431":{"start":{"line":432,"column":0},"end":{"line":432,"column":11}},"432":{"start":{"line":433,"column":0},"end":{"line":433,"column":7}},"433":{"start":{"line":434,"column":0},"end":{"line":434,"column":0}},"434":{"start":{"line":435,"column":0},"end":{"line":435,"column":29}},"435":{"start":{"line":436,"column":0},"end":{"line":436,"column":56}},"436":{"start":{"line":437,"column":0},"end":{"line":437,"column":28}},"437":{"start":{"line":438,"column":0},"end":{"line":438,"column":24}},"438":{"start":{"line":439,"column":0},"end":{"line":439,"column":52}},"439":{"start":{"line":440,"column":0},"end":{"line":440,"column":23}},"440":{"start":{"line":441,"column":0},"end":{"line":441,"column":9}},"441":{"start":{"line":442,"column":0},"end":{"line":442,"column":0}},"442":{"start":{"line":443,"column":0},"end":{"line":443,"column":19}},"443":{"start":{"line":444,"column":0},"end":{"line":444,"column":25}},"444":{"start":{"line":445,"column":0},"end":{"line":445,"column":3}},"445":{"start":{"line":446,"column":0},"end":{"line":446,"column":3}},"446":{"start":{"line":447,"column":0},"end":{"line":447,"column":0}},"447":{"start":{"line":448,"column":0},"end":{"line":448,"column":3}},"448":{"start":{"line":449,"column":0},"end":{"line":449,"column":11}},"449":{"start":{"line":450,"column":0},"end":{"line":450,"column":20}},"450":{"start":{"line":451,"column":0},"end":{"line":451,"column":10}},"451":{"start":{"line":452,"column":0},"end":{"line":452,"column":56}},"452":{"start":{"line":453,"column":0},"end":{"line":453,"column":23}},"453":{"start":{"line":454,"column":0},"end":{"line":454,"column":19}},"454":{"start":{"line":455,"column":0},"end":{"line":455,"column":23}},"455":{"start":{"line":456,"column":0},"end":{"line":456,"column":17}},"456":{"start":{"line":457,"column":0},"end":{"line":457,"column":31}},"457":{"start":{"line":458,"column":0},"end":{"line":458,"column":20}},"458":{"start":{"line":459,"column":0},"end":{"line":459,"column":27}},"459":{"start":{"line":460,"column":0},"end":{"line":460,"column":26}},"460":{"start":{"line":461,"column":0},"end":{"line":461,"column":22}},"461":{"start":{"line":462,"column":0},"end":{"line":462,"column":31}},"462":{"start":{"line":463,"column":0},"end":{"line":463,"column":33}},"463":{"start":{"line":464,"column":0},"end":{"line":464,"column":73}},"464":{"start":{"line":465,"column":0},"end":{"line":465,"column":17}},"465":{"start":{"line":466,"column":0},"end":{"line":466,"column":13}},"466":{"start":{"line":467,"column":0},"end":{"line":467,"column":54}},"467":{"start":{"line":468,"column":0},"end":{"line":468,"column":13}},"468":{"start":{"line":469,"column":0},"end":{"line":469,"column":44}},"469":{"start":{"line":470,"column":0},"end":{"line":470,"column":13}},"470":{"start":{"line":471,"column":0},"end":{"line":471,"column":36}},"471":{"start":{"line":472,"column":0},"end":{"line":472,"column":3}},"472":{"start":{"line":473,"column":0},"end":{"line":473,"column":0}},"473":{"start":{"line":474,"column":0},"end":{"line":474,"column":40}},"474":{"start":{"line":475,"column":0},"end":{"line":475,"column":83}},"475":{"start":{"line":476,"column":0},"end":{"line":476,"column":7}},"476":{"start":{"line":477,"column":0},"end":{"line":477,"column":20}},"477":{"start":{"line":478,"column":0},"end":{"line":478,"column":66}},"478":{"start":{"line":479,"column":0},"end":{"line":479,"column":5}},"479":{"start":{"line":480,"column":0},"end":{"line":480,"column":0}},"480":{"start":{"line":481,"column":0},"end":{"line":481,"column":21}},"481":{"start":{"line":482,"column":0},"end":{"line":482,"column":5}},"482":{"start":{"line":483,"column":0},"end":{"line":483,"column":88}},"483":{"start":{"line":484,"column":0},"end":{"line":484,"column":17}},"484":{"start":{"line":485,"column":0},"end":{"line":485,"column":54}},"485":{"start":{"line":486,"column":0},"end":{"line":486,"column":71}},"486":{"start":{"line":487,"column":0},"end":{"line":487,"column":1}},"487":{"start":{"line":488,"column":0},"end":{"line":488,"column":0}},"488":{"start":{"line":489,"column":0},"end":{"line":489,"column":0}},"489":{"start":{"line":490,"column":0},"end":{"line":490,"column":68}},"490":{"start":{"line":491,"column":0},"end":{"line":491,"column":104}},"491":{"start":{"line":492,"column":0},"end":{"line":492,"column":5}},"492":{"start":{"line":493,"column":0},"end":{"line":493,"column":0}},"493":{"start":{"line":494,"column":0},"end":{"line":494,"column":51}},"494":{"start":{"line":495,"column":0},"end":{"line":495,"column":78}},"495":{"start":{"line":496,"column":0},"end":{"line":496,"column":23}},"496":{"start":{"line":497,"column":0},"end":{"line":497,"column":93}},"497":{"start":{"line":498,"column":0},"end":{"line":498,"column":7}},"498":{"start":{"line":499,"column":0},"end":{"line":499,"column":5}},"499":{"start":{"line":500,"column":0},"end":{"line":500,"column":0}},"500":{"start":{"line":501,"column":0},"end":{"line":501,"column":77}},"501":{"start":{"line":502,"column":0},"end":{"line":502,"column":26}},"502":{"start":{"line":503,"column":0},"end":{"line":503,"column":49}},"503":{"start":{"line":504,"column":0},"end":{"line":504,"column":19}},"504":{"start":{"line":505,"column":0},"end":{"line":505,"column":7}},"505":{"start":{"line":506,"column":0},"end":{"line":506,"column":19}},"506":{"start":{"line":507,"column":0},"end":{"line":507,"column":16}},"507":{"start":{"line":508,"column":0},"end":{"line":508,"column":3}},"508":{"start":{"line":509,"column":0},"end":{"line":509,"column":3}},"509":{"start":{"line":510,"column":0},"end":{"line":510,"column":0}},"510":{"start":{"line":511,"column":0},"end":{"line":511,"column":3}},"511":{"start":{"line":512,"column":0},"end":{"line":512,"column":11}},"512":{"start":{"line":513,"column":0},"end":{"line":513,"column":25}},"513":{"start":{"line":514,"column":0},"end":{"line":514,"column":10}},"514":{"start":{"line":515,"column":0},"end":{"line":515,"column":66}},"515":{"start":{"line":516,"column":0},"end":{"line":516,"column":23}},"516":{"start":{"line":517,"column":0},"end":{"line":517,"column":19}},"517":{"start":{"line":518,"column":0},"end":{"line":518,"column":23}},"518":{"start":{"line":519,"column":0},"end":{"line":519,"column":17}},"519":{"start":{"line":520,"column":0},"end":{"line":520,"column":28}},"520":{"start":{"line":521,"column":0},"end":{"line":521,"column":20}},"521":{"start":{"line":522,"column":0},"end":{"line":522,"column":27}},"522":{"start":{"line":523,"column":0},"end":{"line":523,"column":24}},"523":{"start":{"line":524,"column":0},"end":{"line":524,"column":34}},"524":{"start":{"line":525,"column":0},"end":{"line":525,"column":26}},"525":{"start":{"line":526,"column":0},"end":{"line":526,"column":33}},"526":{"start":{"line":527,"column":0},"end":{"line":527,"column":30}},"527":{"start":{"line":528,"column":0},"end":{"line":528,"column":25}},"528":{"start":{"line":529,"column":0},"end":{"line":529,"column":33}},"529":{"start":{"line":530,"column":0},"end":{"line":530,"column":75}},"530":{"start":{"line":531,"column":0},"end":{"line":531,"column":23}},"531":{"start":{"line":532,"column":0},"end":{"line":532,"column":50}},"532":{"start":{"line":533,"column":0},"end":{"line":533,"column":17}},"533":{"start":{"line":534,"column":0},"end":{"line":534,"column":13}},"534":{"start":{"line":535,"column":0},"end":{"line":535,"column":53}},"535":{"start":{"line":536,"column":0},"end":{"line":536,"column":19}},"536":{"start":{"line":537,"column":0},"end":{"line":537,"column":30}},"537":{"start":{"line":538,"column":0},"end":{"line":538,"column":22}},"538":{"start":{"line":539,"column":0},"end":{"line":539,"column":29}},"539":{"start":{"line":540,"column":0},"end":{"line":540,"column":28}},"540":{"start":{"line":541,"column":0},"end":{"line":541,"column":27}},"541":{"start":{"line":542,"column":0},"end":{"line":542,"column":34}},"542":{"start":{"line":543,"column":0},"end":{"line":543,"column":27}},"543":{"start":{"line":544,"column":0},"end":{"line":544,"column":33}},"544":{"start":{"line":545,"column":0},"end":{"line":545,"column":32}},"545":{"start":{"line":546,"column":0},"end":{"line":546,"column":33}},"546":{"start":{"line":547,"column":0},"end":{"line":547,"column":35}},"547":{"start":{"line":548,"column":0},"end":{"line":548,"column":32}},"548":{"start":{"line":549,"column":0},"end":{"line":549,"column":27}},"549":{"start":{"line":550,"column":0},"end":{"line":550,"column":35}},"550":{"start":{"line":551,"column":0},"end":{"line":551,"column":13}},"551":{"start":{"line":552,"column":0},"end":{"line":552,"column":37}},"552":{"start":{"line":553,"column":0},"end":{"line":553,"column":13}},"553":{"start":{"line":554,"column":0},"end":{"line":554,"column":36}},"554":{"start":{"line":555,"column":0},"end":{"line":555,"column":3}},"555":{"start":{"line":556,"column":0},"end":{"line":556,"column":0}},"556":{"start":{"line":557,"column":0},"end":{"line":557,"column":65}},"557":{"start":{"line":558,"column":0},"end":{"line":558,"column":7}},"558":{"start":{"line":559,"column":0},"end":{"line":559,"column":41}},"559":{"start":{"line":560,"column":0},"end":{"line":560,"column":0}},"560":{"start":{"line":561,"column":0},"end":{"line":561,"column":21}},"561":{"start":{"line":562,"column":0},"end":{"line":562,"column":74}},"562":{"start":{"line":563,"column":0},"end":{"line":563,"column":35}},"563":{"start":{"line":564,"column":0},"end":{"line":564,"column":23}},"564":{"start":{"line":565,"column":0},"end":{"line":565,"column":75}},"565":{"start":{"line":566,"column":0},"end":{"line":566,"column":9}},"566":{"start":{"line":567,"column":0},"end":{"line":567,"column":5}},"567":{"start":{"line":568,"column":0},"end":{"line":568,"column":0}},"568":{"start":{"line":569,"column":0},"end":{"line":569,"column":35}},"569":{"start":{"line":570,"column":0},"end":{"line":570,"column":65}},"570":{"start":{"line":571,"column":0},"end":{"line":571,"column":35}},"571":{"start":{"line":572,"column":0},"end":{"line":572,"column":23}},"572":{"start":{"line":573,"column":0},"end":{"line":573,"column":63}},"573":{"start":{"line":574,"column":0},"end":{"line":574,"column":9}},"574":{"start":{"line":575,"column":0},"end":{"line":575,"column":5}},"575":{"start":{"line":576,"column":0},"end":{"line":576,"column":0}},"576":{"start":{"line":577,"column":0},"end":{"line":577,"column":45}},"577":{"start":{"line":578,"column":0},"end":{"line":578,"column":49}},"578":{"start":{"line":579,"column":0},"end":{"line":579,"column":46}},"579":{"start":{"line":580,"column":0},"end":{"line":580,"column":7}},"580":{"start":{"line":581,"column":0},"end":{"line":581,"column":0}},"581":{"start":{"line":582,"column":0},"end":{"line":582,"column":72}},"582":{"start":{"line":583,"column":0},"end":{"line":583,"column":90}},"583":{"start":{"line":584,"column":0},"end":{"line":584,"column":0}},"584":{"start":{"line":585,"column":0},"end":{"line":585,"column":26}},"585":{"start":{"line":586,"column":0},"end":{"line":586,"column":51}},"586":{"start":{"line":587,"column":0},"end":{"line":587,"column":46}},"587":{"start":{"line":588,"column":0},"end":{"line":588,"column":7}},"588":{"start":{"line":589,"column":0},"end":{"line":589,"column":0}},"589":{"start":{"line":590,"column":0},"end":{"line":590,"column":26}},"590":{"start":{"line":591,"column":0},"end":{"line":591,"column":20}},"591":{"start":{"line":592,"column":0},"end":{"line":592,"column":47}},"592":{"start":{"line":593,"column":0},"end":{"line":593,"column":46}},"593":{"start":{"line":594,"column":0},"end":{"line":594,"column":38}},"594":{"start":{"line":595,"column":0},"end":{"line":595,"column":7}},"595":{"start":{"line":596,"column":0},"end":{"line":596,"column":19}},"596":{"start":{"line":597,"column":0},"end":{"line":597,"column":16}},"597":{"start":{"line":598,"column":0},"end":{"line":598,"column":3}},"598":{"start":{"line":599,"column":0},"end":{"line":599,"column":3}},"599":{"start":{"line":600,"column":0},"end":{"line":600,"column":0}},"600":{"start":{"line":601,"column":0},"end":{"line":601,"column":3}},"601":{"start":{"line":602,"column":0},"end":{"line":602,"column":11}},"602":{"start":{"line":603,"column":0},"end":{"line":603,"column":25}},"603":{"start":{"line":604,"column":0},"end":{"line":604,"column":10}},"604":{"start":{"line":605,"column":0},"end":{"line":605,"column":66}},"605":{"start":{"line":606,"column":0},"end":{"line":606,"column":23}},"606":{"start":{"line":607,"column":0},"end":{"line":607,"column":19}},"607":{"start":{"line":608,"column":0},"end":{"line":608,"column":23}},"608":{"start":{"line":609,"column":0},"end":{"line":609,"column":17}},"609":{"start":{"line":610,"column":0},"end":{"line":610,"column":28}},"610":{"start":{"line":611,"column":0},"end":{"line":611,"column":20}},"611":{"start":{"line":612,"column":0},"end":{"line":612,"column":27}},"612":{"start":{"line":613,"column":0},"end":{"line":613,"column":24}},"613":{"start":{"line":614,"column":0},"end":{"line":614,"column":26}},"614":{"start":{"line":615,"column":0},"end":{"line":615,"column":26}},"615":{"start":{"line":616,"column":0},"end":{"line":616,"column":25}},"616":{"start":{"line":617,"column":0},"end":{"line":617,"column":30}},"617":{"start":{"line":618,"column":0},"end":{"line":618,"column":25}},"618":{"start":{"line":619,"column":0},"end":{"line":619,"column":33}},"619":{"start":{"line":620,"column":0},"end":{"line":620,"column":30}},"620":{"start":{"line":621,"column":0},"end":{"line":621,"column":39}},"621":{"start":{"line":622,"column":0},"end":{"line":622,"column":32}},"622":{"start":{"line":623,"column":0},"end":{"line":623,"column":38}},"623":{"start":{"line":624,"column":0},"end":{"line":624,"column":37}},"624":{"start":{"line":625,"column":0},"end":{"line":625,"column":82}},"625":{"start":{"line":626,"column":0},"end":{"line":626,"column":38}},"626":{"start":{"line":627,"column":0},"end":{"line":627,"column":37}},"627":{"start":{"line":628,"column":0},"end":{"line":628,"column":73}},"628":{"start":{"line":629,"column":0},"end":{"line":629,"column":23}},"629":{"start":{"line":630,"column":0},"end":{"line":630,"column":25}},"630":{"start":{"line":631,"column":0},"end":{"line":631,"column":43}},"631":{"start":{"line":632,"column":0},"end":{"line":632,"column":72}},"632":{"start":{"line":633,"column":0},"end":{"line":633,"column":43}},"633":{"start":{"line":634,"column":0},"end":{"line":634,"column":61}},"634":{"start":{"line":635,"column":0},"end":{"line":635,"column":17}},"635":{"start":{"line":636,"column":0},"end":{"line":636,"column":13}},"636":{"start":{"line":637,"column":0},"end":{"line":637,"column":53}},"637":{"start":{"line":638,"column":0},"end":{"line":638,"column":19}},"638":{"start":{"line":639,"column":0},"end":{"line":639,"column":30}},"639":{"start":{"line":640,"column":0},"end":{"line":640,"column":22}},"640":{"start":{"line":641,"column":0},"end":{"line":641,"column":29}},"641":{"start":{"line":642,"column":0},"end":{"line":642,"column":28}},"642":{"start":{"line":643,"column":0},"end":{"line":643,"column":27}},"643":{"start":{"line":644,"column":0},"end":{"line":644,"column":34}},"644":{"start":{"line":645,"column":0},"end":{"line":645,"column":27}},"645":{"start":{"line":646,"column":0},"end":{"line":646,"column":33}},"646":{"start":{"line":647,"column":0},"end":{"line":647,"column":35}},"647":{"start":{"line":648,"column":0},"end":{"line":648,"column":32}},"648":{"start":{"line":649,"column":0},"end":{"line":649,"column":27}},"649":{"start":{"line":650,"column":0},"end":{"line":650,"column":59}},"650":{"start":{"line":651,"column":0},"end":{"line":651,"column":35}},"651":{"start":{"line":652,"column":0},"end":{"line":652,"column":32}},"652":{"start":{"line":653,"column":0},"end":{"line":653,"column":27}},"653":{"start":{"line":654,"column":0},"end":{"line":654,"column":35}},"654":{"start":{"line":655,"column":0},"end":{"line":655,"column":13}},"655":{"start":{"line":656,"column":0},"end":{"line":656,"column":37}},"656":{"start":{"line":657,"column":0},"end":{"line":657,"column":13}},"657":{"start":{"line":658,"column":0},"end":{"line":658,"column":36}},"658":{"start":{"line":659,"column":0},"end":{"line":659,"column":3}},"659":{"start":{"line":660,"column":0},"end":{"line":660,"column":0}},"660":{"start":{"line":661,"column":0},"end":{"line":661,"column":23}},"661":{"start":{"line":662,"column":0},"end":{"line":662,"column":65}},"662":{"start":{"line":663,"column":0},"end":{"line":663,"column":7}},"663":{"start":{"line":664,"column":0},"end":{"line":664,"column":33}},"664":{"start":{"line":665,"column":0},"end":{"line":665,"column":0}},"665":{"start":{"line":666,"column":0},"end":{"line":666,"column":21}},"666":{"start":{"line":667,"column":0},"end":{"line":667,"column":58}},"667":{"start":{"line":668,"column":0},"end":{"line":668,"column":35}},"668":{"start":{"line":669,"column":0},"end":{"line":669,"column":23}},"669":{"start":{"line":670,"column":0},"end":{"line":670,"column":67}},"670":{"start":{"line":671,"column":0},"end":{"line":671,"column":9}},"671":{"start":{"line":672,"column":0},"end":{"line":672,"column":5}},"672":{"start":{"line":673,"column":0},"end":{"line":673,"column":0}},"673":{"start":{"line":674,"column":0},"end":{"line":674,"column":31}},"674":{"start":{"line":675,"column":0},"end":{"line":675,"column":31}},"675":{"start":{"line":676,"column":0},"end":{"line":676,"column":0}},"676":{"start":{"line":677,"column":0},"end":{"line":677,"column":26}},"677":{"start":{"line":678,"column":0},"end":{"line":678,"column":35}},"678":{"start":{"line":679,"column":0},"end":{"line":679,"column":56}},"679":{"start":{"line":680,"column":0},"end":{"line":680,"column":0}},"680":{"start":{"line":681,"column":0},"end":{"line":681,"column":66}},"681":{"start":{"line":682,"column":0},"end":{"line":682,"column":37}},"682":{"start":{"line":683,"column":0},"end":{"line":683,"column":25}},"683":{"start":{"line":684,"column":0},"end":{"line":684,"column":96}},"684":{"start":{"line":685,"column":0},"end":{"line":685,"column":11}},"685":{"start":{"line":686,"column":0},"end":{"line":686,"column":7}},"686":{"start":{"line":687,"column":0},"end":{"line":687,"column":0}},"687":{"start":{"line":688,"column":0},"end":{"line":688,"column":47}},"688":{"start":{"line":689,"column":0},"end":{"line":689,"column":60}},"689":{"start":{"line":690,"column":0},"end":{"line":690,"column":27}},"690":{"start":{"line":691,"column":0},"end":{"line":691,"column":23}},"691":{"start":{"line":692,"column":0},"end":{"line":692,"column":42}},"692":{"start":{"line":693,"column":0},"end":{"line":693,"column":8}},"693":{"start":{"line":694,"column":0},"end":{"line":694,"column":0}},"694":{"start":{"line":695,"column":0},"end":{"line":695,"column":27}},"695":{"start":{"line":696,"column":0},"end":{"line":696,"column":45}},"696":{"start":{"line":697,"column":0},"end":{"line":697,"column":14}},"697":{"start":{"line":698,"column":0},"end":{"line":698,"column":45}},"698":{"start":{"line":699,"column":0},"end":{"line":699,"column":7}},"699":{"start":{"line":700,"column":0},"end":{"line":700,"column":5}},"700":{"start":{"line":701,"column":0},"end":{"line":701,"column":0}},"701":{"start":{"line":702,"column":0},"end":{"line":702,"column":26}},"702":{"start":{"line":703,"column":0},"end":{"line":703,"column":20}},"703":{"start":{"line":704,"column":0},"end":{"line":704,"column":47}},"704":{"start":{"line":705,"column":0},"end":{"line":705,"column":22}},"705":{"start":{"line":706,"column":0},"end":{"line":706,"column":22}},"706":{"start":{"line":707,"column":0},"end":{"line":707,"column":7}},"707":{"start":{"line":708,"column":0},"end":{"line":708,"column":19}},"708":{"start":{"line":709,"column":0},"end":{"line":709,"column":16}},"709":{"start":{"line":710,"column":0},"end":{"line":710,"column":3}},"710":{"start":{"line":711,"column":0},"end":{"line":711,"column":3}},"711":{"start":{"line":712,"column":0},"end":{"line":712,"column":0}},"712":{"start":{"line":713,"column":0},"end":{"line":713,"column":3}},"713":{"start":{"line":714,"column":0},"end":{"line":714,"column":11}},"714":{"start":{"line":715,"column":0},"end":{"line":715,"column":40}},"715":{"start":{"line":716,"column":0},"end":{"line":716,"column":10}},"716":{"start":{"line":717,"column":0},"end":{"line":717,"column":45}},"717":{"start":{"line":718,"column":0},"end":{"line":718,"column":12}},"718":{"start":{"line":719,"column":0},"end":{"line":719,"column":19}},"719":{"start":{"line":720,"column":0},"end":{"line":720,"column":18}},"720":{"start":{"line":721,"column":0},"end":{"line":721,"column":19}},"721":{"start":{"line":722,"column":0},"end":{"line":722,"column":31}},"722":{"start":{"line":723,"column":0},"end":{"line":723,"column":25}},"723":{"start":{"line":724,"column":0},"end":{"line":724,"column":18}},"724":{"start":{"line":725,"column":0},"end":{"line":725,"column":25}},"725":{"start":{"line":726,"column":0},"end":{"line":726,"column":58}},"726":{"start":{"line":727,"column":0},"end":{"line":727,"column":19}},"727":{"start":{"line":728,"column":0},"end":{"line":728,"column":23}},"728":{"start":{"line":729,"column":0},"end":{"line":729,"column":17}},"729":{"start":{"line":730,"column":0},"end":{"line":730,"column":31}},"730":{"start":{"line":731,"column":0},"end":{"line":731,"column":20}},"731":{"start":{"line":732,"column":0},"end":{"line":732,"column":27}},"732":{"start":{"line":733,"column":0},"end":{"line":733,"column":26}},"733":{"start":{"line":734,"column":0},"end":{"line":734,"column":22}},"734":{"start":{"line":735,"column":0},"end":{"line":735,"column":31}},"735":{"start":{"line":736,"column":0},"end":{"line":736,"column":33}},"736":{"start":{"line":737,"column":0},"end":{"line":737,"column":52}},"737":{"start":{"line":738,"column":0},"end":{"line":738,"column":17}},"738":{"start":{"line":739,"column":0},"end":{"line":739,"column":13}},"739":{"start":{"line":740,"column":0},"end":{"line":740,"column":51}},"740":{"start":{"line":741,"column":0},"end":{"line":741,"column":19}},"741":{"start":{"line":742,"column":0},"end":{"line":742,"column":30}},"742":{"start":{"line":743,"column":0},"end":{"line":743,"column":22}},"743":{"start":{"line":744,"column":0},"end":{"line":744,"column":29}},"744":{"start":{"line":745,"column":0},"end":{"line":745,"column":28}},"745":{"start":{"line":746,"column":0},"end":{"line":746,"column":27}},"746":{"start":{"line":747,"column":0},"end":{"line":747,"column":33}},"747":{"start":{"line":748,"column":0},"end":{"line":748,"column":27}},"748":{"start":{"line":749,"column":0},"end":{"line":749,"column":33}},"749":{"start":{"line":750,"column":0},"end":{"line":750,"column":57}},"750":{"start":{"line":751,"column":0},"end":{"line":751,"column":13}},"751":{"start":{"line":752,"column":0},"end":{"line":752,"column":63}},"752":{"start":{"line":753,"column":0},"end":{"line":753,"column":13}},"753":{"start":{"line":754,"column":0},"end":{"line":754,"column":41}},"754":{"start":{"line":755,"column":0},"end":{"line":755,"column":13}},"755":{"start":{"line":756,"column":0},"end":{"line":756,"column":36}},"756":{"start":{"line":757,"column":0},"end":{"line":757,"column":3}},"757":{"start":{"line":758,"column":0},"end":{"line":758,"column":0}},"758":{"start":{"line":759,"column":0},"end":{"line":759,"column":12}},"759":{"start":{"line":760,"column":0},"end":{"line":760,"column":101}},"760":{"start":{"line":761,"column":0},"end":{"line":761,"column":7}},"761":{"start":{"line":762,"column":0},"end":{"line":762,"column":42}},"762":{"start":{"line":763,"column":0},"end":{"line":763,"column":0}},"763":{"start":{"line":764,"column":0},"end":{"line":764,"column":20}},"764":{"start":{"line":765,"column":0},"end":{"line":765,"column":72}},"765":{"start":{"line":766,"column":0},"end":{"line":766,"column":5}},"766":{"start":{"line":767,"column":0},"end":{"line":767,"column":0}},"767":{"start":{"line":768,"column":0},"end":{"line":768,"column":47}},"768":{"start":{"line":769,"column":0},"end":{"line":769,"column":41}},"769":{"start":{"line":770,"column":0},"end":{"line":770,"column":7}},"770":{"start":{"line":771,"column":0},"end":{"line":771,"column":16}},"771":{"start":{"line":772,"column":0},"end":{"line":772,"column":32}},"772":{"start":{"line":773,"column":0},"end":{"line":773,"column":41}},"773":{"start":{"line":774,"column":0},"end":{"line":774,"column":10}},"774":{"start":{"line":775,"column":0},"end":{"line":775,"column":8}},"775":{"start":{"line":776,"column":0},"end":{"line":776,"column":19}},"776":{"start":{"line":777,"column":0},"end":{"line":777,"column":6}},"777":{"start":{"line":778,"column":0},"end":{"line":778,"column":0}},"778":{"start":{"line":779,"column":0},"end":{"line":779,"column":15}},"779":{"start":{"line":780,"column":0},"end":{"line":780,"column":67}},"780":{"start":{"line":781,"column":0},"end":{"line":781,"column":5}},"781":{"start":{"line":782,"column":0},"end":{"line":782,"column":0}},"782":{"start":{"line":783,"column":0},"end":{"line":783,"column":74}},"783":{"start":{"line":784,"column":0},"end":{"line":784,"column":19}},"784":{"start":{"line":785,"column":0},"end":{"line":785,"column":51}},"785":{"start":{"line":786,"column":0},"end":{"line":786,"column":3}},"786":{"start":{"line":787,"column":0},"end":{"line":787,"column":3}},"787":{"start":{"line":788,"column":0},"end":{"line":788,"column":0}},"788":{"start":{"line":789,"column":0},"end":{"line":789,"column":3}},"789":{"start":{"line":790,"column":0},"end":{"line":790,"column":11}},"790":{"start":{"line":791,"column":0},"end":{"line":791,"column":40}},"791":{"start":{"line":792,"column":0},"end":{"line":792,"column":9}},"792":{"start":{"line":793,"column":0},"end":{"line":793,"column":48}},"793":{"start":{"line":794,"column":0},"end":{"line":794,"column":12}},"794":{"start":{"line":795,"column":0},"end":{"line":795,"column":19}},"795":{"start":{"line":796,"column":0},"end":{"line":796,"column":18}},"796":{"start":{"line":797,"column":0},"end":{"line":797,"column":19}},"797":{"start":{"line":798,"column":0},"end":{"line":798,"column":31}},"798":{"start":{"line":799,"column":0},"end":{"line":799,"column":25}},"799":{"start":{"line":800,"column":0},"end":{"line":800,"column":18}},"800":{"start":{"line":801,"column":0},"end":{"line":801,"column":25}},"801":{"start":{"line":802,"column":0},"end":{"line":802,"column":58}},"802":{"start":{"line":803,"column":0},"end":{"line":803,"column":17}},"803":{"start":{"line":804,"column":0},"end":{"line":804,"column":13}},"804":{"start":{"line":805,"column":0},"end":{"line":805,"column":52}},"805":{"start":{"line":806,"column":0},"end":{"line":806,"column":19}},"806":{"start":{"line":807,"column":0},"end":{"line":807,"column":21}},"807":{"start":{"line":808,"column":0},"end":{"line":808,"column":22}},"808":{"start":{"line":809,"column":0},"end":{"line":809,"column":29}},"809":{"start":{"line":810,"column":0},"end":{"line":810,"column":31}},"810":{"start":{"line":811,"column":0},"end":{"line":811,"column":13}},"811":{"start":{"line":812,"column":0},"end":{"line":812,"column":61}},"812":{"start":{"line":813,"column":0},"end":{"line":813,"column":13}},"813":{"start":{"line":814,"column":0},"end":{"line":814,"column":36}},"814":{"start":{"line":815,"column":0},"end":{"line":815,"column":3}},"815":{"start":{"line":816,"column":0},"end":{"line":816,"column":0}},"816":{"start":{"line":817,"column":0},"end":{"line":817,"column":12}},"817":{"start":{"line":818,"column":0},"end":{"line":818,"column":72}},"818":{"start":{"line":819,"column":0},"end":{"line":819,"column":7}},"819":{"start":{"line":820,"column":0},"end":{"line":820,"column":42}},"820":{"start":{"line":821,"column":0},"end":{"line":821,"column":0}},"821":{"start":{"line":822,"column":0},"end":{"line":822,"column":74}},"822":{"start":{"line":823,"column":0},"end":{"line":823,"column":0}},"823":{"start":{"line":824,"column":0},"end":{"line":824,"column":29}},"824":{"start":{"line":825,"column":0},"end":{"line":825,"column":82}},"825":{"start":{"line":826,"column":0},"end":{"line":826,"column":5}},"826":{"start":{"line":827,"column":0},"end":{"line":827,"column":0}},"827":{"start":{"line":828,"column":0},"end":{"line":828,"column":51}},"828":{"start":{"line":829,"column":0},"end":{"line":829,"column":29}},"829":{"start":{"line":830,"column":0},"end":{"line":830,"column":19}},"830":{"start":{"line":831,"column":0},"end":{"line":831,"column":51}},"831":{"start":{"line":832,"column":0},"end":{"line":832,"column":3}},"832":{"start":{"line":833,"column":0},"end":{"line":833,"column":3}},"833":{"start":{"line":834,"column":0},"end":{"line":834,"column":0}},"834":{"start":{"line":835,"column":0},"end":{"line":835,"column":3}},"835":{"start":{"line":836,"column":0},"end":{"line":836,"column":11}},"836":{"start":{"line":837,"column":0},"end":{"line":837,"column":43}},"837":{"start":{"line":838,"column":0},"end":{"line":838,"column":12}},"838":{"start":{"line":839,"column":0},"end":{"line":839,"column":46}},"839":{"start":{"line":840,"column":0},"end":{"line":840,"column":12}},"840":{"start":{"line":841,"column":0},"end":{"line":841,"column":19}},"841":{"start":{"line":842,"column":0},"end":{"line":842,"column":18}},"842":{"start":{"line":843,"column":0},"end":{"line":843,"column":19}},"843":{"start":{"line":844,"column":0},"end":{"line":844,"column":31}},"844":{"start":{"line":845,"column":0},"end":{"line":845,"column":25}},"845":{"start":{"line":846,"column":0},"end":{"line":846,"column":18}},"846":{"start":{"line":847,"column":0},"end":{"line":847,"column":25}},"847":{"start":{"line":848,"column":0},"end":{"line":848,"column":58}},"848":{"start":{"line":849,"column":0},"end":{"line":849,"column":17}},"849":{"start":{"line":850,"column":0},"end":{"line":850,"column":13}},"850":{"start":{"line":851,"column":0},"end":{"line":851,"column":50}},"851":{"start":{"line":852,"column":0},"end":{"line":852,"column":19}},"852":{"start":{"line":853,"column":0},"end":{"line":853,"column":30}},"853":{"start":{"line":854,"column":0},"end":{"line":854,"column":22}},"854":{"start":{"line":855,"column":0},"end":{"line":855,"column":29}},"855":{"start":{"line":856,"column":0},"end":{"line":856,"column":28}},"856":{"start":{"line":857,"column":0},"end":{"line":857,"column":27}},"857":{"start":{"line":858,"column":0},"end":{"line":858,"column":33}},"858":{"start":{"line":859,"column":0},"end":{"line":859,"column":27}},"859":{"start":{"line":860,"column":0},"end":{"line":860,"column":33}},"860":{"start":{"line":861,"column":0},"end":{"line":861,"column":57}},"861":{"start":{"line":862,"column":0},"end":{"line":862,"column":13}},"862":{"start":{"line":863,"column":0},"end":{"line":863,"column":41}},"863":{"start":{"line":864,"column":0},"end":{"line":864,"column":13}},"864":{"start":{"line":865,"column":0},"end":{"line":865,"column":36}},"865":{"start":{"line":866,"column":0},"end":{"line":866,"column":3}},"866":{"start":{"line":867,"column":0},"end":{"line":867,"column":0}},"867":{"start":{"line":868,"column":0},"end":{"line":868,"column":15}},"868":{"start":{"line":869,"column":0},"end":{"line":869,"column":78}},"869":{"start":{"line":870,"column":0},"end":{"line":870,"column":7}},"870":{"start":{"line":871,"column":0},"end":{"line":871,"column":42}},"871":{"start":{"line":872,"column":0},"end":{"line":872,"column":0}},"872":{"start":{"line":873,"column":0},"end":{"line":873,"column":47}},"873":{"start":{"line":874,"column":0},"end":{"line":874,"column":41}},"874":{"start":{"line":875,"column":0},"end":{"line":875,"column":32}},"875":{"start":{"line":876,"column":0},"end":{"line":876,"column":19}},"876":{"start":{"line":877,"column":0},"end":{"line":877,"column":6}},"877":{"start":{"line":878,"column":0},"end":{"line":878,"column":0}},"878":{"start":{"line":879,"column":0},"end":{"line":879,"column":15}},"879":{"start":{"line":880,"column":0},"end":{"line":880,"column":67}},"880":{"start":{"line":881,"column":0},"end":{"line":881,"column":5}},"881":{"start":{"line":882,"column":0},"end":{"line":882,"column":0}},"882":{"start":{"line":883,"column":0},"end":{"line":883,"column":73}},"883":{"start":{"line":884,"column":0},"end":{"line":884,"column":19}},"884":{"start":{"line":885,"column":0},"end":{"line":885,"column":51}},"885":{"start":{"line":886,"column":0},"end":{"line":886,"column":3}},"886":{"start":{"line":887,"column":0},"end":{"line":887,"column":3}},"887":{"start":{"line":888,"column":0},"end":{"line":888,"column":0}},"888":{"start":{"line":889,"column":0},"end":{"line":889,"column":0}},"889":{"start":{"line":890,"column":0},"end":{"line":890,"column":34}}},"s":{"0":1,"1":1,"2":1,"3":1,"4":1,"5":1,"6":1,"7":1,"8":1,"9":1,"10":1,"11":1,"12":1,"13":1,"14":1,"15":1,"16":1,"17":1,"18":1,"19":0,"20":1,"21":1,"22":1,"23":1,"24":1,"25":1,"26":1,"27":1,"28":1,"29":1,"30":1,"31":1,"32":1,"33":1,"34":1,"35":1,"36":1,"37":1,"38":1,"39":1,"40":1,"41":1,"42":1,"43":1,"44":1,"45":1,"46":1,"47":1,"48":1,"49":1,"50":1,"51":1,"52":1,"53":1,"54":1,"55":1,"56":1,"57":1,"58":1,"59":1,"60":1,"61":1,"62":1,"63":1,"64":1,"65":1,"66":1,"67":1,"68":1,"69":1,"70":1,"71":1,"72":1,"73":1,"74":1,"75":1,"76":1,"77":1,"78":1,"79":1,"80":1,"81":1,"82":1,"83":1,"84":1,"85":1,"86":1,"87":1,"88":1,"89":1,"90":1,"91":1,"92":1,"93":1,"94":1,"95":1,"96":1,"97":1,"98":1,"99":1,"100":1,"101":1,"102":1,"103":1,"104":1,"105":1,"106":1,"107":1,"108":1,"109":1,"110":1,"111":1,"112":1,"113":1,"114":1,"115":3,"116":3,"117":3,"118":3,"119":3,"120":3,"121":17,"122":1,"123":1,"124":1,"125":1,"126":1,"127":1,"128":17,"129":2,"130":2,"131":2,"132":3,"133":0,"134":0,"135":0,"136":0,"137":0,"138":2,"139":2,"140":3,"141":0,"142":0,"143":0,"144":0,"145":0,"146":2,"147":2,"148":2,"149":1,"150":1,"151":1,"152":2,"153":2,"154":2,"155":1,"156":1,"157":1,"158":1,"159":1,"160":1,"161":1,"162":1,"163":1,"164":1,"165":1,"166":1,"167":2,"168":0,"169":0,"170":1,"171":1,"172":1,"173":1,"174":1,"175":1,"176":1,"177":1,"178":1,"179":1,"180":1,"181":1,"182":1,"183":1,"184":1,"185":1,"186":1,"187":1,"188":1,"189":1,"190":1,"191":1,"192":1,"193":1,"194":1,"195":1,"196":1,"197":1,"198":1,"199":1,"200":1,"201":1,"202":0,"203":0,"204":1,"205":1,"206":1,"207":1,"208":1,"209":1,"210":1,"211":1,"212":1,"213":1,"214":1,"215":1,"216":1,"217":1,"218":1,"219":1,"220":1,"221":1,"222":1,"223":1,"224":1,"225":1,"226":1,"227":1,"228":1,"229":1,"230":1,"231":1,"232":2,"233":2,"234":2,"235":2,"236":2,"237":1,"238":1,"239":1,"240":1,"241":1,"242":1,"243":1,"244":1,"245":1,"246":2,"247":0,"248":0,"249":1,"250":1,"251":1,"252":1,"253":1,"254":1,"255":1,"256":1,"257":1,"258":1,"259":1,"260":1,"261":1,"262":1,"263":1,"264":1,"265":1,"266":1,"267":1,"268":1,"269":1,"270":1,"271":1,"272":1,"273":1,"274":1,"275":1,"276":1,"277":1,"278":1,"279":1,"280":1,"281":1,"282":1,"283":1,"284":1,"285":1,"286":1,"287":1,"288":0,"289":0,"290":0,"291":0,"292":0,"293":1,"294":1,"295":1,"296":1,"297":1,"298":1,"299":1,"300":0,"301":0,"302":1,"303":1,"304":1,"305":1,"306":1,"307":1,"308":1,"309":1,"310":1,"311":1,"312":1,"313":1,"314":1,"315":1,"316":1,"317":1,"318":1,"319":1,"320":1,"321":1,"322":1,"323":1,"324":1,"325":1,"326":1,"327":1,"328":1,"329":1,"330":1,"331":1,"332":1,"333":1,"334":1,"335":1,"336":1,"337":1,"338":1,"339":1,"340":1,"341":1,"342":1,"343":0,"344":0,"345":0,"346":0,"347":0,"348":1,"349":1,"350":1,"351":1,"352":1,"353":1,"354":0,"355":0,"356":1,"357":1,"358":1,"359":1,"360":1,"361":1,"362":1,"363":1,"364":1,"365":1,"366":1,"367":1,"368":1,"369":1,"370":1,"371":1,"372":1,"373":1,"374":1,"375":1,"376":1,"377":1,"378":1,"379":1,"380":1,"381":1,"382":1,"383":1,"384":1,"385":0,"386":0,"387":0,"388":0,"389":0,"390":1,"391":1,"392":1,"393":1,"394":1,"395":0,"396":0,"397":1,"398":1,"399":1,"400":1,"401":1,"402":1,"403":1,"404":1,"405":1,"406":1,"407":1,"408":1,"409":1,"410":1,"411":1,"412":1,"413":1,"414":1,"415":1,"416":1,"417":1,"418":1,"419":1,"420":1,"421":1,"422":1,"423":1,"424":1,"425":1,"426":1,"427":1,"428":2,"429":2,"430":0,"431":0,"432":2,"433":1,"434":1,"435":1,"436":1,"437":1,"438":1,"439":1,"440":1,"441":1,"442":1,"443":0,"444":0,"445":1,"446":1,"447":1,"448":1,"449":1,"450":1,"451":1,"452":1,"453":1,"454":1,"455":1,"456":1,"457":1,"458":1,"459":1,"460":1,"461":1,"462":1,"463":1,"464":1,"465":1,"466":1,"467":1,"468":1,"469":1,"470":1,"471":1,"472":1,"473":1,"474":1,"475":0,"476":0,"477":0,"478":0,"479":0,"480":0,"481":0,"482":0,"483":0,"484":0,"485":0,"486":0,"487":0,"488":0,"489":0,"490":0,"491":0,"492":0,"493":0,"494":0,"495":0,"496":0,"497":0,"498":0,"499":0,"500":0,"501":0,"502":0,"503":0,"504":0,"505":0,"506":0,"507":0,"508":1,"509":1,"510":1,"511":1,"512":1,"513":1,"514":1,"515":1,"516":1,"517":1,"518":1,"519":1,"520":1,"521":1,"522":1,"523":1,"524":1,"525":1,"526":1,"527":1,"528":1,"529":1,"530":1,"531":1,"532":1,"533":1,"534":1,"535":1,"536":1,"537":1,"538":1,"539":1,"540":1,"541":1,"542":1,"543":1,"544":1,"545":1,"546":1,"547":1,"548":1,"549":1,"550":1,"551":1,"552":1,"553":1,"554":1,"555":1,"556":1,"557":1,"558":1,"559":1,"560":1,"561":1,"562":0,"563":0,"564":0,"565":0,"566":0,"567":1,"568":1,"569":1,"570":0,"571":0,"572":0,"573":0,"574":0,"575":1,"576":1,"577":1,"578":1,"579":1,"580":1,"581":1,"582":1,"583":1,"584":1,"585":1,"586":1,"587":1,"588":1,"589":1,"590":1,"591":1,"592":1,"593":1,"594":1,"595":1,"596":0,"597":0,"598":1,"599":1,"600":1,"601":1,"602":1,"603":1,"604":1,"605":1,"606":1,"607":1,"608":1,"609":1,"610":1,"611":1,"612":1,"613":1,"614":1,"615":1,"616":1,"617":1,"618":1,"619":1,"620":1,"621":1,"622":1,"623":1,"624":1,"625":1,"626":1,"627":1,"628":1,"629":1,"630":1,"631":1,"632":1,"633":1,"634":1,"635":1,"636":1,"637":1,"638":1,"639":1,"640":1,"641":1,"642":1,"643":1,"644":1,"645":1,"646":1,"647":1,"648":1,"649":1,"650":1,"651":1,"652":1,"653":1,"654":1,"655":1,"656":1,"657":1,"658":1,"659":1,"660":1,"661":1,"662":0,"663":0,"664":0,"665":0,"666":0,"667":0,"668":0,"669":0,"670":0,"671":0,"672":0,"673":0,"674":0,"675":0,"676":0,"677":0,"678":0,"679":0,"680":0,"681":0,"682":0,"683":0,"684":0,"685":0,"686":0,"687":0,"688":0,"689":0,"690":0,"691":0,"692":0,"693":0,"694":0,"695":0,"696":0,"697":0,"698":0,"699":0,"700":0,"701":0,"702":0,"703":0,"704":0,"705":0,"706":0,"707":0,"708":0,"709":0,"710":1,"711":1,"712":1,"713":1,"714":1,"715":1,"716":1,"717":1,"718":1,"719":1,"720":1,"721":1,"722":1,"723":1,"724":1,"725":1,"726":1,"727":1,"728":1,"729":1,"730":1,"731":1,"732":1,"733":1,"734":1,"735":1,"736":1,"737":1,"738":1,"739":1,"740":1,"741":1,"742":1,"743":1,"744":1,"745":1,"746":1,"747":1,"748":1,"749":1,"750":1,"751":1,"752":1,"753":1,"754":1,"755":1,"756":1,"757":1,"758":1,"759":1,"760":1,"761":1,"762":1,"763":1,"764":0,"765":0,"766":1,"767":1,"768":1,"769":1,"770":1,"771":1,"772":1,"773":1,"774":1,"775":1,"776":1,"777":1,"778":1,"779":0,"780":0,"781":1,"782":1,"783":1,"784":0,"785":0,"786":1,"787":1,"788":1,"789":1,"790":1,"791":1,"792":1,"793":1,"794":1,"795":1,"796":1,"797":1,"798":1,"799":1,"800":1,"801":1,"802":1,"803":1,"804":1,"805":1,"806":1,"807":1,"808":1,"809":1,"810":1,"811":1,"812":1,"813":1,"814":1,"815":1,"816":1,"817":1,"818":1,"819":1,"820":1,"821":1,"822":1,"823":1,"824":0,"825":0,"826":1,"827":1,"828":1,"829":1,"830":0,"831":0,"832":1,"833":1,"834":1,"835":1,"836":1,"837":1,"838":1,"839":1,"840":1,"841":1,"842":1,"843":1,"844":1,"845":1,"846":1,"847":1,"848":1,"849":1,"850":1,"851":1,"852":1,"853":1,"854":1,"855":1,"856":1,"857":1,"858":1,"859":1,"860":1,"861":1,"862":1,"863":1,"864":1,"865":1,"866":1,"867":1,"868":1,"869":0,"870":0,"871":0,"872":0,"873":0,"874":0,"875":0,"876":0,"877":0,"878":0,"879":0,"880":0,"881":0,"882":0,"883":0,"884":0,"885":0,"886":1,"887":1,"888":1,"889":1},"branchMap":{"0":{"type":"branch","line":18,"loc":{"start":{"line":18,"column":14},"end":{"line":24,"column":4}},"locations":[{"start":{"line":18,"column":14},"end":{"line":24,"column":4}}]},"1":{"type":"branch","line":19,"loc":{"start":{"line":19,"column":45},"end":{"line":21,"column":5}},"locations":[{"start":{"line":19,"column":45},"end":{"line":21,"column":5}}]},"2":{"type":"branch","line":115,"loc":{"start":{"line":115,"column":24},"end":{"line":149,"column":2}},"locations":[{"start":{"line":115,"column":24},"end":{"line":149,"column":2}}]},"3":{"type":"branch","line":121,"loc":{"start":{"line":121,"column":38},"end":{"line":129,"column":3}},"locations":[{"start":{"line":121,"column":38},"end":{"line":129,"column":3}}]},"4":{"type":"branch","line":122,"loc":{"start":{"line":122,"column":26},"end":{"line":128,"column":5}},"locations":[{"start":{"line":122,"column":26},"end":{"line":128,"column":5}}]},"5":{"type":"branch","line":129,"loc":{"start":{"line":129,"column":2},"end":{"line":133,"column":39}},"locations":[{"start":{"line":129,"column":2},"end":{"line":133,"column":39}}]},"6":{"type":"branch","line":133,"loc":{"start":{"line":133,"column":39},"end":{"line":138,"column":3}},"locations":[{"start":{"line":133,"column":39},"end":{"line":138,"column":3}}]},"7":{"type":"branch","line":138,"loc":{"start":{"line":138,"column":2},"end":{"line":141,"column":78}},"locations":[{"start":{"line":138,"column":2},"end":{"line":141,"column":78}}]},"8":{"type":"branch","line":141,"loc":{"start":{"line":141,"column":78},"end":{"line":141,"column":107}},"locations":[{"start":{"line":141,"column":78},"end":{"line":141,"column":107}}]},"9":{"type":"branch","line":141,"loc":{"start":{"line":141,"column":109},"end":{"line":146,"column":3}},"locations":[{"start":{"line":141,"column":109},"end":{"line":146,"column":3}}]},"10":{"type":"branch","line":146,"loc":{"start":{"line":146,"column":2},"end":{"line":149,"column":2}},"locations":[{"start":{"line":146,"column":2},"end":{"line":149,"column":2}}]},"11":{"type":"branch","line":152,"loc":{"start":{"line":152,"column":44},"end":{"line":171,"column":2}},"locations":[{"start":{"line":152,"column":44},"end":{"line":171,"column":2}}]},"12":{"type":"branch","line":155,"loc":{"start":{"line":155,"column":20},"end":{"line":168,"column":4}},"locations":[{"start":{"line":155,"column":20},"end":{"line":168,"column":4}}]},"13":{"type":"branch","line":168,"loc":{"start":{"line":168,"column":4},"end":{"line":170,"column":3}},"locations":[{"start":{"line":168,"column":4},"end":{"line":170,"column":3}}]},"14":{"type":"branch","line":194,"loc":{"start":{"line":194,"column":28},"end":{"line":205,"column":4}},"locations":[{"start":{"line":194,"column":28},"end":{"line":205,"column":4}}]},"15":{"type":"branch","line":202,"loc":{"start":{"line":202,"column":6},"end":{"line":204,"column":5}},"locations":[{"start":{"line":202,"column":6},"end":{"line":204,"column":5}}]},"16":{"type":"branch","line":232,"loc":{"start":{"line":232,"column":43},"end":{"line":250,"column":4}},"locations":[{"start":{"line":232,"column":43},"end":{"line":250,"column":4}}]},"17":{"type":"branch","line":237,"loc":{"start":{"line":237,"column":16},"end":{"line":247,"column":6}},"locations":[{"start":{"line":237,"column":16},"end":{"line":247,"column":6}}]},"18":{"type":"branch","line":247,"loc":{"start":{"line":247,"column":6},"end":{"line":249,"column":5}},"locations":[{"start":{"line":247,"column":6},"end":{"line":249,"column":5}}]},"19":{"type":"branch","line":280,"loc":{"start":{"line":280,"column":43},"end":{"line":303,"column":4}},"locations":[{"start":{"line":280,"column":43},"end":{"line":303,"column":4}}]},"20":{"type":"branch","line":288,"loc":{"start":{"line":288,"column":27},"end":{"line":293,"column":7}},"locations":[{"start":{"line":288,"column":27},"end":{"line":293,"column":7}}]},"21":{"type":"branch","line":300,"loc":{"start":{"line":300,"column":6},"end":{"line":302,"column":5}},"locations":[{"start":{"line":300,"column":6},"end":{"line":302,"column":5}}]},"22":{"type":"branch","line":336,"loc":{"start":{"line":336,"column":45},"end":{"line":357,"column":4}},"locations":[{"start":{"line":336,"column":45},"end":{"line":357,"column":4}}]},"23":{"type":"branch","line":343,"loc":{"start":{"line":343,"column":16},"end":{"line":348,"column":7}},"locations":[{"start":{"line":343,"column":16},"end":{"line":348,"column":7}}]},"24":{"type":"branch","line":354,"loc":{"start":{"line":354,"column":6},"end":{"line":356,"column":5}},"locations":[{"start":{"line":354,"column":6},"end":{"line":356,"column":5}}]},"25":{"type":"branch","line":380,"loc":{"start":{"line":380,"column":46},"end":{"line":398,"column":4}},"locations":[{"start":{"line":380,"column":46},"end":{"line":398,"column":4}}]},"26":{"type":"branch","line":385,"loc":{"start":{"line":385,"column":16},"end":{"line":390,"column":7}},"locations":[{"start":{"line":385,"column":16},"end":{"line":390,"column":7}}]},"27":{"type":"branch","line":395,"loc":{"start":{"line":395,"column":6},"end":{"line":397,"column":5}},"locations":[{"start":{"line":395,"column":6},"end":{"line":397,"column":5}}]},"28":{"type":"branch","line":423,"loc":{"start":{"line":423,"column":35},"end":{"line":446,"column":2}},"locations":[{"start":{"line":423,"column":35},"end":{"line":446,"column":2}}]},"29":{"type":"branch","line":428,"loc":{"start":{"line":428,"column":48},"end":{"line":433,"column":7}},"locations":[{"start":{"line":428,"column":48},"end":{"line":433,"column":7}}]},"30":{"type":"branch","line":430,"loc":{"start":{"line":430,"column":26},"end":{"line":432,"column":11}},"locations":[{"start":{"line":430,"column":26},"end":{"line":432,"column":11}}]},"31":{"type":"branch","line":443,"loc":{"start":{"line":443,"column":4},"end":{"line":445,"column":3}},"locations":[{"start":{"line":443,"column":4},"end":{"line":445,"column":3}}]},"32":{"type":"branch","line":557,"loc":{"start":{"line":557,"column":38},"end":{"line":599,"column":2}},"locations":[{"start":{"line":557,"column":38},"end":{"line":599,"column":2}}]},"33":{"type":"branch","line":562,"loc":{"start":{"line":562,"column":73},"end":{"line":567,"column":5}},"locations":[{"start":{"line":562,"column":73},"end":{"line":567,"column":5}}]},"34":{"type":"branch","line":570,"loc":{"start":{"line":570,"column":64},"end":{"line":575,"column":5}},"locations":[{"start":{"line":570,"column":64},"end":{"line":575,"column":5}}]},"35":{"type":"branch","line":596,"loc":{"start":{"line":596,"column":4},"end":{"line":598,"column":3}},"locations":[{"start":{"line":596,"column":4},"end":{"line":598,"column":3}}]},"36":{"type":"branch","line":570,"loc":{"start":{"line":570,"column":31},"end":{"line":570,"column":61}},"locations":[{"start":{"line":570,"column":31},"end":{"line":570,"column":61}}]},"37":{"type":"branch","line":582,"loc":{"start":{"line":582,"column":49},"end":{"line":582,"column":70}},"locations":[{"start":{"line":582,"column":49},"end":{"line":582,"column":70}}]},"38":{"type":"branch","line":583,"loc":{"start":{"line":583,"column":51},"end":{"line":583,"column":88}},"locations":[{"start":{"line":583,"column":51},"end":{"line":583,"column":88}}]},"39":{"type":"branch","line":760,"loc":{"start":{"line":760,"column":80},"end":{"line":787,"column":2}},"locations":[{"start":{"line":760,"column":80},"end":{"line":787,"column":2}}]},"40":{"type":"branch","line":764,"loc":{"start":{"line":764,"column":19},"end":{"line":766,"column":5}},"locations":[{"start":{"line":764,"column":19},"end":{"line":766,"column":5}}]},"41":{"type":"branch","line":779,"loc":{"start":{"line":779,"column":14},"end":{"line":781,"column":5}},"locations":[{"start":{"line":779,"column":14},"end":{"line":781,"column":5}}]},"42":{"type":"branch","line":784,"loc":{"start":{"line":784,"column":4},"end":{"line":786,"column":3}},"locations":[{"start":{"line":784,"column":4},"end":{"line":786,"column":3}}]},"43":{"type":"branch","line":818,"loc":{"start":{"line":818,"column":51},"end":{"line":833,"column":2}},"locations":[{"start":{"line":818,"column":51},"end":{"line":833,"column":2}}]},"44":{"type":"branch","line":824,"loc":{"start":{"line":824,"column":28},"end":{"line":826,"column":5}},"locations":[{"start":{"line":824,"column":28},"end":{"line":826,"column":5}}]},"45":{"type":"branch","line":830,"loc":{"start":{"line":830,"column":4},"end":{"line":832,"column":3}},"locations":[{"start":{"line":830,"column":4},"end":{"line":832,"column":3}}]}},"b":{"0":[1],"1":[0],"2":[3],"3":[17],"4":[1],"5":[2],"6":[0],"7":[2],"8":[2],"9":[0],"10":[2],"11":[2],"12":[1],"13":[0],"14":[1],"15":[0],"16":[2],"17":[1],"18":[0],"19":[1],"20":[0],"21":[0],"22":[1],"23":[0],"24":[0],"25":[1],"26":[0],"27":[0],"28":[1],"29":[2],"30":[0],"31":[0],"32":[1],"33":[0],"34":[0],"35":[0],"36":[1],"37":[1],"38":[1],"39":[1],"40":[0],"41":[0],"42":[0],"43":[1],"44":[0],"45":[0]},"fnMap":{"0":{"name":"fileFilter","decl":{"start":{"line":18,"column":14},"end":{"line":24,"column":4}},"loc":{"start":{"line":18,"column":14},"end":{"line":24,"column":4}},"line":18},"1":{"name":"validatePackage","decl":{"start":{"line":115,"column":24},"end":{"line":149,"column":2}},"loc":{"start":{"line":115,"column":24},"end":{"line":149,"column":2}},"line":115}},"f":{"0":1,"1":3}}
[...]
ine":17,"column":46}},"17":{"start":{"line":18,"column":0},"end":{"line":18,"column":26}},"18":{"start":{"line":19,"column":0},"end":{"line":19,"column":23}},"19":{"start":{"line":20,"column":0},"end":{"line":20,"column":7}},"20":{"start":{"line":21,"column":0},"end":{"line":21,"column":43}},"21":{"start":{"line":22,"column":0},"end":{"line":22,"column":19}},"22":{"start":{"line":23,"column":0},"end":{"line":23,"column":36}},"23":{"start":{"line":24,"column":0},"end":{"line":24,"column":57}},"24":{"start":{"line":25,"column":0},"end":{"line":25,"column":47}},"25":{"start":{"line":26,"column":0},"end":{"line":26,"column":14}},"26":{"start":{"line":27,"column":0},"end":{"line":27,"column":104}},"27":{"start":{"line":28,"column":0},"end":{"line":28,"column":9}},"28":{"start":{"line":29,"column":0},"end":{"line":29,"column":7}},"29":{"start":{"line":30,"column":0},"end":{"line":30,"column":48}},"30":{"start":{"line":31,"column":0},"end":{"line":31,"column":19}},"31":{"start":{"line":32,"column":0},"end":{"line":32,"column":36}},"32":{"start":{"line":33,"column":0},"end":{"line":33,"column":57}},"33":{"start":{"line":34,"column":0},"end":{"line":34,"column":47}},"34":{"start":{"line":35,"column":0},"end":{"line":35,"column":14}},"35":{"start":{"line":36,"column":0},"end":{"line":36,"column":104}},"36":{"start":{"line":37,"column":0},"end":{"line":37,"column":9}},"37":{"start":{"line":38,"column":0},"end":{"line":38,"column":7}},"38":{"start":{"line":39,"column":0},"end":{"line":39,"column":34}},"39":{"start":{"line":40,"column":0},"end":{"line":40,"column":51}},"40":{"start":{"line":41,"column":0},"end":{"line":41,"column":18}},"41":{"start":{"line":42,"column":0},"end":{"line":42,"column":36}},"42":{"start":{"line":43,"column":0},"end":{"line":43,"column":59}},"43":{"start":{"line":44,"column":0},"end":{"line":44,"column":67}},"44":{"start":{"line":45,"column":0},"end":{"line":45,"column":14}},"45":{"start":{"line":46,"column":0},"end":{"line":46,"column":100}},"46":{"start":{"line":47,"column":0},"end":{"line":47,"column":10}},"47":{"start":{"line":48,"column":0},"end":{"line":48,"column":35}},"48":{"start":{"line":49,"column":0},"end":{"line":49,"column":28}},"49":{"start":{"line":50,"column":0},"end":{"line":50,"column":6}},"50":{"start":{"line":51,"column":0},"end":{"line":51,"column":42}},"51":{"start":{"line":52,"column":0},"end":{"line":52,"column":19}},"52":{"start":{"line":53,"column":0},"end":{"line":53,"column":36}},"53":{"start":{"line":54,"column":0},"end":{"line":54,"column":70}},"54":{"start":{"line":55,"column":0},"end":{"line":55,"column":51}},"55":{"start":{"line":56,"column":0},"end":{"line":56,"column":14}},"56":{"start":{"line":57,"column":0},"end":{"line":57,"column":90}},"57":{"start":{"line":58,"column":0},"end":{"line":58,"column":10}},"58":{"start":{"line":59,"column":0},"end":{"line":59,"column":33}},"59":{"start":{"line":60,"column":0},"end":{"line":60,"column":28}},"60":{"start":{"line":61,"column":0},"end":{"line":61,"column":6}},"61":{"start":{"line":62,"column":0},"end":{"line":62,"column":12}},"62":{"start":{"line":63,"column":0},"end":{"line":63,"column":15}},"63":{"start":{"line":64,"column":0},"end":{"line":64,"column":23}},"64":{"start":{"line":65,"column":0},"end":{"line":65,"column":21}},"65":{"start":{"line":66,"column":0},"end":{"line":66,"column":37}},"66":{"start":{"line":67,"column":0},"end":{"line":67,"column":39}},"67":{"start":{"line":68,"column":0},"end":{"line":68,"column":14}},"68":{"start":{"line":69,"column":0},"end":{"line":69,"column":12}},"69":{"start":{"line":70,"column":0},"end":{"line":70,"column":10}},"70":{"start":{"line":71,"column":0},"end":{"line":71,"column":22}},"71":{"start":{"line":72,"column":0},"end":{"line":72,"column":23}},"72":{"start":{"line":73,"column":0},"end":{"line":73,"column":17}},"73":{"start":{"line":74,"column":0},"end":{"line":74,"column":75}},"74":{"start":{"line":75,"column":0},"end":{"line":75,"column":80}},"75":{"start":{"line":76,"column":0},"end":{"line":76,"column":12}},"76":{"start":{"line":77,"column":0},"end":{"line":77,"column":10}},"77":{"start":{"line":78,"column":0},"end":{"line":78,"column":15}},"78":{"start":{"line":79,"column":0},"end":{"line":79,"column":23}},"79":{"start":{"line":80,"column":0},"end":{"line":80,"column":21}},"80":{"start":{"line":81,"column":0},"end":{"line":81,"column":37}},"81":{"start":{"line":82,"column":0},"end":{"line":82,"column":56}},"82":{"start":{"line":83,"column":0},"end":{"line":83,"column":14}},"83":{"start":{"line":84,"column":0},"end":{"line":84,"column":58}},"84":{"start":{"line":85,"column":0},"end":{"line":85,"column":12}},"85":{"start":{"line":86,"column":0},"end":{"line":86,"column":10}},"86":{"start":{"line":87,"column":0},"end":{"line":87,"column":6}},"87":{"start":{"line":88,"column":0},"end":{"line":88,"column":3}},"88":{"start":{"line":89,"column":0},"end":{"line":89,"column":0}},"89":{"start":{"line":90,"column":0},"end":{"line":90,"column":66}}},"s":{"0":1,"1":1,"2":1,"3":1,"4":1,"5":1,"6":1,"7":1,"8":1,"9":4,"10":4,"11":1,"12":1,"13":1,"14":1,"15":1,"16":1,"17":1,"18":1,"19":1,"20":1,"21":1,"22":1,"23":4,"24":4,"25":1,"26":1,"27":1,"28":1,"29":1,"30":1,"31":1,"32":4,"33":4,"34":1,"35":1,"36":1,"37":1,"38":1,"39":1,"40":1,"41":1,"42":3,"43":3,"44":1,"45":1,"46":1,"47":1,"48":1,"49":1,"50":1,"51":1,"52":1,"53":4,"54":4,"55":1,"56":1,"57":1,"58":1,"59":1,"60":1,"61":1,"62":1,"63":1,"64":1,"65":1,"66":1,"67":1,"68":1,"69":1,"70":1,"71":1,"72":1,"73":1,"74":1,"75":1,"76":1,"77":1,"78":1,"79":1,"80":1,"81":1,"82":1,"83":1,"84":1,"85":1,"86":1,"87":1,"88":1,"89":1},"branchMap":{"0":{"type":"branch","line":9,"loc":{"start":{"line":9,"column":23},"end":{"line":12,"column":13}},"locations":[{"start":{"line":9,"column":23},"end":{"line":12,"column":13}}]},"1":{"type":"branch","line":23,"loc":{"start":{"line":23,"column":23},"end":{"line":26,"column":13}},"locations":[{"start":{"line":23,"column":23},"end":{"line":26,"column":13}}]},"2":{"type":"branch","line":32,"loc":{"start":{"line":32,"column":23},"end":{"line":35,"column":13}},"locations":[{"start":{"line":32,"column":23},"end":{"line":35,"column":13}}]},"3":{"type":"branch","line":42,"loc":{"start":{"line":42,"column":23},"end":{"line":45,"column":13}},"locations":[{"start":{"line":42,"column":23},"end":{"line":45,"column":13}}]},"4":{"type":"branch","line":49,"loc":{"start":{"line":49,"column":9},"end":{"line":49,"column":28}},"locations":[{"start":{"line":49,"column":9},"end":{"line":49,"column":28}}]},"5":{"type":"branch","line":53,"loc":{"start":{"line":53,"column":23},"end":{"line":56,"column":13}},"locations":[{"start":{"line":53,"column":23},"end":{"line":56,"column":13}}]},"6":{"type":"branch","line":60,"loc":{"start":{"line":60,"column":9},"end":{"line":60,"column":28}},"locations":[{"start":{"line":60,"column":9},"end":{"line":60,"column":28}}]},"7":{"type":"branch","line":66,"loc":{"start":{"line":66,"column":23},"end":{"line":68,"column":14}},"locations":[{"start":{"line":66,"column":23},"end":{"line":68,"column":14}}]},"8":{"type":"branch","line":81,"loc":{"start":{"line":81,"column":23},"end":{"line":83,"column":13}},"locations":[{"start":{"line":81,"column":23},"end":{"line":83,"column":13}}]}},"b":{"0":[4],"1":[4],"2":[4],"3":[3],"4":[4],"5":[4],"6":[4],"7":[1],"8":[1]},"fnMap":{"0":{"name":"validator","decl":{"start":{"line":9,"column":23},"end":{"line":12,"column":13}},"loc":{"start":{"line":9,"column":23},"end":{"line":12,"column":13}},"line":9},"1":{"name":"message","decl":{"start":{"line":13,"column":21},"end":{"line":13,"column":104}},"loc":{"start":{"line":13,"column":21},"end":{"line":13,"column":104}},"line":13},"2":{"name":"validator","decl":{"start":{"line":23,"column":23},"end":{"line":26,"column":13}},"loc":{"start":{"line":23,"column":23},"end":{"line":26,"column":13}},"line":23},"3":{"name":"message","decl":{"start":{"line":27,"column":21},"end":{"line":27,"column":104}},"loc":{"start":{"line":27,"column":21},"end":{"line":27,"column":104}},"line":27},"4":{"name":"validator","decl":{"start":{"line":32,"column":23},"end":{"line":35,"column":13}},"loc":{"start":{"line":32,"column":23},"end":{"line":35,"column":13}},"line":32},"5":{"name":"message","decl":{"start":{"line":36,"column":21},"end":{"line":36,"column":104}},"loc":{"start":{"line":36,"column":21},"end":{"line":36,"column":104}},"line":36},"6":{"name":"validator","decl":{"start":{"line":42,"column":23},"end":{"line":45,"column":13}},"loc":{"start":{"line":42,"column":23},"end":{"line":45,"column":13}},"line":42},"7":{"name":"message","decl":{"start":{"line":46,"column":17},"end":{"line":46,"column":100}},"loc":{"start":{"line":46,"column":17},"end":{"line":46,"column":100}},"line":46},"8":{"name":"get","decl":{"start":{"line":48,"column":9},"end":{"line":48,"column":34}},"loc":{"start":{"line":48,"column":9},"end":{"line":48,"column":34}},"line":48},"9":{"name":"set","decl":{"start":{"line":49,"column":9},"end":{"line":49,"column":28}},"loc":{"start":{"line":49,"column":9},"end":{"line":49,"column":28}},"line":49},"10":{"name":"validator","decl":{"start":{"line":53,"column":23},"end":{"line":56,"column":13}},"loc":{"start":{"line":53,"column":23},"end":{"line":56,"column":13}},"line":53},"11":{"name":"message","decl":{"start":{"line":57,"column":17},"end":{"line":57,"column":90}},"loc":{"start":{"line":57,"column":17},"end":{"line":57,"column":90}},"line":57},"12":{"name":"get","decl":{"start":{"line":59,"column":9},"end":{"line":59,"column":32}},"loc":{"start":{"line":59,"column":9},"end":{"line":59,"column":32}},"line":59},"13":{"name":"set","decl":{"start":{"line":60,"column":9},"end":{"line":60,"column":28}},"loc":{"start":{"line":60,"column":9},"end":{"line":60,"column":28}},"line":60},"14":{"name":"validator","decl":{"start":{"line":66,"column":23},"end":{"line":68,"column":14}},"loc":{"start":{"line":66,"column":23},"end":{"line":68,"column":14}},"line":66},"15":{"name":"validator","decl":{"start":{"line":81,"column":23},"end":{"line":83,"column":13}},"loc":{"start":{"line":81,"column":23},"end":{"line":83,"column":13}},"line":81}},"f":{"0":4,"1":0,"2":4,"3":0,"4":4,"5":0,"6":3,"7":0,"8":0,"9":4,"10":4,"11":0,"12":0,"13":4,"14":1,"15":1}}
,"C:\\Users\\TS\\OneDrive\\Desktop\\Node\\Package_tacking\\Package_detatils\\Recipient.js": {"path":"C:\\Users\\TS\\OneDrive\\Desktop\\Node\\Package_tacking\\Package_detatils\\Recipient.js","all":false,"statementMap":{"0":{"start":{"line":1,"column":0},"end":{"line":1,"column":37}},"1":{"start":{"line":2,"column":0},"end":{"line":2,"column":0}},"2":{"start":{"line":3,"column":0},"end":{"line":3,"column":45}},"3":{"start":{"line":4,"column":0},"end":{"line":4,"column":21}},"4":{"start":{"line":5,"column":0},"end":{"line":5,"column":22}},"5":{"start":{"line":6,"column":0},"end":{"line":6,"column":23}},"6":{"start":{"line":7,"column":0},"end":{"line":7,"column":19}},"7":{"start":{"line":8,"column":0},"end":{"line":8,"column":36}},"8":{"start":{"line":9,"column":0},"end":{"line":9,"column":47}},"9":{"start":{"line":10,"column":0},"end":{"line":10,"column":14}},"10":{"start":{"line":11,"column":0},"end":{"line":11,"column":104}},"11":{"start":{"line":12,"column":0},"end":{"line":12,"column":9}},"12":{"start":{"line":13,"column":0},"end":{"line":13,"column":6}},"13":{"start":{"line":14,"column":0},"end":{"line":14,"column":21}},"14":{"start":{"line":15,"column":0},"end":{"line":15,"column":21}},"15":{"start":{"line":16,"column":0},"end":{"line":16,"column":23}},"16":{"start":{"line":17,"column":0},"end":{"line":17,"column":19}},"17":{"start":{"line":18,"column":0},"end":{"line":18,"column":37}},"18":{"start":{"line":19,"column":0},"end":{"line":19,"column":45}},"19":{"start":{"line":20,"column":0},"end":{"line":20,"column":62}},"20":{"start":{"line":21,"column":0},"end":{"line":21,"column":40}},"21":{"start":{"line":22,"column":0},"end":{"line":22,"column":14}},"22":{"start":{"line":23,"column":0},"end":{"line":23,"column":78}},"23":{"start":{"line":24,"column":0},"end":{"line":24,"column":12}},"24":{"start":{"line":25,"column":0},"end":{"line":25,"column":8}},"25":{"start":{"line":26,"column":0},"end":{"line":26,"column":25}},"26":{"start":{"line":27,"column":0},"end":{"line":27,"column":21}},"27":{"start":{"line":28,"column":0},"end":{"line":28,"column":57}},"28":{"start":{"line":29,"column":0},"end":{"line":29,"column":19}},"29":{"start":{"line":30,"column":0},"end":{"line":30,"column":35}},"30":{"start":{"line":31,"column":0},"end":{"line":31,"column":62}},"31":{"start":{"line":32,"column":0},"end":{"line":32,"column":74}},"32":{"start":{"line":33,"column":0},"end":{"line":33,"column":12}},"33":{"start":{"line":34,"column":0},"end":{"line":34,"column":29}},"34":{"start":{"line":35,"column":0},"end":{"line":35,"column":87}},"35":{"start":{"line":36,"column":0},"end":{"line":36,"column":10}},"36":{"start":{"line":37,"column":0},"end":{"line":37,"column":8}},"37":{"start":{"line":38,"column":0},"end":{"line":38,"column":14}},"38":{"start":{"line":39,"column":0},"end":{"line":39,"column":22}},"39":{"start":{"line":40,"column":0},"end":{"line":40,"column":23}},"40":{"start":{"line":41,"column":0},"end":{"line":41,"column":71}},"41":{"start":{"line":42,"column":0},"end":{"line":42,"column":65}},"42":{"start":{"line":43,"column":0},"end":{"line":43,"column":19}},"43":{"start":{"line":44,"column":0},"end":{"line":44,"column":33}},"44":{"start":{"line":45,"column":0},"end":{"line":45,"column":78}},"45":{"start":{"line":46,"column":0},"end":{"line":46,"column":56}},"46":{"start":{"line":47,"column":0},"end":{"line":47,"column":40}},"47":{"start":{"line":48,"column":0},"end":{"line":48,"column":10}},"48":{"start":{"line":49,"column":0},"end":{"line":49,"column":75}},"49":{"start":{"line":50,"column":0},"end":{"line":50,"column":10}},"50":{"start":{"line":51,"column":0},"end":{"line":51,"column":6}},"51":{"start":{"line":52,"column":0},"end":{"line":52,"column":12}},"52":{"start":{"line":53,"column":0},"end":{"line":53,"column":13}},"53":{"start":{"line":54,"column":0},"end":{"line":54,"column":21}},"54":{"start":{"line":55,"column":0},"end":{"line":55,"column":19}},"55":{"start":{"line":56,"column":0},"end":{"line":56,"column":35}},"56":{"start":{"line":57,"column":0},"end":{"line":57,"column":37}},"57":{"start":{"line":58,"column":0},"end":{"line":58,"column":12}},"58":{"start":{"line":59,"column":0},"end":{"line":59,"column":10}},"59":{"start":{"line":60,"column":0},"end":{"line":60,"column":8}},"60":{"start":{"line":61,"column":0},"end":{"line":61,"column":20}},"61":{"start":{"line":62,"column":0},"end":{"line":62,"column":21}},"62":{"start":{"line":63,"column":0},"end":{"line":63,"column":15}},"63":{"start":{"line":64,"column":0},"end":{"line":64,"column":73}},"64":{"start":{"line":65,"column":0},"end":{"line":65,"column":78}},"65":{"start":{"line":66,"column":0},"end":{"line":66,"column":10}},"66":{"start":{"line":67,"column":0},"end":{"line":67,"column":8}},"67":{"start":{"line":68,"column":0},"end":{"line":68,"column":13}},"68":{"start":{"line":69,"column":0},"end":{"line":69,"column":21}},"69":{"start":{"line":70,"column":0},"end":{"line":70,"column":19}},"70":{"start":{"line":71,"column":0},"end":{"line":71,"column":35}},"71":{"start":{"line":72,"column":0},"end":{"line":72,"column":54}},"72":{"start":{"line":73,"column":0},"end":{"line":73,"column":12}},"73":{"start":{"line":74,"column":0},"end":{"line":74,"column":56}},"74":{"start":{"line":75,"column":0},"end":{"line":75,"column":10}},"75":{"start":{"line":76,"column":0},"end":{"line":76,"column":8}},"76":{"start":{"line":77,"column":0},"end":{"line":77,"column":6}},"77":{"start":{"line":78,"column":0},"end":{"line":78,"column":5}},"78":{"start":{"line":79,"column":0},"end":{"line":79,"column":0}},"79":{"start":{"line":80,"column":0},"end":{"line":80,"column":0}},"80":{"start":{"line":81,"column":0},"end":{"line":81,"column":62}}},"s":{"0":1,"1":1,"2":1,"3":1,"4":1,"5":1,"6":1,"7":1,"8":6,"9":1,"10":1,"11":1,"12":1,"13":1,"14":1,"15":1,"16":1,"17":1,"18":6,"19":6,"20":6,"21":1,"22":1,"23":1,"24":1,"25":1,"26":1,"27":1,"28":1,"29":1,"30":6,"31":6,"32":1,"33":1,"34":1,"35":1,"36":1,"37":1,"38":1,"39":1,"40":1,"41":1,"42":1,"43":1,"44":5,"45":5,"46":5,"47":1,"48":1,"49":1,"50":1,"51":1,"52":1,"53":1,"54":1,"55":1,"56":2,"57":2,"58":1,"59":1,"60":1,"61":1,"62":1,"63":1,"64":1,"65":1,"66":1,"67":1,"68":1,"69":1,"70":1,"71":2,"72":1,"73":1,"74":1,"75":1,"76":1,"77":1,"78":1,"79":1,"80":1},"branchMap":{"0":{"type":"branch","line":8,"loc":{"start":{"line":8,"column":23},"end":{"line":10,"column":13}},"locations":[{"start":{"line":8,"column":23},"end":{"line":10,"column":13}}]},"1":{"type":"branch","line":18,"loc":{"start":{"line":18,"column":23},"end":{"line":22,"column":13}},"locations":[{"start":{"line":18,"column":23},"end":{"line":22,"column":13}}]},"2":{"type":"branch","line":23,"loc":{"start":{"line":23,"column":22},"end":{"line":23,"column":78}},"locations":[{"start":{"line":23,"column":22},"end":{"line":23,"column":78}}]},"3":{"type":"branch","line":30,"loc":{"start":{"line":30,"column":21},"end":{"line":33,"column":11}},"locations":[{"start":{"line":30,"column":21},"end":{"line":33,"column":11}}]},"4":{"type":"branch","line":32,"loc":{"start":{"line":32,"column":44},"end":{"line":32,"column":73}},"locations":[{"start":{"line":32,"column":44},"end":{"line":32,"column":73}}]},"5":{"type":"branch","line":34,"loc":{"start":{"line":34,"column":20},"end":{"line":35,"column":87}},"locations":[{"start":{"line":34,"column":20},"end":{"line":35,"column":87}}]},"6":{"type":"branch","line":44,"loc":{"start":{"line":44,"column":19},"end":{"line":48,"column":9}},"locations":[{"start":{"line":44,"column":19},"end":{"line":48,"column":9}}]},"7":{"type":"branch","line":56,"loc":{"start":{"line":56,"column":21},"end":{"line":58,"column":12}},"locations":[{"start":{"line":56,"column":21},"end":{"line":58,"column":12}}]},"8":{"type":"branch","line":71,"loc":{"start":{"line":71,"column":21},"end":{"line":73,"column":11}},"locations":[{"start":{"line":71,"column":21},"end":{"line":73,"column":11}}]}},"b":{"0":[6],"1":[6],"2":[1],"3":[6],"4":[5],"5":[1],"6":[5],"7":[2],"8":[2]},"fnMap":{"0":{"name":"validator","decl":{"start":{"line":8,"column":23},"end":{"line":10,"column":13}},"loc":{"start":{"line":8,"column":23},"end":{"line":10,"column":13}},"line":8},"1":{"name":"message","decl":{"start":{"line":11,"column":21},"end":{"line":11,"column":104}},"loc":{"start":{"line":11,"column":21},"end":{"line":11,"column":104}},"line":11},"2":{"name":"validator","decl":{"start":{"line":18,"column":23},"end":{"line":22,"column":13}},"loc":{"start":{"line":18,"column":23},"end":{"line":22,"column":13}},"line":18},"3":{"name":"message","decl":{"start":{"line":23,"column":22},"end":{"line":23,"column":78}},"loc":{"start":{"line":23,"column":22},"end":{"line":23,"column":78}},"line":23},"4":{"name":"validator","decl":{"start":{"line":30,"column":21},"end":{"line":33,"column":11}},"loc":{"start":{"line":30,"column":21},"end":{"line":33,"column":11}},"line":30},"5":{"name":"message","decl":{"start":{"line":34,"column":20},"end":{"line":35,"column":87}},"loc":{"start":{"line":34,"column":20},"end":{"line":35,"column":87}},"line":34},"6":{"name":"validator","decl":{"start":{"line":44,"column":19},"end":{"line":48,"column":9}},"loc":{"start":{"line":44,"column":19},"end":{"line":48,"column":9}},"line":44},"7":{"name":"message","decl":{"start":{"line":49,"column":18},"end":{"line":49,"column":75}},"loc":{"start":{"line":49,"column":18},"end":{"line":49,"column":75}},"line":49},"8":{"name":"validator","decl":{"start":{"line":56,"column":21},"end":{"line":58,"column":12}},"loc":{"start":{"line":56,"column":21},"end":{"line":58,"column":12}},"line":56},"9":{"name":"validator","decl":{"start":{"line":71,"column":21},"end":{"line":73,"column":11}},"loc":{"start":{"line":71,"column":21},"end":{"line":73,"column":11}},"line":71}},"f":{"0":6,"1":0,"2":6,"3":1,"4":6,"5":1,"6":5,"7":0,"8":2,"9":2}}
}
